#
# There is insufficient memory for the Java Runtime Environment to continue.
# Native memory allocation (malloc) failed to allocate 897136 bytes for Chunk::new
# Possible reasons:
#   The system is out of physical RAM or swap space
#   The process is running with CompressedOops enabled, and the Java Heap may be blocking the growth of the native heap
# Possible solutions:
#   Reduce memory load on the system
#   Increase physical memory or swap space
#   Check if swap backing store is full
#   Decrease Java heap size (-Xmx/-Xms)
#   Decrease number of Java threads
#   Decrease Java thread stack sizes (-Xss)
#   Set larger code cache with -XX:ReservedCodeCacheSize=
#   JVM is running with Unscaled Compressed Oops mode in which the Java heap is
#     placed in the first 4GB address space. The Java Heap base address is the
#     maximum limit for the native heap growth. Please use -XX:HeapBaseMinAddress
#     to set the Java Heap base and to place the Java Heap above 4GB virtual address.
# This output file may be truncated or incomplete.
#
#  Out of Memory Error (arena.cpp:168), pid=116312, tid=115268
#
# JRE version: OpenJDK Runtime Environment (21.0.1+12) (build 21.0.1+12-29)
# Java VM: OpenJDK 64-Bit Server VM (21.0.1+12-29, mixed mode, sharing, tiered, compressed oops, compressed class ptrs, g1 gc, windows-amd64)
# No core dump will be written. Minidumps are not enabled by default on client versions of Windows
#

---------------  S U M M A R Y ------------

Command Line: --add-opens=java.base/java.util=ALL-UNNAMED --add-opens=java.base/java.lang=ALL-UNNAMED --add-opens=java.base/java.lang.invoke=ALL-UNNAMED --add-opens=java.prefs/java.util.prefs=ALL-UNNAMED --add-opens=java.base/java.nio.charset=ALL-UNNAMED --add-opens=java.base/java.net=ALL-UNNAMED --add-opens=java.base/java.util.concurrent.atomic=ALL-UNNAMED -XX:MaxMetaspaceSize=384m -XX:+HeapDumpOnOutOfMemoryError -Xms256m -Xmx512m -Dfile.encoding=GBK -Duser.country=CN -Duser.language=zh -Duser.variant -javaagent:C:\Users\Lenovo\.gradle\wrapper\dists\gradle-8.6-bin\afr5mpiioh2wthjmwnkmdsd5w\gradle-8.6\lib\agents\gradle-instrumentation-agent-8.6.jar org.gradle.launcher.daemon.bootstrap.GradleDaemon 8.6

Host: AMD Ryzen 5 5600U with Radeon Graphics         , 12 cores, 13G,  Windows 11 , 64 bit Build 22000 (10.0.22000.2538)
Time: Tue Aug  6 17:09:48 2024  Windows 11 , 64 bit Build 22000 (10.0.22000.2538) elapsed time: 3.159027 seconds (0d 0h 0m 3s)

---------------  T H R E A D  ---------------

Current thread (0x00000124a08a2410):  JavaThread "C2 CompilerThread1" daemon [_thread_in_native, id=115268, stack(0x000000087ef00000,0x000000087f000000) (1024K)]


Current CompileTask:
C2:   3159 2570   !   4       java.lang.ClassLoader::loadClass (121 bytes)

Stack: [0x000000087ef00000,0x000000087f000000]
Native frames: (J=compiled Java code, j=interpreted, Vv=VM code, C=native code)
V  [jvm.dll+0x6c9029]
V  [jvm.dll+0x854b81]
V  [jvm.dll+0x856e5e]
V  [jvm.dll+0x857543]
V  [jvm.dll+0x280c06]
V  [jvm.dll+0xc3ead]
V  [jvm.dll+0xc43c3]
V  [jvm.dll+0x2f3f3f]
V  [jvm.dll+0x5f40a6]
V  [jvm.dll+0x252bef]
V  [jvm.dll+0x252fbf]
V  [jvm.dll+0x24b734]
V  [jvm.dll+0x248fa3]
V  [jvm.dll+0x1c9ca1]
V  [jvm.dll+0x2586b9]
V  [jvm.dll+0x256c9a]
V  [jvm.dll+0x3ef1b6]
V  [jvm.dll+0x7fd728]
V  [jvm.dll+0x6c777d]
C  [ucrtbase.dll+0x26c0c]
C  [KERNEL32.DLL+0x153e0]
C  [ntdll.dll+0x485b]


---------------  P R O C E S S  ---------------

Threads class SMR info:
_java_thread_list=0x00000124bbf139a0, length=25, elements={
0x00000124833e31b0, 0x00000124a05364c0, 0x00000124a0537390, 0x00000124a05395d0,
0x00000124a053a3e0, 0x00000124a053e010, 0x00000124a0542380, 0x00000124a054bca0,
0x00000124a0590370, 0x00000124a04ff9b0, 0x00000124a0858190, 0x00000124a08a2410,
0x00000124bb783440, 0x00000124bb183980, 0x00000124bb90a1b0, 0x00000124bb713880,
0x00000124bb8cd460, 0x00000124bb887270, 0x00000124bb88f5a0, 0x00000124bb890780,
0x00000124bb890e10, 0x00000124bb892850, 0x00000124bb8914a0, 0x00000124bb892ee0,
0x00000124bb8921c0
}

Java Threads: ( => current thread )
  0x00000124833e31b0 JavaThread "main"                              [_thread_blocked, id=115668, stack(0x000000087dd00000,0x000000087de00000) (1024K)]
  0x00000124a05364c0 JavaThread "Reference Handler"          daemon [_thread_blocked, id=112044, stack(0x000000087e500000,0x000000087e600000) (1024K)]
  0x00000124a0537390 JavaThread "Finalizer"                  daemon [_thread_blocked, id=107660, stack(0x000000087e600000,0x000000087e700000) (1024K)]
  0x00000124a05395d0 JavaThread "Signal Dispatcher"          daemon [_thread_blocked, id=115200, stack(0x000000087e700000,0x000000087e800000) (1024K)]
  0x00000124a053a3e0 JavaThread "Attach Listener"            daemon [_thread_blocked, id=115784, stack(0x000000087e800000,0x000000087e900000) (1024K)]
  0x00000124a053e010 JavaThread "Service Thread"             daemon [_thread_blocked, id=116440, stack(0x000000087e900000,0x000000087ea00000) (1024K)]
  0x00000124a0542380 JavaThread "Monitor Deflation Thread"   daemon [_thread_blocked, id=95716, stack(0x000000087ea00000,0x000000087eb00000) (1024K)]
  0x00000124a054bca0 JavaThread "C2 CompilerThread0"         daemon [_thread_in_native, id=115796, stack(0x000000087eb00000,0x000000087ec00000) (1024K)]
  0x00000124a0590370 JavaThread "C1 CompilerThread0"         daemon [_thread_blocked, id=111068, stack(0x000000087ec00000,0x000000087ed00000) (1024K)]
  0x00000124a04ff9b0 JavaThread "Common-Cleaner"             daemon [_thread_blocked, id=110372, stack(0x000000087ed00000,0x000000087ee00000) (1024K)]
  0x00000124a0858190 JavaThread "Notification Thread"        daemon [_thread_blocked, id=115424, stack(0x000000087ee00000,0x000000087ef00000) (1024K)]
=>0x00000124a08a2410 JavaThread "C2 CompilerThread1"         daemon [_thread_in_native, id=115268, stack(0x000000087ef00000,0x000000087f000000) (1024K)]
  0x00000124bb783440 JavaThread "Daemon health stats"               [_thread_blocked, id=116000, stack(0x000000087f500000,0x000000087f600000) (1024K)]
  0x00000124bb183980 JavaThread "Incoming local TCP Connector on port 63886"        [_thread_in_native, id=114852, stack(0x000000087f600000,0x000000087f700000) (1024K)]
  0x00000124bb90a1b0 JavaThread "Daemon periodic checks"            [_thread_blocked, id=113372, stack(0x000000087f700000,0x000000087f800000) (1024K)]
  0x00000124bb713880 JavaThread "Daemon"                            [_thread_blocked, id=97948, stack(0x000000087f800000,0x000000087f900000) (1024K)]
  0x00000124bb8cd460 JavaThread "Handler for socket connection from /127.0.0.1:63886 to /127.0.0.1:63887"        [_thread_in_native, id=114312, stack(0x000000087f900000,0x000000087fa00000) (1024K)]
  0x00000124bb887270 JavaThread "Cancel handler"                    [_thread_blocked, id=111408, stack(0x000000087fa00000,0x000000087fb00000) (1024K)]
  0x00000124bb88f5a0 JavaThread "Daemon worker"                     [_thread_in_vm, id=115568, stack(0x000000087fb00000,0x000000087fc00000) (1024K)]
  0x00000124bb890780 JavaThread "Asynchronous log dispatcher for DefaultDaemonConnection: socket connection from /127.0.0.1:63886 to /127.0.0.1:63887"        [_thread_blocked, id=100816, stack(0x000000087fc00000,0x000000087fd00000) (1024K)]
  0x00000124bb890e10 JavaThread "Stdin handler"                     [_thread_blocked, id=115564, stack(0x000000087fd00000,0x000000087fe00000) (1024K)]
  0x00000124bb892850 JavaThread "Daemon client event forwarder"        [_thread_blocked, id=106332, stack(0x000000087fe00000,0x000000087ff00000) (1024K)]
  0x00000124bb8914a0 JavaThread "Cache worker for journal cache (C:\Users\Lenovo\.gradle\caches\journal-1)"        [_thread_blocked, id=109888, stack(0x000000087ff00000,0x0000000880000000) (1024K)]
  0x00000124bb892ee0 JavaThread "File lock request listener"        [_thread_in_native, id=70372, stack(0x0000000800000000,0x0000000800100000) (1024K)]
  0x00000124bb8921c0 JavaThread "Cache worker for file hash cache (C:\Users\Lenovo\.gradle\caches\8.6\fileHashes)"        [_thread_blocked, id=116412, stack(0x0000000800100000,0x0000000800200000) (1024K)]
Total: 25

Other Threads:
  0x00000124a0514550 VMThread "VM Thread"                           [id=102428, stack(0x000000087e400000,0x000000087e500000) (1024K)]
  0x00000124a04fe540 WatcherThread "VM Periodic Task Thread"        [id=116116, stack(0x000000087e300000,0x000000087e400000) (1024K)]
  0x0000012485514760 WorkerThread "GC Thread#0"                     [id=116524, stack(0x000000087de00000,0x000000087df00000) (1024K)]
  0x00000124ba31b890 WorkerThread "GC Thread#1"                     [id=108740, stack(0x000000087f000000,0x000000087f100000) (1024K)]
  0x00000124ba31bc30 WorkerThread "GC Thread#2"                     [id=114224, stack(0x000000087f100000,0x000000087f200000) (1024K)]
  0x00000124ba6b4f20 WorkerThread "GC Thread#3"                     [id=114604, stack(0x000000087f200000,0x000000087f300000) (1024K)]
  0x00000124ba6b52c0 WorkerThread "GC Thread#4"                     [id=110908, stack(0x000000087f300000,0x000000087f400000) (1024K)]
  0x00000124ba6b5e00 WorkerThread "GC Thread#5"                     [id=113952, stack(0x000000087f400000,0x000000087f500000) (1024K)]
  0x000001248551b800 ConcurrentGCThread "G1 Main Marker"            [id=86800, stack(0x000000087df00000,0x000000087e000000) (1024K)]
  0x000001248551c9a0 WorkerThread "G1 Conc#0"                       [id=116328, stack(0x000000087e000000,0x000000087e100000) (1024K)]
  0x00000124855be7b0 ConcurrentGCThread "G1 Refine#0"               [id=92936, stack(0x000000087e100000,0x000000087e200000) (1024K)]
  0x00000124a03cf390 ConcurrentGCThread "G1 Service"                [id=103376, stack(0x000000087e200000,0x000000087e300000) (1024K)]
Total: 12

Threads with active compile tasks:
C2 CompilerThread0     3210 2609       4       java.lang.invoke.MethodType::makeImpl (109 bytes)
C2 CompilerThread1     3210 2570   !   4       java.lang.ClassLoader::loadClass (121 bytes)
Total: 2

VM state: not at safepoint (normal execution)

VM Mutex/Monitor currently owned by a thread: None

Heap address: 0x00000000e0000000, size: 512 MB, Compressed Oops mode: 32-bit

CDS archive(s) mapped at: [0x00000124a1000000-0x00000124a1c90000-0x00000124a1c90000), size 13172736, SharedBaseAddress: 0x00000124a1000000, ArchiveRelocationMode: 1.
Compressed class space mapped at: 0x00000124a2000000-0x00000124b6000000, reserved size: 335544320
Narrow klass base: 0x00000124a1000000, Narrow klass shift: 0, Narrow klass range: 0x100000000

GC Precious Log:
 CardTable entry size: 512
 Card Set container configuration: InlinePtr #cards 5 size 8 Array Of Cards #cards 12 size 40 Howl #buckets 4 coarsen threshold 1843 Howl Bitmap #cards 512 size 80 coarsen threshold 460 Card regions per heap region 1 cards per card region 2048
 CPUs: 12 total, 12 available
 Memory: 14188M
 Large Page Support: Disabled
 NUMA Support: Disabled
 Compressed Oops: Enabled (32-bit)
 Heap Region Size: 1M
 Heap Min Capacity: 256M
 Heap Initial Capacity: 256M
 Heap Max Capacity: 512M
 Pre-touch: Disabled
 Parallel Workers: 10
 Concurrent Workers: 3
 Concurrent Refinement Workers: 10
 Periodic GC: Disabled

Heap:
 garbage-first heap   total 262144K, used 84119K [0x00000000e0000000, 0x0000000100000000)
  region size 1024K, 73 young (74752K), 1 survivors (1024K)
 Metaspace       used 16378K, committed 16896K, reserved 393216K
  class space    used 2281K, committed 2496K, reserved 327680K

Heap Regions: E=young(eden), S=young(survivor), O=old, HS=humongous(starts), HC=humongous(continues), CS=collection set, F=free, TAMS=top-at-mark-start, PB=parsable bottom
|   0|0x00000000e0000000, 0x00000000e0100000, 0x00000000e0100000|100%|HS|  |TAMS 0x00000000e0000000| PB 0x00000000e0000000| Complete
|   1|0x00000000e0100000, 0x00000000e0200000, 0x00000000e0200000|100%|HC|  |TAMS 0x00000000e0100000| PB 0x00000000e0100000| Complete
|   2|0x00000000e0200000, 0x00000000e0300000, 0x00000000e0300000|100%|HC|  |TAMS 0x00000000e0200000| PB 0x00000000e0200000| Complete
|   3|0x00000000e0300000, 0x00000000e0400000, 0x00000000e0400000|100%|HC|  |TAMS 0x00000000e0300000| PB 0x00000000e0300000| Complete
|   4|0x00000000e0400000, 0x00000000e0500000, 0x00000000e0500000|100%| O|  |TAMS 0x00000000e0400000| PB 0x00000000e0400000| Untracked
|   5|0x00000000e0500000, 0x00000000e0600000, 0x00000000e0600000|100%| O|  |TAMS 0x00000000e0500000| PB 0x00000000e0500000| Untracked
|   6|0x00000000e0600000, 0x00000000e0700000, 0x00000000e0700000|100%| O|  |TAMS 0x00000000e0600000| PB 0x00000000e0600000| Untracked
|   7|0x00000000e0700000, 0x00000000e0800000, 0x00000000e0800000|100%| O|  |TAMS 0x00000000e0700000| PB 0x00000000e0700000| Untracked
|   8|0x00000000e0800000, 0x00000000e0900000, 0x00000000e0900000|100%| O|  |TAMS 0x00000000e0800000| PB 0x00000000e0800000| Untracked
|   9|0x00000000e0900000, 0x00000000e0a00000, 0x00000000e0a00000|100%| O|  |TAMS 0x00000000e0900000| PB 0x00000000e0900000| Untracked
|  10|0x00000000e0a00000, 0x00000000e0a50e60, 0x00000000e0b00000| 31%| O|  |TAMS 0x00000000e0a00000| PB 0x00000000e0a00000| Untracked
|  11|0x00000000e0b00000, 0x00000000e0c00000, 0x00000000e0c00000|100%|HS|  |TAMS 0x00000000e0b00000| PB 0x00000000e0b00000| Complete
|  12|0x00000000e0c00000, 0x00000000e0c00000, 0x00000000e0d00000|  0%| F|  |TAMS 0x00000000e0c00000| PB 0x00000000e0c00000| Untracked
|  13|0x00000000e0d00000, 0x00000000e0d00000, 0x00000000e0e00000|  0%| F|  |TAMS 0x00000000e0d00000| PB 0x00000000e0d00000| Untracked
|  14|0x00000000e0e00000, 0x00000000e0e00000, 0x00000000e0f00000|  0%| F|  |TAMS 0x00000000e0e00000| PB 0x00000000e0e00000| Untracked
|  15|0x00000000e0f00000, 0x00000000e0f00000, 0x00000000e1000000|  0%| F|  |TAMS 0x00000000e0f00000| PB 0x00000000e0f00000| Untracked
|  16|0x00000000e1000000, 0x00000000e1000000, 0x00000000e1100000|  0%| F|  |TAMS 0x00000000e1000000| PB 0x00000000e1000000| Untracked
|  17|0x00000000e1100000, 0x00000000e1100000, 0x00000000e1200000|  0%| F|  |TAMS 0x00000000e1100000| PB 0x00000000e1100000| Untracked
|  18|0x00000000e1200000, 0x00000000e1200000, 0x00000000e1300000|  0%| F|  |TAMS 0x00000000e1200000| PB 0x00000000e1200000| Untracked
|  19|0x00000000e1300000, 0x00000000e1300000, 0x00000000e1400000|  0%| F|  |TAMS 0x00000000e1300000| PB 0x00000000e1300000| Untracked
|  20|0x00000000e1400000, 0x00000000e1400000, 0x00000000e1500000|  0%| F|  |TAMS 0x00000000e1400000| PB 0x00000000e1400000| Untracked
|  21|0x00000000e1500000, 0x00000000e1500000, 0x00000000e1600000|  0%| F|  |TAMS 0x00000000e1500000| PB 0x00000000e1500000| Untracked
|  22|0x00000000e1600000, 0x00000000e1600000, 0x00000000e1700000|  0%| F|  |TAMS 0x00000000e1600000| PB 0x00000000e1600000| Untracked
|  23|0x00000000e1700000, 0x00000000e1700000, 0x00000000e1800000|  0%| F|  |TAMS 0x00000000e1700000| PB 0x00000000e1700000| Untracked
|  24|0x00000000e1800000, 0x00000000e1800000, 0x00000000e1900000|  0%| F|  |TAMS 0x00000000e1800000| PB 0x00000000e1800000| Untracked
|  25|0x00000000e1900000, 0x00000000e1900000, 0x00000000e1a00000|  0%| F|  |TAMS 0x00000000e1900000| PB 0x00000000e1900000| Untracked
|  26|0x00000000e1a00000, 0x00000000e1a00000, 0x00000000e1b00000|  0%| F|  |TAMS 0x00000000e1a00000| PB 0x00000000e1a00000| Untracked
|  27|0x00000000e1b00000, 0x00000000e1b00000, 0x00000000e1c00000|  0%| F|  |TAMS 0x00000000e1b00000| PB 0x00000000e1b00000| Untracked
|  28|0x00000000e1c00000, 0x00000000e1c00000, 0x00000000e1d00000|  0%| F|  |TAMS 0x00000000e1c00000| PB 0x00000000e1c00000| Untracked
|  29|0x00000000e1d00000, 0x00000000e1d00000, 0x00000000e1e00000|  0%| F|  |TAMS 0x00000000e1d00000| PB 0x00000000e1d00000| Untracked
|  30|0x00000000e1e00000, 0x00000000e1e00000, 0x00000000e1f00000|  0%| F|  |TAMS 0x00000000e1e00000| PB 0x00000000e1e00000| Untracked
|  31|0x00000000e1f00000, 0x00000000e1f00000, 0x00000000e2000000|  0%| F|  |TAMS 0x00000000e1f00000| PB 0x00000000e1f00000| Untracked
|  32|0x00000000e2000000, 0x00000000e2000000, 0x00000000e2100000|  0%| F|  |TAMS 0x00000000e2000000| PB 0x00000000e2000000| Untracked
|  33|0x00000000e2100000, 0x00000000e2100000, 0x00000000e2200000|  0%| F|  |TAMS 0x00000000e2100000| PB 0x00000000e2100000| Untracked
|  34|0x00000000e2200000, 0x00000000e2200000, 0x00000000e2300000|  0%| F|  |TAMS 0x00000000e2200000| PB 0x00000000e2200000| Untracked
|  35|0x00000000e2300000, 0x00000000e2300000, 0x00000000e2400000|  0%| F|  |TAMS 0x00000000e2300000| PB 0x00000000e2300000| Untracked
|  36|0x00000000e2400000, 0x00000000e2400000, 0x00000000e2500000|  0%| F|  |TAMS 0x00000000e2400000| PB 0x00000000e2400000| Untracked
|  37|0x00000000e2500000, 0x00000000e2500000, 0x00000000e2600000|  0%| F|  |TAMS 0x00000000e2500000| PB 0x00000000e2500000| Untracked
|  38|0x00000000e2600000, 0x00000000e2600000, 0x00000000e2700000|  0%| F|  |TAMS 0x00000000e2600000| PB 0x00000000e2600000| Untracked
|  39|0x00000000e2700000, 0x00000000e2700000, 0x00000000e2800000|  0%| F|  |TAMS 0x00000000e2700000| PB 0x00000000e2700000| Untracked
|  40|0x00000000e2800000, 0x00000000e2800000, 0x00000000e2900000|  0%| F|  |TAMS 0x00000000e2800000| PB 0x00000000e2800000| Untracked
|  41|0x00000000e2900000, 0x00000000e2900000, 0x00000000e2a00000|  0%| F|  |TAMS 0x00000000e2900000| PB 0x00000000e2900000| Untracked
|  42|0x00000000e2a00000, 0x00000000e2a00000, 0x00000000e2b00000|  0%| F|  |TAMS 0x00000000e2a00000| PB 0x00000000e2a00000| Untracked
|  43|0x00000000e2b00000, 0x00000000e2b00000, 0x00000000e2c00000|  0%| F|  |TAMS 0x00000000e2b00000| PB 0x00000000e2b00000| Untracked
|  44|0x00000000e2c00000, 0x00000000e2c00000, 0x00000000e2d00000|  0%| F|  |TAMS 0x00000000e2c00000| PB 0x00000000e2c00000| Untracked
|  45|0x00000000e2d00000, 0x00000000e2d00000, 0x00000000e2e00000|  0%| F|  |TAMS 0x00000000e2d00000| PB 0x00000000e2d00000| Untracked
|  46|0x00000000e2e00000, 0x00000000e2e00000, 0x00000000e2f00000|  0%| F|  |TAMS 0x00000000e2e00000| PB 0x00000000e2e00000| Untracked
|  47|0x00000000e2f00000, 0x00000000e2f00000, 0x00000000e3000000|  0%| F|  |TAMS 0x00000000e2f00000| PB 0x00000000e2f00000| Untracked
|  48|0x00000000e3000000, 0x00000000e3000000, 0x00000000e3100000|  0%| F|  |TAMS 0x00000000e3000000| PB 0x00000000e3000000| Untracked
|  49|0x00000000e3100000, 0x00000000e3100000, 0x00000000e3200000|  0%| F|  |TAMS 0x00000000e3100000| PB 0x00000000e3100000| Untracked
|  50|0x00000000e3200000, 0x00000000e3200000, 0x00000000e3300000|  0%| F|  |TAMS 0x00000000e3200000| PB 0x00000000e3200000| Untracked
|  51|0x00000000e3300000, 0x00000000e3300000, 0x00000000e3400000|  0%| F|  |TAMS 0x00000000e3300000| PB 0x00000000e3300000| Untracked
|  52|0x00000000e3400000, 0x00000000e3400000, 0x00000000e3500000|  0%| F|  |TAMS 0x00000000e3400000| PB 0x00000000e3400000| Untracked
|  53|0x00000000e3500000, 0x00000000e3500000, 0x00000000e3600000|  0%| F|  |TAMS 0x00000000e3500000| PB 0x00000000e3500000| Untracked
|  54|0x00000000e3600000, 0x00000000e3600000, 0x00000000e3700000|  0%| F|  |TAMS 0x00000000e3600000| PB 0x00000000e3600000| Untracked
|  55|0x00000000e3700000, 0x00000000e3700000, 0x00000000e3800000|  0%| F|  |TAMS 0x00000000e3700000| PB 0x00000000e3700000| Untracked
|  56|0x00000000e3800000, 0x00000000e3800000, 0x00000000e3900000|  0%| F|  |TAMS 0x00000000e3800000| PB 0x00000000e3800000| Untracked
|  57|0x00000000e3900000, 0x00000000e3900000, 0x00000000e3a00000|  0%| F|  |TAMS 0x00000000e3900000| PB 0x00000000e3900000| Untracked
|  58|0x00000000e3a00000, 0x00000000e3a00000, 0x00000000e3b00000|  0%| F|  |TAMS 0x00000000e3a00000| PB 0x00000000e3a00000| Untracked
|  59|0x00000000e3b00000, 0x00000000e3b00000, 0x00000000e3c00000|  0%| F|  |TAMS 0x00000000e3b00000| PB 0x00000000e3b00000| Untracked
|  60|0x00000000e3c00000, 0x00000000e3c00000, 0x00000000e3d00000|  0%| F|  |TAMS 0x00000000e3c00000| PB 0x00000000e3c00000| Untracked
|  61|0x00000000e3d00000, 0x00000000e3d00000, 0x00000000e3e00000|  0%| F|  |TAMS 0x00000000e3d00000| PB 0x00000000e3d00000| Untracked
|  62|0x00000000e3e00000, 0x00000000e3e00000, 0x00000000e3f00000|  0%| F|  |TAMS 0x00000000e3e00000| PB 0x00000000e3e00000| Untracked
|  63|0x00000000e3f00000, 0x00000000e3f00000, 0x00000000e4000000|  0%| F|  |TAMS 0x00000000e3f00000| PB 0x00000000e3f00000| Untracked
|  64|0x00000000e4000000, 0x00000000e4000000, 0x00000000e4100000|  0%| F|  |TAMS 0x00000000e4000000| PB 0x00000000e4000000| Untracked
|  65|0x00000000e4100000, 0x00000000e4100000, 0x00000000e4200000|  0%| F|  |TAMS 0x00000000e4100000| PB 0x00000000e4100000| Untracked
|  66|0x00000000e4200000, 0x00000000e4200000, 0x00000000e4300000|  0%| F|  |TAMS 0x00000000e4200000| PB 0x00000000e4200000| Untracked
|  67|0x00000000e4300000, 0x00000000e4300000, 0x00000000e4400000|  0%| F|  |TAMS 0x00000000e4300000| PB 0x00000000e4300000| Untracked
|  68|0x00000000e4400000, 0x00000000e4400000, 0x00000000e4500000|  0%| F|  |TAMS 0x00000000e4400000| PB 0x00000000e4400000| Untracked
|  69|0x00000000e4500000, 0x00000000e4500000, 0x00000000e4600000|  0%| F|  |TAMS 0x00000000e4500000| PB 0x00000000e4500000| Untracked
|  70|0x00000000e4600000, 0x00000000e4600000, 0x00000000e4700000|  0%| F|  |TAMS 0x00000000e4600000| PB 0x00000000e4600000| Untracked
|  71|0x00000000e4700000, 0x00000000e4700000, 0x00000000e4800000|  0%| F|  |TAMS 0x00000000e4700000| PB 0x00000000e4700000| Untracked
|  72|0x00000000e4800000, 0x00000000e4800000, 0x00000000e4900000|  0%| F|  |TAMS 0x00000000e4800000| PB 0x00000000e4800000| Untracked
|  73|0x00000000e4900000, 0x00000000e4900000, 0x00000000e4a00000|  0%| F|  |TAMS 0x00000000e4900000| PB 0x00000000e4900000| Untracked
|  74|0x00000000e4a00000, 0x00000000e4a00000, 0x00000000e4b00000|  0%| F|  |TAMS 0x00000000e4a00000| PB 0x00000000e4a00000| Untracked
|  75|0x00000000e4b00000, 0x00000000e4b00000, 0x00000000e4c00000|  0%| F|  |TAMS 0x00000000e4b00000| PB 0x00000000e4b00000| Untracked
|  76|0x00000000e4c00000, 0x00000000e4c00000, 0x00000000e4d00000|  0%| F|  |TAMS 0x00000000e4c00000| PB 0x00000000e4c00000| Untracked
|  77|0x00000000e4d00000, 0x00000000e4d00000, 0x00000000e4e00000|  0%| F|  |TAMS 0x00000000e4d00000| PB 0x00000000e4d00000| Untracked
|  78|0x00000000e4e00000, 0x00000000e4e00000, 0x00000000e4f00000|  0%| F|  |TAMS 0x00000000e4e00000| PB 0x00000000e4e00000| Untracked
|  79|0x00000000e4f00000, 0x00000000e4f00000, 0x00000000e5000000|  0%| F|  |TAMS 0x00000000e4f00000| PB 0x00000000e4f00000| Untracked
|  80|0x00000000e5000000, 0x00000000e5000000, 0x00000000e5100000|  0%| F|  |TAMS 0x00000000e5000000| PB 0x00000000e5000000| Untracked
|  81|0x00000000e5100000, 0x00000000e5100000, 0x00000000e5200000|  0%| F|  |TAMS 0x00000000e5100000| PB 0x00000000e5100000| Untracked
|  82|0x00000000e5200000, 0x00000000e5200000, 0x00000000e5300000|  0%| F|  |TAMS 0x00000000e5200000| PB 0x00000000e5200000| Untracked
|  83|0x00000000e5300000, 0x00000000e5300000, 0x00000000e5400000|  0%| F|  |TAMS 0x00000000e5300000| PB 0x00000000e5300000| Untracked
|  84|0x00000000e5400000, 0x00000000e5400000, 0x00000000e5500000|  0%| F|  |TAMS 0x00000000e5400000| PB 0x00000000e5400000| Untracked
|  85|0x00000000e5500000, 0x00000000e5500000, 0x00000000e5600000|  0%| F|  |TAMS 0x00000000e5500000| PB 0x00000000e5500000| Untracked
|  86|0x00000000e5600000, 0x00000000e5600000, 0x00000000e5700000|  0%| F|  |TAMS 0x00000000e5600000| PB 0x00000000e5600000| Untracked
|  87|0x00000000e5700000, 0x00000000e5700000, 0x00000000e5800000|  0%| F|  |TAMS 0x00000000e5700000| PB 0x00000000e5700000| Untracked
|  88|0x00000000e5800000, 0x00000000e5800000, 0x00000000e5900000|  0%| F|  |TAMS 0x00000000e5800000| PB 0x00000000e5800000| Untracked
|  89|0x00000000e5900000, 0x00000000e5900000, 0x00000000e5a00000|  0%| F|  |TAMS 0x00000000e5900000| PB 0x00000000e5900000| Untracked
|  90|0x00000000e5a00000, 0x00000000e5a00000, 0x00000000e5b00000|  0%| F|  |TAMS 0x00000000e5a00000| PB 0x00000000e5a00000| Untracked
|  91|0x00000000e5b00000, 0x00000000e5b00000, 0x00000000e5c00000|  0%| F|  |TAMS 0x00000000e5b00000| PB 0x00000000e5b00000| Untracked
|  92|0x00000000e5c00000, 0x00000000e5c00000, 0x00000000e5d00000|  0%| F|  |TAMS 0x00000000e5c00000| PB 0x00000000e5c00000| Untracked
|  93|0x00000000e5d00000, 0x00000000e5d00000, 0x00000000e5e00000|  0%| F|  |TAMS 0x00000000e5d00000| PB 0x00000000e5d00000| Untracked
|  94|0x00000000e5e00000, 0x00000000e5e00000, 0x00000000e5f00000|  0%| F|  |TAMS 0x00000000e5e00000| PB 0x00000000e5e00000| Untracked
|  95|0x00000000e5f00000, 0x00000000e5f00000, 0x00000000e6000000|  0%| F|  |TAMS 0x00000000e5f00000| PB 0x00000000e5f00000| Untracked
|  96|0x00000000e6000000, 0x00000000e6000000, 0x00000000e6100000|  0%| F|  |TAMS 0x00000000e6000000| PB 0x00000000e6000000| Untracked
|  97|0x00000000e6100000, 0x00000000e6100000, 0x00000000e6200000|  0%| F|  |TAMS 0x00000000e6100000| PB 0x00000000e6100000| Untracked
|  98|0x00000000e6200000, 0x00000000e6200000, 0x00000000e6300000|  0%| F|  |TAMS 0x00000000e6200000| PB 0x00000000e6200000| Untracked
|  99|0x00000000e6300000, 0x00000000e6300000, 0x00000000e6400000|  0%| F|  |TAMS 0x00000000e6300000| PB 0x00000000e6300000| Untracked
| 100|0x00000000e6400000, 0x00000000e6400000, 0x00000000e6500000|  0%| F|  |TAMS 0x00000000e6400000| PB 0x00000000e6400000| Untracked
| 101|0x00000000e6500000, 0x00000000e6500000, 0x00000000e6600000|  0%| F|  |TAMS 0x00000000e6500000| PB 0x00000000e6500000| Untracked
| 102|0x00000000e6600000, 0x00000000e6600000, 0x00000000e6700000|  0%| F|  |TAMS 0x00000000e6600000| PB 0x00000000e6600000| Untracked
| 103|0x00000000e6700000, 0x00000000e6700000, 0x00000000e6800000|  0%| F|  |TAMS 0x00000000e6700000| PB 0x00000000e6700000| Untracked
| 104|0x00000000e6800000, 0x00000000e6800000, 0x00000000e6900000|  0%| F|  |TAMS 0x00000000e6800000| PB 0x00000000e6800000| Untracked
| 105|0x00000000e6900000, 0x00000000e6900000, 0x00000000e6a00000|  0%| F|  |TAMS 0x00000000e6900000| PB 0x00000000e6900000| Untracked
| 106|0x00000000e6a00000, 0x00000000e6a00000, 0x00000000e6b00000|  0%| F|  |TAMS 0x00000000e6a00000| PB 0x00000000e6a00000| Untracked
| 107|0x00000000e6b00000, 0x00000000e6b00000, 0x00000000e6c00000|  0%| F|  |TAMS 0x00000000e6b00000| PB 0x00000000e6b00000| Untracked
| 108|0x00000000e6c00000, 0x00000000e6c00000, 0x00000000e6d00000|  0%| F|  |TAMS 0x00000000e6c00000| PB 0x00000000e6c00000| Untracked
| 109|0x00000000e6d00000, 0x00000000e6d00000, 0x00000000e6e00000|  0%| F|  |TAMS 0x00000000e6d00000| PB 0x00000000e6d00000| Untracked
| 110|0x00000000e6e00000, 0x00000000e6e00000, 0x00000000e6f00000|  0%| F|  |TAMS 0x00000000e6e00000| PB 0x00000000e6e00000| Untracked
| 111|0x00000000e6f00000, 0x00000000e6f00000, 0x00000000e7000000|  0%| F|  |TAMS 0x00000000e6f00000| PB 0x00000000e6f00000| Untracked
| 112|0x00000000e7000000, 0x00000000e7000000, 0x00000000e7100000|  0%| F|  |TAMS 0x00000000e7000000| PB 0x00000000e7000000| Untracked
| 113|0x00000000e7100000, 0x00000000e7100000, 0x00000000e7200000|  0%| F|  |TAMS 0x00000000e7100000| PB 0x00000000e7100000| Untracked
| 114|0x00000000e7200000, 0x00000000e7200000, 0x00000000e7300000|  0%| F|  |TAMS 0x00000000e7200000| PB 0x00000000e7200000| Untracked
| 115|0x00000000e7300000, 0x00000000e7300000, 0x00000000e7400000|  0%| F|  |TAMS 0x00000000e7300000| PB 0x00000000e7300000| Untracked
| 116|0x00000000e7400000, 0x00000000e7400000, 0x00000000e7500000|  0%| F|  |TAMS 0x00000000e7400000| PB 0x00000000e7400000| Untracked
| 117|0x00000000e7500000, 0x00000000e7500000, 0x00000000e7600000|  0%| F|  |TAMS 0x00000000e7500000| PB 0x00000000e7500000| Untracked
| 118|0x00000000e7600000, 0x00000000e7600000, 0x00000000e7700000|  0%| F|  |TAMS 0x00000000e7600000| PB 0x00000000e7600000| Untracked
| 119|0x00000000e7700000, 0x00000000e7700000, 0x00000000e7800000|  0%| F|  |TAMS 0x00000000e7700000| PB 0x00000000e7700000| Untracked
| 120|0x00000000e7800000, 0x00000000e7800000, 0x00000000e7900000|  0%| F|  |TAMS 0x00000000e7800000| PB 0x00000000e7800000| Untracked
| 121|0x00000000e7900000, 0x00000000e7900000, 0x00000000e7a00000|  0%| F|  |TAMS 0x00000000e7900000| PB 0x00000000e7900000| Untracked
| 122|0x00000000e7a00000, 0x00000000e7a00000, 0x00000000e7b00000|  0%| F|  |TAMS 0x00000000e7a00000| PB 0x00000000e7a00000| Untracked
| 123|0x00000000e7b00000, 0x00000000e7b00000, 0x00000000e7c00000|  0%| F|  |TAMS 0x00000000e7b00000| PB 0x00000000e7b00000| Untracked
| 124|0x00000000e7c00000, 0x00000000e7c00000, 0x00000000e7d00000|  0%| F|  |TAMS 0x00000000e7c00000| PB 0x00000000e7c00000| Untracked
| 125|0x00000000e7d00000, 0x00000000e7d00000, 0x00000000e7e00000|  0%| F|  |TAMS 0x00000000e7d00000| PB 0x00000000e7d00000| Untracked
| 126|0x00000000e7e00000, 0x00000000e7e00000, 0x00000000e7f00000|  0%| F|  |TAMS 0x00000000e7e00000| PB 0x00000000e7e00000| Untracked
| 127|0x00000000e7f00000, 0x00000000e7f00000, 0x00000000e8000000|  0%| F|  |TAMS 0x00000000e7f00000| PB 0x00000000e7f00000| Untracked
| 128|0x00000000e8000000, 0x00000000e8000000, 0x00000000e8100000|  0%| F|  |TAMS 0x00000000e8000000| PB 0x00000000e8000000| Untracked
| 129|0x00000000e8100000, 0x00000000e8100000, 0x00000000e8200000|  0%| F|  |TAMS 0x00000000e8100000| PB 0x00000000e8100000| Untracked
| 130|0x00000000e8200000, 0x00000000e8200000, 0x00000000e8300000|  0%| F|  |TAMS 0x00000000e8200000| PB 0x00000000e8200000| Untracked
| 131|0x00000000e8300000, 0x00000000e8300000, 0x00000000e8400000|  0%| F|  |TAMS 0x00000000e8300000| PB 0x00000000e8300000| Untracked
| 132|0x00000000e8400000, 0x00000000e8400000, 0x00000000e8500000|  0%| F|  |TAMS 0x00000000e8400000| PB 0x00000000e8400000| Untracked
| 133|0x00000000e8500000, 0x00000000e8500000, 0x00000000e8600000|  0%| F|  |TAMS 0x00000000e8500000| PB 0x00000000e8500000| Untracked
| 134|0x00000000e8600000, 0x00000000e8600000, 0x00000000e8700000|  0%| F|  |TAMS 0x00000000e8600000| PB 0x00000000e8600000| Untracked
| 135|0x00000000e8700000, 0x00000000e8700000, 0x00000000e8800000|  0%| F|  |TAMS 0x00000000e8700000| PB 0x00000000e8700000| Untracked
| 136|0x00000000e8800000, 0x00000000e8800000, 0x00000000e8900000|  0%| F|  |TAMS 0x00000000e8800000| PB 0x00000000e8800000| Untracked
| 137|0x00000000e8900000, 0x00000000e8900000, 0x00000000e8a00000|  0%| F|  |TAMS 0x00000000e8900000| PB 0x00000000e8900000| Untracked
| 138|0x00000000e8a00000, 0x00000000e8a00000, 0x00000000e8b00000|  0%| F|  |TAMS 0x00000000e8a00000| PB 0x00000000e8a00000| Untracked
| 139|0x00000000e8b00000, 0x00000000e8b00000, 0x00000000e8c00000|  0%| F|  |TAMS 0x00000000e8b00000| PB 0x00000000e8b00000| Untracked
| 140|0x00000000e8c00000, 0x00000000e8c00000, 0x00000000e8d00000|  0%| F|  |TAMS 0x00000000e8c00000| PB 0x00000000e8c00000| Untracked
| 141|0x00000000e8d00000, 0x00000000e8d00000, 0x00000000e8e00000|  0%| F|  |TAMS 0x00000000e8d00000| PB 0x00000000e8d00000| Untracked
| 142|0x00000000e8e00000, 0x00000000e8e00000, 0x00000000e8f00000|  0%| F|  |TAMS 0x00000000e8e00000| PB 0x00000000e8e00000| Untracked
| 143|0x00000000e8f00000, 0x00000000e8f00000, 0x00000000e9000000|  0%| F|  |TAMS 0x00000000e8f00000| PB 0x00000000e8f00000| Untracked
| 144|0x00000000e9000000, 0x00000000e9000000, 0x00000000e9100000|  0%| F|  |TAMS 0x00000000e9000000| PB 0x00000000e9000000| Untracked
| 145|0x00000000e9100000, 0x00000000e9100000, 0x00000000e9200000|  0%| F|  |TAMS 0x00000000e9100000| PB 0x00000000e9100000| Untracked
| 146|0x00000000e9200000, 0x00000000e9200000, 0x00000000e9300000|  0%| F|  |TAMS 0x00000000e9200000| PB 0x00000000e9200000| Untracked
| 147|0x00000000e9300000, 0x00000000e9300000, 0x00000000e9400000|  0%| F|  |TAMS 0x00000000e9300000| PB 0x00000000e9300000| Untracked
| 148|0x00000000e9400000, 0x00000000e9400000, 0x00000000e9500000|  0%| F|  |TAMS 0x00000000e9400000| PB 0x00000000e9400000| Untracked
| 149|0x00000000e9500000, 0x00000000e9500000, 0x00000000e9600000|  0%| F|  |TAMS 0x00000000e9500000| PB 0x00000000e9500000| Untracked
| 150|0x00000000e9600000, 0x00000000e9600000, 0x00000000e9700000|  0%| F|  |TAMS 0x00000000e9600000| PB 0x00000000e9600000| Untracked
| 151|0x00000000e9700000, 0x00000000e9700000, 0x00000000e9800000|  0%| F|  |TAMS 0x00000000e9700000| PB 0x00000000e9700000| Untracked
| 152|0x00000000e9800000, 0x00000000e9800000, 0x00000000e9900000|  0%| F|  |TAMS 0x00000000e9800000| PB 0x00000000e9800000| Untracked
| 153|0x00000000e9900000, 0x00000000e9900000, 0x00000000e9a00000|  0%| F|  |TAMS 0x00000000e9900000| PB 0x00000000e9900000| Untracked
| 154|0x00000000e9a00000, 0x00000000e9a00000, 0x00000000e9b00000|  0%| F|  |TAMS 0x00000000e9a00000| PB 0x00000000e9a00000| Untracked
| 155|0x00000000e9b00000, 0x00000000e9b00000, 0x00000000e9c00000|  0%| F|  |TAMS 0x00000000e9b00000| PB 0x00000000e9b00000| Untracked
| 156|0x00000000e9c00000, 0x00000000e9c00000, 0x00000000e9d00000|  0%| F|  |TAMS 0x00000000e9c00000| PB 0x00000000e9c00000| Untracked
| 157|0x00000000e9d00000, 0x00000000e9d00000, 0x00000000e9e00000|  0%| F|  |TAMS 0x00000000e9d00000| PB 0x00000000e9d00000| Untracked
| 158|0x00000000e9e00000, 0x00000000e9e00000, 0x00000000e9f00000|  0%| F|  |TAMS 0x00000000e9e00000| PB 0x00000000e9e00000| Untracked
| 159|0x00000000e9f00000, 0x00000000e9f00000, 0x00000000ea000000|  0%| F|  |TAMS 0x00000000e9f00000| PB 0x00000000e9f00000| Untracked
| 160|0x00000000ea000000, 0x00000000ea000000, 0x00000000ea100000|  0%| F|  |TAMS 0x00000000ea000000| PB 0x00000000ea000000| Untracked
| 161|0x00000000ea100000, 0x00000000ea100000, 0x00000000ea200000|  0%| F|  |TAMS 0x00000000ea100000| PB 0x00000000ea100000| Untracked
| 162|0x00000000ea200000, 0x00000000ea200000, 0x00000000ea300000|  0%| F|  |TAMS 0x00000000ea200000| PB 0x00000000ea200000| Untracked
| 163|0x00000000ea300000, 0x00000000ea300000, 0x00000000ea400000|  0%| F|  |TAMS 0x00000000ea300000| PB 0x00000000ea300000| Untracked
| 164|0x00000000ea400000, 0x00000000ea400000, 0x00000000ea500000|  0%| F|  |TAMS 0x00000000ea400000| PB 0x00000000ea400000| Untracked
| 165|0x00000000ea500000, 0x00000000ea500000, 0x00000000ea600000|  0%| F|  |TAMS 0x00000000ea500000| PB 0x00000000ea500000| Untracked
| 166|0x00000000ea600000, 0x00000000ea600000, 0x00000000ea700000|  0%| F|  |TAMS 0x00000000ea600000| PB 0x00000000ea600000| Untracked
| 167|0x00000000ea700000, 0x00000000ea700000, 0x00000000ea800000|  0%| F|  |TAMS 0x00000000ea700000| PB 0x00000000ea700000| Untracked
| 168|0x00000000ea800000, 0x00000000ea800000, 0x00000000ea900000|  0%| F|  |TAMS 0x00000000ea800000| PB 0x00000000ea800000| Untracked
| 169|0x00000000ea900000, 0x00000000ea900000, 0x00000000eaa00000|  0%| F|  |TAMS 0x00000000ea900000| PB 0x00000000ea900000| Untracked
| 170|0x00000000eaa00000, 0x00000000eaa00000, 0x00000000eab00000|  0%| F|  |TAMS 0x00000000eaa00000| PB 0x00000000eaa00000| Untracked
| 171|0x00000000eab00000, 0x00000000eab00000, 0x00000000eac00000|  0%| F|  |TAMS 0x00000000eab00000| PB 0x00000000eab00000| Untracked
| 172|0x00000000eac00000, 0x00000000eac00000, 0x00000000ead00000|  0%| F|  |TAMS 0x00000000eac00000| PB 0x00000000eac00000| Untracked
| 173|0x00000000ead00000, 0x00000000ead00000, 0x00000000eae00000|  0%| F|  |TAMS 0x00000000ead00000| PB 0x00000000ead00000| Untracked
| 174|0x00000000eae00000, 0x00000000eae00000, 0x00000000eaf00000|  0%| F|  |TAMS 0x00000000eae00000| PB 0x00000000eae00000| Untracked
| 175|0x00000000eaf00000, 0x00000000eaf00000, 0x00000000eb000000|  0%| F|  |TAMS 0x00000000eaf00000| PB 0x00000000eaf00000| Untracked
| 176|0x00000000eb000000, 0x00000000eb000000, 0x00000000eb100000|  0%| F|  |TAMS 0x00000000eb000000| PB 0x00000000eb000000| Untracked
| 177|0x00000000eb100000, 0x00000000eb100000, 0x00000000eb200000|  0%| F|  |TAMS 0x00000000eb100000| PB 0x00000000eb100000| Untracked
| 178|0x00000000eb200000, 0x00000000eb200000, 0x00000000eb300000|  0%| F|  |TAMS 0x00000000eb200000| PB 0x00000000eb200000| Untracked
| 179|0x00000000eb300000, 0x00000000eb300000, 0x00000000eb400000|  0%| F|  |TAMS 0x00000000eb300000| PB 0x00000000eb300000| Untracked
| 180|0x00000000eb400000, 0x00000000eb400000, 0x00000000eb500000|  0%| F|  |TAMS 0x00000000eb400000| PB 0x00000000eb400000| Untracked
| 181|0x00000000eb500000, 0x00000000eb580800, 0x00000000eb600000| 50%| E|  |TAMS 0x00000000eb500000| PB 0x00000000eb500000| Complete
| 182|0x00000000eb600000, 0x00000000eb700000, 0x00000000eb700000|100%| E|CS|TAMS 0x00000000eb600000| PB 0x00000000eb600000| Complete
| 183|0x00000000eb700000, 0x00000000eb800000, 0x00000000eb800000|100%| E|CS|TAMS 0x00000000eb700000| PB 0x00000000eb700000| Complete
| 184|0x00000000eb800000, 0x00000000eb900000, 0x00000000eb900000|100%| E|CS|TAMS 0x00000000eb800000| PB 0x00000000eb800000| Complete
| 185|0x00000000eb900000, 0x00000000eba00000, 0x00000000eba00000|100%| E|CS|TAMS 0x00000000eb900000| PB 0x00000000eb900000| Complete
| 186|0x00000000eba00000, 0x00000000ebb00000, 0x00000000ebb00000|100%| E|CS|TAMS 0x00000000eba00000| PB 0x00000000eba00000| Complete
| 187|0x00000000ebb00000, 0x00000000ebc00000, 0x00000000ebc00000|100%| E|CS|TAMS 0x00000000ebb00000| PB 0x00000000ebb00000| Complete
| 188|0x00000000ebc00000, 0x00000000ebd00000, 0x00000000ebd00000|100%| E|CS|TAMS 0x00000000ebc00000| PB 0x00000000ebc00000| Complete
| 189|0x00000000ebd00000, 0x00000000ebe00000, 0x00000000ebe00000|100%| E|CS|TAMS 0x00000000ebd00000| PB 0x00000000ebd00000| Complete
| 190|0x00000000ebe00000, 0x00000000ebf00000, 0x00000000ebf00000|100%| E|CS|TAMS 0x00000000ebe00000| PB 0x00000000ebe00000| Complete
| 191|0x00000000ebf00000, 0x00000000ec000000, 0x00000000ec000000|100%| E|CS|TAMS 0x00000000ebf00000| PB 0x00000000ebf00000| Complete
| 192|0x00000000ec000000, 0x00000000ec100000, 0x00000000ec100000|100%| E|CS|TAMS 0x00000000ec000000| PB 0x00000000ec000000| Complete
| 193|0x00000000ec100000, 0x00000000ec200000, 0x00000000ec200000|100%| E|CS|TAMS 0x00000000ec100000| PB 0x00000000ec100000| Complete
| 194|0x00000000ec200000, 0x00000000ec300000, 0x00000000ec300000|100%| E|CS|TAMS 0x00000000ec200000| PB 0x00000000ec200000| Complete
| 195|0x00000000ec300000, 0x00000000ec400000, 0x00000000ec400000|100%| E|CS|TAMS 0x00000000ec300000| PB 0x00000000ec300000| Complete
| 196|0x00000000ec400000, 0x00000000ec500000, 0x00000000ec500000|100%| E|CS|TAMS 0x00000000ec400000| PB 0x00000000ec400000| Complete
| 197|0x00000000ec500000, 0x00000000ec600000, 0x00000000ec600000|100%| E|CS|TAMS 0x00000000ec500000| PB 0x00000000ec500000| Complete
| 198|0x00000000ec600000, 0x00000000ec700000, 0x00000000ec700000|100%| E|CS|TAMS 0x00000000ec600000| PB 0x00000000ec600000| Complete
| 199|0x00000000ec700000, 0x00000000ec800000, 0x00000000ec800000|100%| E|CS|TAMS 0x00000000ec700000| PB 0x00000000ec700000| Complete
| 200|0x00000000ec800000, 0x00000000ec900000, 0x00000000ec900000|100%| E|CS|TAMS 0x00000000ec800000| PB 0x00000000ec800000| Complete
| 201|0x00000000ec900000, 0x00000000eca00000, 0x00000000eca00000|100%| E|CS|TAMS 0x00000000ec900000| PB 0x00000000ec900000| Complete
| 202|0x00000000eca00000, 0x00000000ecb00000, 0x00000000ecb00000|100%| E|CS|TAMS 0x00000000eca00000| PB 0x00000000eca00000| Complete
| 203|0x00000000ecb00000, 0x00000000ecc00000, 0x00000000ecc00000|100%| E|CS|TAMS 0x00000000ecb00000| PB 0x00000000ecb00000| Complete
| 204|0x00000000ecc00000, 0x00000000ecd00000, 0x00000000ecd00000|100%| E|CS|TAMS 0x00000000ecc00000| PB 0x00000000ecc00000| Complete
| 205|0x00000000ecd00000, 0x00000000ece00000, 0x00000000ece00000|100%| E|CS|TAMS 0x00000000ecd00000| PB 0x00000000ecd00000| Complete
| 206|0x00000000ece00000, 0x00000000ecf00000, 0x00000000ecf00000|100%| E|CS|TAMS 0x00000000ece00000| PB 0x00000000ece00000| Complete
| 207|0x00000000ecf00000, 0x00000000ed000000, 0x00000000ed000000|100%| E|CS|TAMS 0x00000000ecf00000| PB 0x00000000ecf00000| Complete
| 208|0x00000000ed000000, 0x00000000ed100000, 0x00000000ed100000|100%| E|CS|TAMS 0x00000000ed000000| PB 0x00000000ed000000| Complete
| 209|0x00000000ed100000, 0x00000000ed200000, 0x00000000ed200000|100%| E|CS|TAMS 0x00000000ed100000| PB 0x00000000ed100000| Complete
| 210|0x00000000ed200000, 0x00000000ed300000, 0x00000000ed300000|100%| E|CS|TAMS 0x00000000ed200000| PB 0x00000000ed200000| Complete
| 211|0x00000000ed300000, 0x00000000ed400000, 0x00000000ed400000|100%| E|CS|TAMS 0x00000000ed300000| PB 0x00000000ed300000| Complete
| 212|0x00000000ed400000, 0x00000000ed500000, 0x00000000ed500000|100%| E|CS|TAMS 0x00000000ed400000| PB 0x00000000ed400000| Complete
| 213|0x00000000ed500000, 0x00000000ed600000, 0x00000000ed600000|100%| E|CS|TAMS 0x00000000ed500000| PB 0x00000000ed500000| Complete
| 214|0x00000000ed600000, 0x00000000ed700000, 0x00000000ed700000|100%| E|CS|TAMS 0x00000000ed600000| PB 0x00000000ed600000| Complete
| 215|0x00000000ed700000, 0x00000000ed800000, 0x00000000ed800000|100%| E|CS|TAMS 0x00000000ed700000| PB 0x00000000ed700000| Complete
| 216|0x00000000ed800000, 0x00000000ed900000, 0x00000000ed900000|100%| E|CS|TAMS 0x00000000ed800000| PB 0x00000000ed800000| Complete
| 217|0x00000000ed900000, 0x00000000eda00000, 0x00000000eda00000|100%| E|CS|TAMS 0x00000000ed900000| PB 0x00000000ed900000| Complete
| 218|0x00000000eda00000, 0x00000000edb00000, 0x00000000edb00000|100%| E|CS|TAMS 0x00000000eda00000| PB 0x00000000eda00000| Complete
| 219|0x00000000edb00000, 0x00000000edc00000, 0x00000000edc00000|100%| E|CS|TAMS 0x00000000edb00000| PB 0x00000000edb00000| Complete
| 220|0x00000000edc00000, 0x00000000edd00000, 0x00000000edd00000|100%| E|CS|TAMS 0x00000000edc00000| PB 0x00000000edc00000| Complete
| 221|0x00000000edd00000, 0x00000000ede00000, 0x00000000ede00000|100%| E|CS|TAMS 0x00000000edd00000| PB 0x00000000edd00000| Complete
| 222|0x00000000ede00000, 0x00000000edf00000, 0x00000000edf00000|100%| E|CS|TAMS 0x00000000ede00000| PB 0x00000000ede00000| Complete
| 223|0x00000000edf00000, 0x00000000edfd5150, 0x00000000ee000000| 83%| S|CS|TAMS 0x00000000edf00000| PB 0x00000000edf00000| Complete
| 224|0x00000000ee000000, 0x00000000ee100000, 0x00000000ee100000|100%| E|CS|TAMS 0x00000000ee000000| PB 0x00000000ee000000| Complete
| 225|0x00000000ee100000, 0x00000000ee200000, 0x00000000ee200000|100%| E|CS|TAMS 0x00000000ee100000| PB 0x00000000ee100000| Complete
| 226|0x00000000ee200000, 0x00000000ee300000, 0x00000000ee300000|100%| E|CS|TAMS 0x00000000ee200000| PB 0x00000000ee200000| Complete
| 227|0x00000000ee300000, 0x00000000ee400000, 0x00000000ee400000|100%| E|CS|TAMS 0x00000000ee300000| PB 0x00000000ee300000| Complete
| 228|0x00000000ee400000, 0x00000000ee500000, 0x00000000ee500000|100%| E|CS|TAMS 0x00000000ee400000| PB 0x00000000ee400000| Complete
| 229|0x00000000ee500000, 0x00000000ee600000, 0x00000000ee600000|100%| E|CS|TAMS 0x00000000ee500000| PB 0x00000000ee500000| Complete
| 230|0x00000000ee600000, 0x00000000ee700000, 0x00000000ee700000|100%| E|CS|TAMS 0x00000000ee600000| PB 0x00000000ee600000| Complete
| 231|0x00000000ee700000, 0x00000000ee800000, 0x00000000ee800000|100%| E|CS|TAMS 0x00000000ee700000| PB 0x00000000ee700000| Complete
| 232|0x00000000ee800000, 0x00000000ee900000, 0x00000000ee900000|100%| E|CS|TAMS 0x00000000ee800000| PB 0x00000000ee800000| Complete
| 233|0x00000000ee900000, 0x00000000eea00000, 0x00000000eea00000|100%| E|CS|TAMS 0x00000000ee900000| PB 0x00000000ee900000| Complete
| 234|0x00000000eea00000, 0x00000000eeb00000, 0x00000000eeb00000|100%| E|CS|TAMS 0x00000000eea00000| PB 0x00000000eea00000| Complete
| 235|0x00000000eeb00000, 0x00000000eec00000, 0x00000000eec00000|100%| E|CS|TAMS 0x00000000eeb00000| PB 0x00000000eeb00000| Complete
| 236|0x00000000eec00000, 0x00000000eed00000, 0x00000000eed00000|100%| E|CS|TAMS 0x00000000eec00000| PB 0x00000000eec00000| Complete
| 237|0x00000000eed00000, 0x00000000eee00000, 0x00000000eee00000|100%| E|CS|TAMS 0x00000000eed00000| PB 0x00000000eed00000| Complete
| 238|0x00000000eee00000, 0x00000000eef00000, 0x00000000eef00000|100%| E|CS|TAMS 0x00000000eee00000| PB 0x00000000eee00000| Complete
| 239|0x00000000eef00000, 0x00000000ef000000, 0x00000000ef000000|100%| E|CS|TAMS 0x00000000eef00000| PB 0x00000000eef00000| Complete
| 240|0x00000000ef000000, 0x00000000ef100000, 0x00000000ef100000|100%| E|CS|TAMS 0x00000000ef000000| PB 0x00000000ef000000| Complete
| 241|0x00000000ef100000, 0x00000000ef200000, 0x00000000ef200000|100%| E|CS|TAMS 0x00000000ef100000| PB 0x00000000ef100000| Complete
| 242|0x00000000ef200000, 0x00000000ef300000, 0x00000000ef300000|100%| E|CS|TAMS 0x00000000ef200000| PB 0x00000000ef200000| Complete
| 243|0x00000000ef300000, 0x00000000ef400000, 0x00000000ef400000|100%| E|CS|TAMS 0x00000000ef300000| PB 0x00000000ef300000| Complete
| 244|0x00000000ef400000, 0x00000000ef500000, 0x00000000ef500000|100%| E|CS|TAMS 0x00000000ef400000| PB 0x00000000ef400000| Complete
| 245|0x00000000ef500000, 0x00000000ef600000, 0x00000000ef600000|100%| E|CS|TAMS 0x00000000ef500000| PB 0x00000000ef500000| Complete
| 246|0x00000000ef600000, 0x00000000ef700000, 0x00000000ef700000|100%| E|CS|TAMS 0x00000000ef600000| PB 0x00000000ef600000| Complete
| 247|0x00000000ef700000, 0x00000000ef800000, 0x00000000ef800000|100%| E|CS|TAMS 0x00000000ef700000| PB 0x00000000ef700000| Complete
| 248|0x00000000ef800000, 0x00000000ef900000, 0x00000000ef900000|100%| E|CS|TAMS 0x00000000ef800000| PB 0x00000000ef800000| Complete
| 249|0x00000000ef900000, 0x00000000efa00000, 0x00000000efa00000|100%| E|CS|TAMS 0x00000000ef900000| PB 0x00000000ef900000| Complete
| 250|0x00000000efa00000, 0x00000000efb00000, 0x00000000efb00000|100%| E|CS|TAMS 0x00000000efa00000| PB 0x00000000efa00000| Complete
| 251|0x00000000efb00000, 0x00000000efc00000, 0x00000000efc00000|100%| E|CS|TAMS 0x00000000efb00000| PB 0x00000000efb00000| Complete
| 252|0x00000000efc00000, 0x00000000efd00000, 0x00000000efd00000|100%| E|CS|TAMS 0x00000000efc00000| PB 0x00000000efc00000| Complete
| 253|0x00000000efd00000, 0x00000000efe00000, 0x00000000efe00000|100%| E|  |TAMS 0x00000000efd00000| PB 0x00000000efd00000| Complete
| 254|0x00000000efe00000, 0x00000000eff00000, 0x00000000eff00000|100%| E|CS|TAMS 0x00000000efe00000| PB 0x00000000efe00000| Complete
| 255|0x00000000eff00000, 0x00000000f0000000, 0x00000000f0000000|100%| E|CS|TAMS 0x00000000eff00000| PB 0x00000000eff00000| Complete

Card table byte_map: [0x000001249cfa0000,0x000001249d0a0000] _byte_map_base: 0x000001249c8a0000

Marking Bits: (CMBitMap*) 0x0000012485514d60
 Bits: [0x000001249d0a0000, 0x000001249d8a0000)

Polling page: 0x0000012484cc0000

Metaspace:

Usage:
  Non-class:     14.00 MB used.
      Class:      2.29 MB used.
       Both:     16.29 MB used.

Virtual space:
  Non-class space:       64.00 MB reserved,      14.31 MB ( 22%) committed,  1 nodes.
      Class space:      320.00 MB reserved,       2.56 MB ( <1%) committed,  1 nodes.
             Both:      384.00 MB reserved,      16.88 MB (  4%) committed.

Chunk freelists:
   Non-Class:  1.67 MB
       Class:  13.48 MB
        Both:  15.16 MB

MaxMetaspaceSize: 384.00 MB
CompressedClassSpaceSize: 320.00 MB
Initial GC threshold: 21.00 MB
Current GC threshold: 21.00 MB
CDS: on
 - commit_granule_bytes: 65536.
 - commit_granule_words: 8192.
 - virtual_space_node_default_size: 8388608.
 - enlarge_chunks_in_place: 1.
 - use_allocation_guard: 0.


Internal statistics:

num_allocs_failed_limit: 0.
num_arena_births: 652.
num_arena_deaths: 0.
num_vsnodes_births: 2.
num_vsnodes_deaths: 0.
num_space_committed: 270.
num_space_uncommitted: 0.
num_chunks_returned_to_freelist: 0.
num_chunks_taken_from_freelist: 1255.
num_chunk_merges: 0.
num_chunk_splits: 810.
num_chunks_enlarged: 536.
num_inconsistent_stats: 0.

CodeHeap 'non-profiled nmethods': size=120000Kb used=1294Kb max_used=1294Kb free=118705Kb
 bounds [0x0000012495410000, 0x0000012495680000, 0x000001249c940000]
CodeHeap 'profiled nmethods': size=120000Kb used=5446Kb max_used=5446Kb free=114553Kb
 bounds [0x000001248d940000, 0x000001248dea0000, 0x0000012494e70000]
CodeHeap 'non-nmethods': size=5760Kb used=1492Kb max_used=1492Kb free=4267Kb
 bounds [0x0000012494e70000, 0x00000124950e0000, 0x0000012495410000]
 total_blobs=3277 nmethods=2704 adapters=477
 compilation: enabled
              stopped_count=0, restarted_count=0
 full_count=0

Compilation events (20 events):
Event: 3.141 Thread 0x00000124a0590370 nmethod 2616 0x000001248de64010 code [0x000001248de641c0, 0x000001248de64398]
Event: 3.141 Thread 0x00000124a0590370 2617       3       jdk.internal.reflect.MagicAccessorImpl::<init> (5 bytes)
Event: 3.141 Thread 0x00000124a0590370 nmethod 2617 0x000001248de64490 code [0x000001248de64640, 0x000001248de647a8]
Event: 3.142 Thread 0x00000124a0590370 2618       3       jdk.internal.reflect.MethodHandleAccessorFactory::ensureClassInitialized (18 bytes)
Event: 3.142 Thread 0x00000124a0590370 nmethod 2618 0x000001248de64890 code [0x000001248de64aa0, 0x000001248de64f28]
Event: 3.142 Thread 0x00000124a0590370 2619       3       jdk.internal.reflect.ReflectionFactory::useMethodHandleAccessor (18 bytes)
Event: 3.143 Thread 0x00000124a0590370 nmethod 2619 0x000001248de65110 code [0x000001248de652c0, 0x000001248de65440]
Event: 3.143 Thread 0x00000124a0590370 2620       3       jdk.internal.reflect.MethodHandleAccessorFactory::useNativeAccessor (74 bytes)
Event: 3.143 Thread 0x00000124a0590370 nmethod 2620 0x000001248de65510 code [0x000001248de65760, 0x000001248de65fc0]
Event: 3.143 Thread 0x00000124a0590370 2621       3       java.lang.reflect.Modifier::isNative (14 bytes)
Event: 3.143 Thread 0x00000124a0590370 nmethod 2621 0x000001248de66210 code [0x000001248de663a0, 0x000001248de664f0]
Event: 3.148 Thread 0x00000124a0590370 2623       3       java.lang.invoke.LambdaForm::<init> (53 bytes)
Event: 3.148 Thread 0x00000124a0590370 nmethod 2623 0x000001248de66590 code [0x000001248de66740, 0x000001248de66a18]
Event: 3.152 Thread 0x00000124a0590370 2624       3       java.lang.invoke.InfoFromMemberName::getModifiers (8 bytes)
Event: 3.152 Thread 0x00000124a0590370 nmethod 2624 0x000001248de66b10 code [0x000001248de66cc0, 0x000001248de66e38]
Event: 3.152 Thread 0x00000124a0590370 2625   !   3       java.util.concurrent.ConcurrentHashMap::transfer (849 bytes)
Event: 3.155 Thread 0x00000124a0590370 nmethod 2625 0x000001248de66f10 code [0x000001248de67380, 0x000001248de69b68]
Event: 3.155 Thread 0x00000124a0590370 2626       3       sun.invoke.util.BytecodeDescriptor::unparseMethod (66 bytes)
Event: 3.155 Thread 0x00000124a0590370 nmethod 2626 0x000001248de6b390 code [0x000001248de6b5c0, 0x000001248de6bbc0]
Event: 3.155 Thread 0x00000124a0590370 2627       3       java.lang.invoke.InvokerBytecodeGenerator::lookupPregenerated (294 bytes)

GC Heap History (4 events):
Event: 0.868 GC heap before
{Heap before GC invocations=0 (full 0):
 garbage-first heap   total 262144K, used 26624K [0x00000000e0000000, 0x0000000100000000)
  region size 1024K, 23 young (23552K), 0 survivors (0K)
 Metaspace       used 3154K, committed 3328K, reserved 393216K
  class space    used 405K, committed 448K, reserved 327680K
}
Event: 0.872 GC heap after
{Heap after GC invocations=1 (full 0):
 garbage-first heap   total 262144K, used 10453K [0x00000000e0000000, 0x0000000100000000)
  region size 1024K, 3 young (3072K), 3 survivors (3072K)
 Metaspace       used 3154K, committed 3328K, reserved 393216K
  class space    used 405K, committed 448K, reserved 327680K
}
Event: 1.526 GC heap before
{Heap before GC invocations=1 (full 0):
 garbage-first heap   total 262144K, used 40149K [0x00000000e0000000, 0x0000000100000000)
  region size 1024K, 32 young (32768K), 3 survivors (3072K)
 Metaspace       used 4168K, committed 4416K, reserved 393216K
  class space    used 506K, committed 640K, reserved 327680K
}
Event: 1.529 GC heap after
{Heap after GC invocations=2 (full 0):
 garbage-first heap   total 262144K, used 11415K [0x00000000e0000000, 0x0000000100000000)
  region size 1024K, 1 young (1024K), 1 survivors (1024K)
 Metaspace       used 4168K, committed 4416K, reserved 393216K
  class space    used 506K, committed 640K, reserved 327680K
}

Dll operation events (15 events):
Event: 0.014 Loaded shared library C:\Users\Lenovo\.jdks\openjdk-21.0.1\bin\java.dll
Event: 0.055 Loaded shared library C:\Users\Lenovo\.jdks\openjdk-21.0.1\bin\jsvml.dll
Event: 0.096 Loaded shared library C:\Users\Lenovo\.jdks\openjdk-21.0.1\bin\zip.dll
Event: 0.101 Loaded shared library C:\Users\Lenovo\.jdks\openjdk-21.0.1\bin\instrument.dll
Event: 0.107 Loaded shared library C:\Users\Lenovo\.jdks\openjdk-21.0.1\bin\net.dll
Event: 0.110 Loaded shared library C:\Users\Lenovo\.jdks\openjdk-21.0.1\bin\nio.dll
Event: 0.114 Loaded shared library C:\Users\Lenovo\.jdks\openjdk-21.0.1\bin\zip.dll
Event: 0.502 Loaded shared library C:\Users\Lenovo\.jdks\openjdk-21.0.1\bin\jimage.dll
Event: 0.600 Loaded shared library C:\Users\Lenovo\.jdks\openjdk-21.0.1\bin\verify.dll
Event: 0.782 Loaded shared library C:\Users\Lenovo\.gradle\native\c067742578af261105cb4f569cf0c3c89f3d7b1fecec35dd04571415982c5e48\windows-amd64\native-platform.dll
Event: 0.789 Loaded shared library C:\Users\Lenovo\.gradle\native\38dada09dfb8b06ba9b0570ebf7e218e3eb74d4ef43ca46872605cf95ebc2f47\windows-amd64\native-platform-file-events.dll
Event: 1.974 Loaded shared library C:\Users\Lenovo\.jdks\openjdk-21.0.1\bin\management.dll
Event: 1.982 Loaded shared library C:\Users\Lenovo\.jdks\openjdk-21.0.1\bin\management_ext.dll
Event: 2.260 Loaded shared library C:\Users\Lenovo\.jdks\openjdk-21.0.1\bin\extnet.dll
Event: 2.411 Loaded shared library C:\Users\Lenovo\.jdks\openjdk-21.0.1\bin\sunmscapi.dll

Deoptimization events (20 events):
Event: 3.023 Thread 0x00000124bb88f5a0 Uncommon trap: trap_request=0xffffff45 fr.pc=0x00000124954f3968 relative=0x0000000000000048
Event: 3.023 Thread 0x00000124bb88f5a0 Uncommon trap: reason=unstable_if action=reinterpret pc=0x00000124954f3968 method=jdk.internal.misc.Unsafe.convEndian(ZI)I @ 4 c2
Event: 3.023 Thread 0x00000124bb88f5a0 DEOPT PACKING pc=0x00000124954f3968 sp=0x000000087fbfb780
Event: 3.023 Thread 0x00000124bb88f5a0 DEOPT UNPACKING pc=0x0000012494ec46a2 sp=0x000000087fbfb718 mode 2
Event: 3.047 Thread 0x00000124bb88f5a0 Uncommon trap: trap_request=0xffffff45 fr.pc=0x0000012495435da0 relative=0x0000000000000be0
Event: 3.047 Thread 0x00000124bb88f5a0 Uncommon trap: reason=unstable_if action=reinterpret pc=0x0000012495435da0 method=java.io.WinNTFileSystem.resolve(Ljava/lang/String;Ljava/lang/String;)Ljava/lang/String; @ 19 c2
Event: 3.047 Thread 0x00000124bb88f5a0 DEOPT PACKING pc=0x0000012495435da0 sp=0x000000087fbfbdc0
Event: 3.047 Thread 0x00000124bb88f5a0 DEOPT UNPACKING pc=0x0000012494ec46a2 sp=0x000000087fbfbd68 mode 2
Event: 3.048 Thread 0x00000124bb88f5a0 Uncommon trap: trap_request=0xffffff45 fr.pc=0x000001249548d3c0 relative=0x00000000000005e0
Event: 3.048 Thread 0x00000124bb88f5a0 Uncommon trap: reason=unstable_if action=reinterpret pc=0x000001249548d3c0 method=java.io.File.getName()Ljava/lang/String; @ 16 c2
Event: 3.048 Thread 0x00000124bb88f5a0 DEOPT PACKING pc=0x000001249548d3c0 sp=0x000000087fbfbd80
Event: 3.048 Thread 0x00000124bb88f5a0 DEOPT UNPACKING pc=0x0000012494ec46a2 sp=0x000000087fbfbd50 mode 2
Event: 3.108 Thread 0x00000124bb88f5a0 Uncommon trap: trap_request=0xffffff45 fr.pc=0x000001249551b114 relative=0x00000000000000f4
Event: 3.108 Thread 0x00000124bb88f5a0 Uncommon trap: reason=unstable_if action=reinterpret pc=0x000001249551b114 method=java.util.HashMap.hash(Ljava/lang/Object;)I @ 1 c2
Event: 3.108 Thread 0x00000124bb88f5a0 DEOPT PACKING pc=0x000001249551b114 sp=0x000000087fbfcb40
Event: 3.108 Thread 0x00000124bb88f5a0 DEOPT UNPACKING pc=0x0000012494ec46a2 sp=0x000000087fbfca80 mode 2
Event: 3.142 Thread 0x00000124bb88f5a0 Uncommon trap: trap_request=0xffffff45 fr.pc=0x00000124954c19f4 relative=0x0000000000000794
Event: 3.142 Thread 0x00000124bb88f5a0 Uncommon trap: reason=unstable_if action=reinterpret pc=0x00000124954c19f4 method=java.util.ArrayList.grow(I)[Ljava/lang/Object; @ 17 c2
Event: 3.142 Thread 0x00000124bb88f5a0 DEOPT PACKING pc=0x00000124954c19f4 sp=0x000000087fbfd760
Event: 3.142 Thread 0x00000124bb88f5a0 DEOPT UNPACKING pc=0x0000012494ec46a2 sp=0x000000087fbfd5f8 mode 2

Classes loaded (20 events):
Event: 3.048 Loading class java/io/File$TempDirectory
Event: 3.048 Loading class java/io/File$TempDirectory done
Event: 3.052 Loading class java/io/PrintWriter
Event: 3.053 Loading class java/io/PrintWriter done
Event: 3.054 Loading class sun/nio/cs/UTF_8$Encoder
Event: 3.054 Loading class sun/nio/cs/UTF_8$Encoder done
Event: 3.063 Loading class java/util/zip/CheckedInputStream
Event: 3.063 Loading class java/util/zip/CheckedInputStream done
Event: 3.065 Loading class java/nio/file/FileVisitor
Event: 3.065 Loading class java/nio/file/FileVisitor done
Event: 3.066 Loading class java/io/FilenameFilter
Event: 3.066 Loading class java/io/FilenameFilter done
Event: 3.083 Loading class java/util/concurrent/Semaphore
Event: 3.083 Loading class java/util/concurrent/Semaphore done
Event: 3.085 Loading class java/nio/file/FileVisitOption
Event: 3.085 Loading class java/nio/file/FileVisitOption done
Event: 3.087 Loading class java/util/stream/ReduceOps$1
Event: 3.088 Loading class java/util/stream/ReduceOps$1 done
Event: 3.088 Loading class java/util/stream/ReduceOps$1ReducingSink
Event: 3.088 Loading class java/util/stream/ReduceOps$1ReducingSink done

Classes unloaded (0 events):
No events

Classes redefined (0 events):
No events

Internal exceptions (20 events):
Event: 2.660 Thread 0x00000124bb88f5a0 Exception <a 'java/lang/NoSuchMethodError'{0x00000000ed12e4b0}: 'java.lang.Object java.lang.invoke.DirectMethodHandle$Holder.newInvokeSpecial(java.lang.Object, java.lang.Object, java.lang.Object, java.lang.Object, java.lang.Object)'> (0x00000000ed12e4b0)
thrown [s\open\src\hotspot\share\interpreter\linkResolver.cpp, line 773]
Event: 2.693 Thread 0x00000124bb88f5a0 Exception <a 'java/lang/NoSuchMethodError'{0x00000000ecf38a68}: 'void java.lang.invoke.DirectMethodHandle$Holder.invokeSpecial(java.lang.Object, java.lang.Object, java.lang.Object)'> (0x00000000ecf38a68)
thrown [s\open\src\hotspot\share\interpreter\linkResolver.cpp, line 773]
Event: 2.707 Thread 0x00000124bb88f5a0 Exception <a 'java/lang/NoSuchMethodError'{0x00000000ecfd2ba0}: 'java.lang.Object java.lang.invoke.DirectMethodHandle$Holder.newInvokeSpecial(java.lang.Object, java.lang.Object, java.lang.Object, java.lang.Object, java.lang.Object, java.lang.Object)'> (0x00000000ecfd2ba0)
thrown [s\open\src\hotspot\share\interpreter\linkResolver.cpp, line 773]
Event: 2.709 Thread 0x00000124bb88f5a0 Exception <a 'java/lang/NoSuchMethodError'{0x00000000ecff4608}: 'void java.lang.invoke.DirectMethodHandle$Holder.invokeStaticInit(java.lang.Object, java.lang.Object)'> (0x00000000ecff4608)
thrown [s\open\src\hotspot\share\interpreter\linkResolver.cpp, line 773]
Event: 2.762 Thread 0x00000124bb88f5a0 Exception <a 'java/lang/NoSuchMethodError'{0x00000000ecc861a8}: 'void java.lang.invoke.DelegatingMethodHandle$Holder.reinvoke_L(java.lang.Object, java.lang.Object, java.lang.Object, java.lang.Object, java.lang.Object, java.lang.Object, java.lang.Object, java.lang.Object, java.lang.Object, java.lang.Object)'> (0x00000000ecc861a8)
thrown [s\open\src\hotspot\share\interpreter\linkResolver.cpp, line 773]
Event: 2.763 Thread 0x00000124bb88f5a0 Exception <a 'java/lang/NoSuchMethodError'{0x00000000ecc8e2a8}: 'java.lang.Object java.lang.invoke.Invokers$Holder.invoker(java.lang.Object, java.lang.Object, java.lang.Object, java.lang.Object, java.lang.Object, java.lang.Object, java.lang.Object, java.lang.Object, java.lang.Object, java.lang.Object)'> (0x00000000ecc8e2a8)
thrown [s\open\src\hotspot\share\interpreter\linkResolver.cpp, line 773]
Event: 2.835 Thread 0x00000124bb88f5a0 Exception <a 'java/lang/NoSuchMethodError'{0x00000000ec9e9310}: 'void java.lang.invoke.DirectMethodHandle$Holder.invokeVirtual(java.lang.Object, java.lang.Object, java.lang.Object, java.lang.Object, java.lang.Object)'> (0x00000000ec9e9310)
thrown [s\open\src\hotspot\share\interpreter\linkResolver.cpp, line 773]
Event: 2.868 Thread 0x00000124bb88f5a0 Exception <a 'java/lang/NoSuchMethodError'{0x00000000ec7a8a70}: 'void java.lang.invoke.DirectMethodHandle$Holder.invokeInterface(java.lang.Object, java.lang.Object)'> (0x00000000ec7a8a70)
thrown [s\open\src\hotspot\share\interpreter\linkResolver.cpp, line 773]
Event: 2.868 Thread 0x00000124bb88f5a0 Exception <a 'java/lang/IncompatibleClassChangeError'{0x00000000ec7abfd0}: Found class java.lang.Object, but interface was expected> (0x00000000ec7abfd0)
thrown [s\open\src\hotspot\share\interpreter\linkResolver.cpp, line 840]
Event: 2.878 Thread 0x00000124bb88f5a0 Exception <a 'java/lang/NoSuchMethodError'{0x00000000ec61fee8}: 'void java.lang.invoke.DirectMethodHandle$Holder.invokeStaticInit(java.lang.Object)'> (0x00000000ec61fee8)
thrown [s\open\src\hotspot\share\interpreter\linkResolver.cpp, line 773]
Event: 2.890 Thread 0x00000124bb88f5a0 Exception <a 'java/lang/NoSuchMethodError'{0x00000000ec6ce500}: 'java.lang.Object java.lang.invoke.DirectMethodHandle$Holder.newInvokeSpecial(java.lang.Object, java.lang.Object, java.lang.Object, int)'> (0x00000000ec6ce500)
thrown [s\open\src\hotspot\share\interpreter\linkResolver.cpp, line 773]
Event: 2.891 Thread 0x00000124bb88f5a0 Exception <a 'java/lang/NoSuchMethodError'{0x00000000ec6d2bb8}: 'java.lang.Object java.lang.invoke.DirectMethodHandle$Holder.invokeSpecial(java.lang.Object, java.lang.Object, java.lang.Object, java.lang.Object, int)'> (0x00000000ec6d2bb8)
thrown [s\open\src\hotspot\share\interpreter\linkResolver.cpp, line 773]
Event: 2.891 Thread 0x00000124bb88f5a0 Exception <a 'java/lang/NoSuchMethodError'{0x00000000ec6d6a60}: 'java.lang.Object java.lang.invoke.Invokers$Holder.linkToTargetMethod(java.lang.Object, java.lang.Object, int, java.lang.Object)'> (0x00000000ec6d6a60)
thrown [s\open\src\hotspot\share\interpreter\linkResolver.cpp, line 773]
Event: 3.042 Thread 0x00000124bb88f5a0 Exception <a 'java/lang/NoSuchMethodError'{0x00000000ec1510f8}: 'java.lang.Object java.lang.invoke.DirectMethodHandle$Holder.invokeVirtual(java.lang.Object, java.lang.Object, java.lang.Object, java.lang.Object, java.lang.Object, java.lang.Object, java.lang.Object, java.lang.Object, java.lang.Object)'> (0x00000000ec1510f8)
thrown [s\open\src\hotspot\share\interpreter\linkResolver.cpp, line 773]
Event: 3.069 Thread 0x00000124bb88f5a0 Exception <a 'java/lang/NoSuchMethodError'{0x00000000ec054110}: 'int java.lang.invoke.DirectMethodHandle$Holder.invokeVirtual(java.lang.Object, java.lang.Object, java.lang.Object)'> (0x00000000ec054110)
thrown [s\open\src\hotspot\share\interpreter\linkResolver.cpp, line 773]
Event: 3.086 Thread 0x00000124bb88f5a0 Exception <a 'java/lang/NoSuchMethodError'{0x00000000ebf78360}: 'int java.lang.invoke.DirectMethodHandle$Holder.invokeSpecialIFC(java.lang.Object, java.lang.Object, java.lang.Object, java.lang.Object)'> (0x00000000ebf78360)
thrown [s\open\src\hotspot\share\interpreter\linkResolver.cpp, line 773]
Event: 3.087 Thread 0x00000124bb88f5a0 Exception <a 'java/lang/NoSuchMethodError'{0x00000000ebf85808}: 'java.lang.Object java.lang.invoke.DirectMethodHandle$Holder.invokeInterface(java.lang.Object, java.lang.Object, java.lang.Object)'> (0x00000000ebf85808)
thrown [s\open\src\hotspot\share\interpreter\linkResolver.cpp, line 773]
Event: 3.087 Thread 0x00000124bb88f5a0 Exception <a 'java/lang/IncompatibleClassChangeError'{0x00000000ebf89150}: Found class java.lang.Object, but interface was expected> (0x00000000ebf89150)
thrown [s\open\src\hotspot\share\interpreter\linkResolver.cpp, line 840]
Event: 3.108 Thread 0x00000124bb88f5a0 Implicit null exception at 0x000001249551b066 to 0x000001249551b10a
Event: 3.121 Thread 0x00000124bb88f5a0 Exception <a 'java/lang/NoSuchMethodError'{0x00000000ebd638d8}: 'int java.lang.invoke.DirectMethodHandle$Holder.invokeStatic(java.lang.Object, java.lang.Object, java.lang.Object, java.lang.Object)'> (0x00000000ebd638d8)
thrown [s\open\src\hotspot\share\interpreter\linkResolver.cpp, line 773]

ZGC Phase Switch (0 events):
No events

VM Operations (20 events):
Event: 2.142 Executing VM operation: HandshakeAllThreads (Deoptimize)
Event: 2.142 Executing VM operation: HandshakeAllThreads (Deoptimize) done
Event: 2.200 Executing VM operation: HandshakeAllThreads (Deoptimize)
Event: 2.200 Executing VM operation: HandshakeAllThreads (Deoptimize) done
Event: 2.273 Executing VM operation: ICBufferFull
Event: 2.273 Executing VM operation: ICBufferFull done
Event: 2.345 Executing VM operation: HandshakeAllThreads (Deoptimize)
Event: 2.345 Executing VM operation: HandshakeAllThreads (Deoptimize) done
Event: 2.419 Executing VM operation: HandshakeAllThreads (Deoptimize)
Event: 2.419 Executing VM operation: HandshakeAllThreads (Deoptimize) done
Event: 2.739 Executing VM operation: HandshakeAllThreads (Deoptimize)
Event: 2.740 Executing VM operation: HandshakeAllThreads (Deoptimize) done
Event: 2.889 Executing VM operation: HandshakeAllThreads (Deoptimize)
Event: 2.889 Executing VM operation: HandshakeAllThreads (Deoptimize) done
Event: 3.004 Executing VM operation: ICBufferFull
Event: 3.004 Executing VM operation: ICBufferFull done
Event: 3.054 Executing VM operation: HandshakeAllThreads (Deoptimize)
Event: 3.054 Executing VM operation: HandshakeAllThreads (Deoptimize) done
Event: 3.055 Executing VM operation: HandshakeAllThreads (Deoptimize)
Event: 3.055 Executing VM operation: HandshakeAllThreads (Deoptimize) done

Events (20 events):
Event: 0.053 Thread 0x00000124a053e010 Thread added: 0x00000124a053e010
Event: 0.053 Thread 0x00000124a0542380 Thread added: 0x00000124a0542380
Event: 0.053 Thread 0x00000124a054bca0 Thread added: 0x00000124a054bca0
Event: 0.053 Thread 0x00000124a0590370 Thread added: 0x00000124a0590370
Event: 0.072 Thread 0x00000124a04ff9b0 Thread added: 0x00000124a04ff9b0
Event: 0.133 Thread 0x00000124a0858190 Thread added: 0x00000124a0858190
Event: 0.513 Thread 0x00000124a08a2410 Thread added: 0x00000124a08a2410
Event: 2.033 Thread 0x00000124bb783440 Thread added: 0x00000124bb783440
Event: 2.311 Thread 0x00000124bb183980 Thread added: 0x00000124bb183980
Event: 2.395 Thread 0x00000124bb90a1b0 Thread added: 0x00000124bb90a1b0
Event: 2.463 Thread 0x00000124bb713880 Thread added: 0x00000124bb713880
Event: 2.465 Thread 0x00000124bb8cd460 Thread added: 0x00000124bb8cd460
Event: 2.495 Thread 0x00000124bb887270 Thread added: 0x00000124bb887270
Event: 2.504 Thread 0x00000124bb88f5a0 Thread added: 0x00000124bb88f5a0
Event: 2.513 Thread 0x00000124bb890780 Thread added: 0x00000124bb890780
Event: 2.516 Thread 0x00000124bb890e10 Thread added: 0x00000124bb890e10
Event: 2.519 Thread 0x00000124bb892850 Thread added: 0x00000124bb892850
Event: 2.889 Thread 0x00000124bb8914a0 Thread added: 0x00000124bb8914a0
Event: 2.907 Thread 0x00000124bb892ee0 Thread added: 0x00000124bb892ee0
Event: 3.004 Thread 0x00000124bb8921c0 Thread added: 0x00000124bb8921c0


Dynamic libraries:
0x00007ff7ab380000 - 0x00007ff7ab38e000 	C:\Users\Lenovo\.jdks\openjdk-21.0.1\bin\java.exe
0x00007ff9a2460000 - 0x00007ff9a2669000 	C:\WINDOWS\SYSTEM32\ntdll.dll
0x00007ff9a0ee0000 - 0x00007ff9a0f9d000 	C:\WINDOWS\System32\KERNEL32.DLL
0x00007ff99f990000 - 0x00007ff99fd14000 	C:\WINDOWS\System32\KERNELBASE.dll
0x00007ff99fee0000 - 0x00007ff99fff1000 	C:\WINDOWS\System32\ucrtbase.dll
0x00007ff991cc0000 - 0x00007ff991cd8000 	C:\Users\Lenovo\.jdks\openjdk-21.0.1\bin\jli.dll
0x00007ff98fd00000 - 0x00007ff98fd1b000 	C:\Users\Lenovo\.jdks\openjdk-21.0.1\bin\VCRUNTIME140.dll
0x00007ff9a1f00000 - 0x00007ff9a20ad000 	C:\WINDOWS\System32\USER32.dll
0x00007ff99fd20000 - 0x00007ff99fd46000 	C:\WINDOWS\System32\win32u.dll
0x00007ff9a1380000 - 0x00007ff9a13aa000 	C:\WINDOWS\System32\GDI32.dll
0x00007ff989760000 - 0x00007ff989a05000 	C:\WINDOWS\WinSxS\amd64_microsoft.windows.common-controls_6595b64144ccf1df_6.0.22000.120_none_9d947278b86cc467\COMCTL32.dll
0x00007ff99fdc0000 - 0x00007ff99fede000 	C:\WINDOWS\System32\gdi32full.dll
0x00007ff9a0b00000 - 0x00007ff9a0ba3000 	C:\WINDOWS\System32\msvcrt.dll
0x00007ff99f8f0000 - 0x00007ff99f98d000 	C:\WINDOWS\System32\msvcp_win.dll
0x00007ff9a0ea0000 - 0x00007ff9a0ed1000 	C:\WINDOWS\System32\IMM32.DLL
0x00007ff99c300000 - 0x00007ff99c30c000 	C:\Users\Lenovo\.jdks\openjdk-21.0.1\bin\vcruntime140_1.dll
0x00007ff97d5e0000 - 0x00007ff97d66e000 	C:\Users\Lenovo\.jdks\openjdk-21.0.1\bin\msvcp140.dll
0x00007ff929c20000 - 0x00007ff92a935000 	C:\Users\Lenovo\.jdks\openjdk-21.0.1\bin\server\jvm.dll
0x00007ff9a14c0000 - 0x00007ff9a156e000 	C:\WINDOWS\System32\ADVAPI32.dll
0x00007ff9a0390000 - 0x00007ff9a042e000 	C:\WINDOWS\System32\sechost.dll
0x00007ff9a0bb0000 - 0x00007ff9a0cd1000 	C:\WINDOWS\System32\RPCRT4.dll
0x00007ff9a13b0000 - 0x00007ff9a141f000 	C:\WINDOWS\System32\WS2_32.dll
0x00007ff99f620000 - 0x00007ff99f66d000 	C:\WINDOWS\SYSTEM32\POWRPROF.dll
0x00007ff997da0000 - 0x00007ff997dd3000 	C:\WINDOWS\SYSTEM32\WINMM.dll
0x00007ff998780000 - 0x00007ff99878a000 	C:\WINDOWS\SYSTEM32\VERSION.dll
0x00007ff99f600000 - 0x00007ff99f613000 	C:\WINDOWS\SYSTEM32\UMPDC.dll
0x00007ff99e9d0000 - 0x00007ff99e9e8000 	C:\WINDOWS\SYSTEM32\kernel.appcore.dll
0x00007ff9958b0000 - 0x00007ff9958ba000 	C:\Users\Lenovo\.jdks\openjdk-21.0.1\bin\jimage.dll
0x00007ff99cc50000 - 0x00007ff99ce71000 	C:\WINDOWS\SYSTEM32\DBGHELP.DLL
0x00007ff995af0000 - 0x00007ff995b21000 	C:\WINDOWS\SYSTEM32\dbgcore.DLL
0x00007ff9a0000000 - 0x00007ff9a007f000 	C:\WINDOWS\System32\bcryptPrimitives.dll
0x00007ff9954c0000 - 0x00007ff9954cf000 	C:\Users\Lenovo\.jdks\openjdk-21.0.1\bin\instrument.dll
0x00007ff98a730000 - 0x00007ff98a74f000 	C:\Users\Lenovo\.jdks\openjdk-21.0.1\bin\java.dll
0x00007ff9a15d0000 - 0x00007ff9a1d95000 	C:\WINDOWS\System32\SHELL32.dll
0x00007ff99d9c0000 - 0x00007ff99e222000 	C:\WINDOWS\SYSTEM32\windows.storage.dll
0x00007ff9a1000000 - 0x00007ff9a1376000 	C:\WINDOWS\System32\combase.dll
0x00007ff99d850000 - 0x00007ff99d9b7000 	C:\WINDOWS\SYSTEM32\wintypes.dll
0x00007ff9a0430000 - 0x00007ff9a051a000 	C:\WINDOWS\System32\SHCORE.dll
0x00007ff9a0fa0000 - 0x00007ff9a0ffd000 	C:\WINDOWS\System32\shlwapi.dll
0x00007ff99f820000 - 0x00007ff99f845000 	C:\WINDOWS\SYSTEM32\profapi.dll
0x00007ff97c650000 - 0x00007ff97c727000 	C:\Users\Lenovo\.jdks\openjdk-21.0.1\bin\jsvml.dll
0x00007ff98a650000 - 0x00007ff98a668000 	C:\Users\Lenovo\.jdks\openjdk-21.0.1\bin\zip.dll
0x00007ff98f6d0000 - 0x00007ff98f6e0000 	C:\Users\Lenovo\.jdks\openjdk-21.0.1\bin\net.dll
0x00007ff999c90000 - 0x00007ff999da4000 	C:\WINDOWS\SYSTEM32\WINHTTP.dll
0x00007ff99ee80000 - 0x00007ff99eee7000 	C:\WINDOWS\system32\mswsock.dll
0x00007ff98a5b0000 - 0x00007ff98a5c6000 	C:\Users\Lenovo\.jdks\openjdk-21.0.1\bin\nio.dll
0x00007ff98e080000 - 0x00007ff98e090000 	C:\Users\Lenovo\.jdks\openjdk-21.0.1\bin\verify.dll
0x00007ff975300000 - 0x00007ff975327000 	C:\Users\Lenovo\.gradle\native\c067742578af261105cb4f569cf0c3c89f3d7b1fecec35dd04571415982c5e48\windows-amd64\native-platform.dll
0x00007ff96c970000 - 0x00007ff96cab4000 	C:\Users\Lenovo\.gradle\native\38dada09dfb8b06ba9b0570ebf7e218e3eb74d4ef43ca46872605cf95ebc2f47\windows-amd64\native-platform-file-events.dll
0x00007ff98deb0000 - 0x00007ff98deba000 	C:\Users\Lenovo\.jdks\openjdk-21.0.1\bin\management.dll
0x00007ff98a720000 - 0x00007ff98a72b000 	C:\Users\Lenovo\.jdks\openjdk-21.0.1\bin\management_ext.dll
0x00007ff9a2160000 - 0x00007ff9a2168000 	C:\WINDOWS\System32\PSAPI.DLL
0x00007ff99f0d0000 - 0x00007ff99f0e8000 	C:\WINDOWS\SYSTEM32\CRYPTSP.dll
0x00007ff99e930000 - 0x00007ff99e965000 	C:\WINDOWS\system32\rsaenh.dll
0x00007ff99ef70000 - 0x00007ff99ef9c000 	C:\WINDOWS\SYSTEM32\USERENV.dll
0x00007ff99f240000 - 0x00007ff99f267000 	C:\WINDOWS\SYSTEM32\bcrypt.dll
0x00007ff99f0c0000 - 0x00007ff99f0cc000 	C:\WINDOWS\SYSTEM32\CRYPTBASE.dll
0x00007ff99e5a0000 - 0x00007ff99e5cd000 	C:\WINDOWS\SYSTEM32\IPHLPAPI.DLL
0x00007ff9a1da0000 - 0x00007ff9a1da9000 	C:\WINDOWS\System32\NSI.dll
0x00007ff98a5a0000 - 0x00007ff98a5a7000 	C:\Users\Lenovo\.jdks\openjdk-21.0.1\bin\extnet.dll
0x00007ff98a430000 - 0x00007ff98a43e000 	C:\Users\Lenovo\.jdks\openjdk-21.0.1\bin\sunmscapi.dll
0x00007ff9a0140000 - 0x00007ff9a02a2000 	C:\WINDOWS\System32\CRYPT32.dll
0x00007ff99f210000 - 0x00007ff99f238000 	C:\WINDOWS\SYSTEM32\ncrypt.dll
0x00007ff99f1d0000 - 0x00007ff99f207000 	C:\WINDOWS\SYSTEM32\NTASN1.dll
0x00007ff975110000 - 0x00007ff975118000 	C:\WINDOWS\system32\wshunix.dll

dbghelp: loaded successfully - version: 4.0.5 - missing functions: none
symbol engine: initialized successfully - sym options: 0x614 - pdb path: .;C:\Users\Lenovo\.jdks\openjdk-21.0.1\bin;C:\WINDOWS\SYSTEM32;C:\WINDOWS\WinSxS\amd64_microsoft.windows.common-controls_6595b64144ccf1df_6.0.22000.120_none_9d947278b86cc467;C:\Users\Lenovo\.jdks\openjdk-21.0.1\bin\server;C:\Users\Lenovo\.gradle\native\c067742578af261105cb4f569cf0c3c89f3d7b1fecec35dd04571415982c5e48\windows-amd64;C:\Users\Lenovo\.gradle\native\38dada09dfb8b06ba9b0570ebf7e218e3eb74d4ef43ca46872605cf95ebc2f47\windows-amd64

VM Arguments:
jvm_args: --add-opens=java.base/java.util=ALL-UNNAMED --add-opens=java.base/java.lang=ALL-UNNAMED --add-opens=java.base/java.lang.invoke=ALL-UNNAMED --add-opens=java.prefs/java.util.prefs=ALL-UNNAMED --add-opens=java.base/java.nio.charset=ALL-UNNAMED --add-opens=java.base/java.net=ALL-UNNAMED --add-opens=java.base/java.util.concurrent.atomic=ALL-UNNAMED -XX:MaxMetaspaceSize=384m -XX:+HeapDumpOnOutOfMemoryError -Xms256m -Xmx512m -Dfile.encoding=GBK -Duser.country=CN -Duser.language=zh -Duser.variant -javaagent:C:\Users\Lenovo\.gradle\wrapper\dists\gradle-8.6-bin\afr5mpiioh2wthjmwnkmdsd5w\gradle-8.6\lib\agents\gradle-instrumentation-agent-8.6.jar
java_command: org.gradle.launcher.daemon.bootstrap.GradleDaemon 8.6
java_class_path (initial): C:\Users\Lenovo\.gradle\wrapper\dists\gradle-8.6-bin\afr5mpiioh2wthjmwnkmdsd5w\gradle-8.6\lib\gradle-launcher-8.6.jar
Launcher Type: SUN_STANDARD

[Global flags]
     intx CICompilerCount                          = 4                                         {product} {ergonomic}
   size_t CompressedClassSpaceSize                 = 335544320                                 {product} {ergonomic}
     uint ConcGCThreads                            = 3                                         {product} {ergonomic}
     uint G1ConcRefinementThreads                  = 10                                        {product} {ergonomic}
   size_t G1HeapRegionSize                         = 1048576                                   {product} {ergonomic}
    uintx GCDrainStackTargetSize                   = 64                                        {product} {ergonomic}
     bool HeapDumpOnOutOfMemoryError               = true                                   {manageable} {command line}
   size_t InitialHeapSize                          = 268435456                                 {product} {command line}
   size_t MarkStackSize                            = 4194304                                   {product} {ergonomic}
   size_t MaxHeapSize                              = 536870912                                 {product} {command line}
   size_t MaxMetaspaceSize                         = 402653184                                 {product} {command line}
   size_t MaxNewSize                               = 321912832                                 {product} {ergonomic}
   size_t MinHeapDeltaBytes                        = 1048576                                   {product} {ergonomic}
   size_t MinHeapSize                              = 268435456                                 {product} {command line}
    uintx NonNMethodCodeHeapSize                   = 5839372                                {pd product} {ergonomic}
    uintx NonProfiledCodeHeapSize                  = 122909434                              {pd product} {ergonomic}
    uintx ProfiledCodeHeapSize                     = 122909434                              {pd product} {ergonomic}
    uintx ReservedCodeCacheSize                    = 251658240                              {pd product} {ergonomic}
     bool SegmentedCodeCache                       = true                                      {product} {ergonomic}
   size_t SoftMaxHeapSize                          = 536870912                              {manageable} {ergonomic}
     bool UseCompressedOops                        = true                           {product lp64_product} {ergonomic}
     bool UseG1GC                                  = true                                      {product} {ergonomic}
     bool UseLargePagesIndividualAllocation        = false                                  {pd product} {ergonomic}

Logging:
Log output configuration:
 #0: stdout all=warning uptime,level,tags foldmultilines=false
 #1: stderr all=off uptime,level,tags foldmultilines=false

Environment Variables:
PATH=C:\Program Files\Common Files\Oracle\Java\javapath;C:\Program Files\Python311\Scripts\;C:\Program Files\Python311\;C:\ProgramData\Oracle\Java\javapath;C:\Program Files (x86)\Common Files\Oracle\Java\javapath;C:\Windows\system32;C:\Windows;C:\Windows\System32\Wbem;C:\Windows\System32\WindowsPowerShell\v1.0\;C:\Windows\System32\OpenSSH\;C:\Program Files (x86)\NVIDIA Corporation\PhysX\Common;C:\Program Files\NVIDIA Corporation\NVIDIA NvDLISR;C:\WINDOWS\system32;C:\WINDOWS;C:\WINDOWS\System32\Wbem;C:\WINDOWS\System32\WindowsPowerShell\v1.0\;C:\WINDOWS\System32\OpenSSH\;D:\Node JS\;C:\ProgramData\chocolatey\bin;D:\Microsoft VS Code\bin;C:\Program Files\dotnet\;D:\apache-maven-3.9.6-bin\bin;D:\apache-maven-3.9.6\bin;D:\Git\cmd;C:\Program Files\MySQL\MySQL Shell 8.0\bin\;C:\Users\Lenovo\AppData\Local\Microsoft\WindowsApps;;D:\intellijidea\IntelliJ IDEA 2020.2.3\bin;;C:\Users\Lenovo\AppData\Roaming\npm;D:\pycharm\PyCharm Community Edition 2022.3.1\bin;;D:\IntelliJ IDEA Community Edition 2024.1.4\bin;
USERNAME=Lenovo
OS=Windows_NT
PROCESSOR_IDENTIFIER=AMD64 Family 25 Model 80 Stepping 0, AuthenticAMD
TMP=C:\Users\Lenovo\AppData\Local\Temp
TEMP=C:\Users\Lenovo\AppData\Local\Temp




Periodic native trim disabled

---------------  S Y S T E M  ---------------

OS:
 Windows 11 , 64 bit Build 22000 (10.0.22000.2538)
OS uptime: 7 days 7:54 hours

CPU: total 12 (initial active 12) (12 cores per cpu, 2 threads per core) family 25 model 80 stepping 0 microcode 0x0, cx8, cmov, fxsr, ht, mmx, 3dnowpref, sse, sse2, sse3, ssse3, sse4a, sse4.1, sse4.2, popcnt, lzcnt, tsc, tscinvbit, avx, avx2, aes, erms, clmul, bmi1, bmi2, adx, sha, fma, vzeroupper, clflush, clflushopt, rdtscp, rdpid, fsrm, f16c, pku, cet_ss
Processor Information for all 12 processors :
  Max Mhz: 2301, Current Mhz: 2301, Mhz Limit: 2301

Memory: 4k page, system-wide physical 14188M (479M free)
TotalPageFile size 39788M (AvailPageFile size 12M)
current process WorkingSet (physical memory assigned to process): 185M, peak: 185M
current process commit charge ("private bytes"): 406M, peak: 406M

vm_info: OpenJDK 64-Bit Server VM (21.0.1+12-29) for windows-amd64 JRE (21.0.1+12-29), built on 2023-10-05T13:27:09Z by "mach5one" with MS VC++ 17.1 (VS2022)

END.
