#
# There is insufficient memory for the Java Runtime Environment to continue.
# Native memory allocation (malloc) failed to allocate 976096 bytes for Chunk::new
# Possible reasons:
#   The system is out of physical RAM or swap space
#   The process is running with CompressedOops enabled, and the Java Heap may be blocking the growth of the native heap
# Possible solutions:
#   Reduce memory load on the system
#   Increase physical memory or swap space
#   Check if swap backing store is full
#   Decrease Java heap size (-Xmx/-Xms)
#   Decrease number of Java threads
#   Decrease Java thread stack sizes (-Xss)
#   Set larger code cache with -XX:ReservedCodeCacheSize=
#   JVM is running with Unscaled Compressed Oops mode in which the Java heap is
#     placed in the first 4GB address space. The Java Heap base address is the
#     maximum limit for the native heap growth. Please use -XX:HeapBaseMinAddress
#     to set the Java Heap base and to place the Java Heap above 4GB virtual address.
# This output file may be truncated or incomplete.
#
#  Out of Memory Error (arena.cpp:168), pid=116116, tid=115880
#
# JRE version: OpenJDK Runtime Environment (21.0.1+12) (build 21.0.1+12-29)
# Java VM: OpenJDK 64-Bit Server VM (21.0.1+12-29, mixed mode, sharing, tiered, compressed oops, compressed class ptrs, g1 gc, windows-amd64)
# No core dump will be written. Minidumps are not enabled by default on client versions of Windows
#

---------------  S U M M A R Y ------------

Command Line: --add-opens=java.base/java.util=ALL-UNNAMED --add-opens=java.base/java.lang=ALL-UNNAMED --add-opens=java.base/java.lang.invoke=ALL-UNNAMED --add-opens=java.prefs/java.util.prefs=ALL-UNNAMED --add-opens=java.base/java.nio.charset=ALL-UNNAMED --add-opens=java.base/java.net=ALL-UNNAMED --add-opens=java.base/java.util.concurrent.atomic=ALL-UNNAMED -XX:MaxMetaspaceSize=384m -XX:+HeapDumpOnOutOfMemoryError -Xms256m -Xmx512m -Dfile.encoding=GBK -Duser.country=CN -Duser.language=zh -Duser.variant -javaagent:C:\Users\Lenovo\.gradle\wrapper\dists\gradle-8.6-bin\afr5mpiioh2wthjmwnkmdsd5w\gradle-8.6\lib\agents\gradle-instrumentation-agent-8.6.jar org.gradle.launcher.daemon.bootstrap.GradleDaemon 8.6

Host: AMD Ryzen 5 5600U with Radeon Graphics         , 12 cores, 13G,  Windows 11 , 64 bit Build 22000 (10.0.22000.2538)
Time: Tue Aug  6 17:10:05 2024  Windows 11 , 64 bit Build 22000 (10.0.22000.2538) elapsed time: 8.364853 seconds (0d 0h 0m 8s)

---------------  T H R E A D  ---------------

Current thread (0x00000270e8056e80):  JavaThread "C2 CompilerThread1" daemon [_thread_in_native, id=115880, stack(0x0000007281f00000,0x0000007282000000) (1024K)]


Current CompileTask:
C2:   8365 7290       4       sun.reflect.generics.parser.SignatureParser::parsePackageNameAndSimpleClassTypeSignature (119 bytes)

Stack: [0x0000007281f00000,0x0000007282000000]
Native frames: (J=compiled Java code, j=interpreted, Vv=VM code, C=native code)
V  [jvm.dll+0x6c9029]
V  [jvm.dll+0x854b81]
V  [jvm.dll+0x856e5e]
V  [jvm.dll+0x857543]
V  [jvm.dll+0x280c06]
V  [jvm.dll+0xc3ead]
V  [jvm.dll+0xc43c3]
V  [jvm.dll+0x2f3f3f]
V  [jvm.dll+0x5f40a6]
V  [jvm.dll+0x252bef]
V  [jvm.dll+0x252fbf]
V  [jvm.dll+0x24b734]
V  [jvm.dll+0x248fa3]
V  [jvm.dll+0x1c9ca1]
V  [jvm.dll+0x2586b9]
V  [jvm.dll+0x256c9a]
V  [jvm.dll+0x3ef1b6]
V  [jvm.dll+0x7fd728]
V  [jvm.dll+0x6c777d]
C  [ucrtbase.dll+0x26c0c]
C  [KERNEL32.DLL+0x153e0]
C  [ntdll.dll+0x485b]


---------------  P R O C E S S  ---------------

Threads class SMR info:
_java_thread_list=0x00000270e7f5ba60, length=66, elements={
0x00000270acf2d980, 0x00000270ca1ee080, 0x00000270ca21e0c0, 0x00000270ca21ff00,
0x00000270ca220570, 0x00000270ca221bf0, 0x00000270ca1f5160, 0x00000270ca22bcf0,
0x00000270ca22c3a0, 0x00000270ca2e91d0, 0x00000270ca505790, 0x00000270e4e696d0,
0x00000270e4e4acc0, 0x00000270e53cf6a0, 0x00000270e4e464e0, 0x00000270e4eab540,
0x00000270e52d5830, 0x00000270e52d66c0, 0x00000270e5358f30, 0x00000270e535b000,
0x00000270e53588a0, 0x00000270e535b690, 0x00000270e5358210, 0x00000270e535a970,
0x00000270e535a2e0, 0x00000270e5da7130, 0x00000270e5da7e50, 0x00000270e5da5d80,
0x00000270e5da77c0, 0x00000270e5da56f0, 0x00000270e5da84e0, 0x00000270e5da5060,
0x00000270e5da6aa0, 0x00000270e79da060, 0x00000270e79d9340, 0x00000270e79d7900,
0x00000270e79dc130, 0x00000270e79d5ec0, 0x00000270e79dd4e0, 0x00000270e79d8620,
0x00000270e79dc7c0, 0x00000270e79db410, 0x00000270e79da6f0, 0x00000270e79d6be0,
0x00000270e79d8cb0, 0x00000270e79d99d0, 0x00000270e79d7270, 0x00000270e79dad80,
0x00000270e79dce50, 0x00000270e79d6550, 0x00000270ca65b280, 0x00000270ca657e00,
0x00000270ca65c630, 0x00000270ca65b910, 0x00000270ca6570e0, 0x00000270ca658490,
0x00000270ca659840, 0x00000270ca659ed0, 0x00000270ca65abf0, 0x00000270ca65a560,
0x00000270ca6563c0, 0x00000270ca65ccc0, 0x00000270ca65d9e0, 0x00000270ca65bfa0,
0x00000270e8056e80, 0x00000270ca656a50
}

Java Threads: ( => current thread )
  0x00000270acf2d980 JavaThread "main"                              [_thread_blocked, id=110908, stack(0x00000072fcb00000,0x00000072fcc00000) (1024K)]
  0x00000270ca1ee080 JavaThread "Reference Handler"          daemon [_thread_blocked, id=114312, stack(0x00000072fd300000,0x00000072fd400000) (1024K)]
  0x00000270ca21e0c0 JavaThread "Finalizer"                  daemon [_thread_blocked, id=111408, stack(0x00000072fd400000,0x00000072fd500000) (1024K)]
  0x00000270ca21ff00 JavaThread "Signal Dispatcher"          daemon [_thread_blocked, id=115568, stack(0x00000072fd500000,0x00000072fd600000) (1024K)]
  0x00000270ca220570 JavaThread "Attach Listener"            daemon [_thread_blocked, id=115564, stack(0x00000072fd600000,0x00000072fd700000) (1024K)]
  0x00000270ca221bf0 JavaThread "Service Thread"             daemon [_thread_blocked, id=106332, stack(0x00000072fd700000,0x00000072fd800000) (1024K)]
  0x00000270ca1f5160 JavaThread "Monitor Deflation Thread"   daemon [_thread_blocked, id=109888, stack(0x00000072fd800000,0x00000072fd900000) (1024K)]
  0x00000270ca22bcf0 JavaThread "C2 CompilerThread0"         daemon [_thread_in_native, id=70372, stack(0x00000072fd900000,0x00000072fda00000) (1024K)]
  0x00000270ca22c3a0 JavaThread "C1 CompilerThread0"         daemon [_thread_blocked, id=116412, stack(0x00000072fda00000,0x00000072fdb00000) (1024K)]
  0x00000270ca2e91d0 JavaThread "Common-Cleaner"             daemon [_thread_blocked, id=100816, stack(0x00000072fdb00000,0x00000072fdc00000) (1024K)]
  0x00000270ca505790 JavaThread "Notification Thread"        daemon [_thread_blocked, id=110224, stack(0x00000072fdc00000,0x00000072fdd00000) (1024K)]
  0x00000270e4e696d0 JavaThread "Daemon health stats"               [_thread_blocked, id=115572, stack(0x00000072fe300000,0x00000072fe400000) (1024K)]
  0x00000270e4e4acc0 JavaThread "Incoming local TCP Connector on port 63888"        [_thread_in_native, id=113700, stack(0x00000072fe400000,0x00000072fe500000) (1024K)]
  0x00000270e53cf6a0 JavaThread "Daemon periodic checks"            [_thread_blocked, id=114736, stack(0x00000072fe500000,0x00000072fe600000) (1024K)]
  0x00000270e4e464e0 JavaThread "Daemon"                            [_thread_blocked, id=115792, stack(0x00000072fe600000,0x00000072fe700000) (1024K)]
  0x00000270e4eab540 JavaThread "Handler for socket connection from /127.0.0.1:63888 to /127.0.0.1:63889"        [_thread_in_native, id=109352, stack(0x00000072fe700000,0x00000072fe800000) (1024K)]
  0x00000270e52d5830 JavaThread "Cancel handler"                    [_thread_blocked, id=115080, stack(0x00000072fe800000,0x00000072fe900000) (1024K)]
  0x00000270e52d66c0 JavaThread "Daemon worker"                     [_thread_in_vm, id=116308, stack(0x00000072fe900000,0x00000072fea00000) (1024K)]
  0x00000270e5358f30 JavaThread "Asynchronous log dispatcher for DefaultDaemonConnection: socket connection from /127.0.0.1:63888 to /127.0.0.1:63889"        [_thread_blocked, id=114304, stack(0x00000072fea00000,0x00000072feb00000) (1024K)]
  0x00000270e535b000 JavaThread "Stdin handler"                     [_thread_blocked, id=115856, stack(0x00000072feb00000,0x00000072fec00000) (1024K)]
  0x00000270e53588a0 JavaThread "Daemon client event forwarder"        [_thread_blocked, id=116120, stack(0x00000072fec00000,0x00000072fed00000) (1024K)]
  0x00000270e535b690 JavaThread "Cache worker for journal cache (C:\Users\Lenovo\.gradle\caches\journal-1)"        [_thread_blocked, id=109712, stack(0x00000072fed00000,0x00000072fee00000) (1024K)]
  0x00000270e5358210 JavaThread "File lock request listener"        [_thread_in_native, id=115604, stack(0x00000072fee00000,0x00000072fef00000) (1024K)]
  0x00000270e535a970 JavaThread "Cache worker for file hash cache (C:\Users\Lenovo\.gradle\caches\8.6\fileHashes)"        [_thread_blocked, id=100288, stack(0x00000072fef00000,0x00000072ff000000) (1024K)]
  0x00000270e535a2e0 JavaThread "File watcher server"        daemon [_thread_in_native, id=114704, stack(0x00000072ff600000,0x00000072ff700000) (1024K)]
  0x00000270e5da7130 JavaThread "File watcher consumer"      daemon [_thread_blocked, id=116564, stack(0x00000072ff700000,0x00000072ff800000) (1024K)]
  0x00000270e5da7e50 JavaThread "Cache worker for checksums cache (D:\gtnhcode\Hyperdimensional-Tech\.gradle\8.6\checksums)"        [_thread_blocked, id=112200, stack(0x00000072ff800000,0x00000072ff900000) (1024K)]
  0x00000270e5da5d80 JavaThread "Cache worker for file hash cache (D:\gtnhcode\Hyperdimensional-Tech\.gradle\8.6\fileHashes)"        [_thread_blocked, id=101308, stack(0x00000072ff900000,0x00000072ffa00000) (1024K)]
  0x00000270e5da77c0 JavaThread "Cache worker for cache directory md-supplier (C:\Users\Lenovo\.gradle\caches\8.6\md-supplier)"        [_thread_blocked, id=110232, stack(0x00000072ffa00000,0x00000072ffb00000) (1024K)]
  0x00000270e5da56f0 JavaThread "Cache worker for cache directory md-rule (C:\Users\Lenovo\.gradle\caches\8.6\md-rule)"        [_thread_blocked, id=116160, stack(0x00000072ffb00000,0x00000072ffc00000) (1024K)]
  0x00000270e5da84e0 JavaThread "Cache worker for file content cache (C:\Users\Lenovo\.gradle\caches\8.6\fileContent)"        [_thread_blocked, id=102136, stack(0x00000072ffc00000,0x00000072ffd00000) (1024K)]
  0x00000270e5da5060 JavaThread "jar transforms"                    [_thread_blocked, id=116028, stack(0x00000072ffd00000,0x00000072ffe00000) (1024K)]
  0x00000270e5da6aa0 JavaThread "jar transforms Thread 2"           [_thread_blocked, id=84760, stack(0x00000072ffe00000,0x00000072fff00000) (1024K)]
  0x00000270e79da060 JavaThread "jar transforms Thread 3"           [_thread_blocked, id=110484, stack(0x00000072fff00000,0x0000007300000000) (1024K)]
  0x00000270e79d9340 JavaThread "jar transforms Thread 4"           [_thread_blocked, id=115908, stack(0x0000007280000000,0x0000007280100000) (1024K)]
  0x00000270e79d7900 JavaThread "jar transforms Thread 5"           [_thread_blocked, id=116252, stack(0x0000007280100000,0x0000007280200000) (1024K)]
  0x00000270e79dc130 JavaThread "jar transforms Thread 6"           [_thread_blocked, id=107676, stack(0x0000007280200000,0x0000007280300000) (1024K)]
  0x00000270e79d5ec0 JavaThread "jar transforms Thread 7"           [_thread_blocked, id=114036, stack(0x0000007280300000,0x0000007280400000) (1024K)]
  0x00000270e79dd4e0 JavaThread "Unconstrained build operations"        [_thread_blocked, id=116136, stack(0x0000007280400000,0x0000007280500000) (1024K)]
  0x00000270e79d8620 JavaThread "Unconstrained build operations Thread 2"        [_thread_blocked, id=112352, stack(0x0000007280500000,0x0000007280600000) (1024K)]
  0x00000270e79dc7c0 JavaThread "Unconstrained build operations Thread 3"        [_thread_blocked, id=114484, stack(0x0000007280600000,0x0000007280700000) (1024K)]
  0x00000270e79db410 JavaThread "Unconstrained build operations Thread 4"        [_thread_blocked, id=115548, stack(0x0000007280700000,0x0000007280800000) (1024K)]
  0x00000270e79da6f0 JavaThread "Unconstrained build operations Thread 5"        [_thread_blocked, id=115800, stack(0x0000007280800000,0x0000007280900000) (1024K)]
  0x00000270e79d6be0 JavaThread "Unconstrained build operations Thread 6"        [_thread_blocked, id=115836, stack(0x0000007280900000,0x0000007280a00000) (1024K)]
  0x00000270e79d8cb0 JavaThread "Unconstrained build operations Thread 7"        [_thread_blocked, id=62668, stack(0x0000007280a00000,0x0000007280b00000) (1024K)]
  0x00000270e79d99d0 JavaThread "Unconstrained build operations Thread 8"        [_thread_blocked, id=110700, stack(0x0000007280b00000,0x0000007280c00000) (1024K)]
  0x00000270e79d7270 JavaThread "Unconstrained build operations Thread 9"        [_thread_blocked, id=115816, stack(0x0000007280c00000,0x0000007280d00000) (1024K)]
  0x00000270e79dad80 JavaThread "Unconstrained build operations Thread 10"        [_thread_blocked, id=109220, stack(0x0000007280d00000,0x0000007280e00000) (1024K)]
  0x00000270e79dce50 JavaThread "Unconstrained build operations Thread 11"        [_thread_blocked, id=112668, stack(0x0000007280e00000,0x0000007280f00000) (1024K)]
  0x00000270e79d6550 JavaThread "jar transforms Thread 8"           [_thread_blocked, id=97008, stack(0x0000007281000000,0x0000007281100000) (1024K)]
  0x00000270ca65b280 JavaThread "jar transforms Thread 9"           [_thread_blocked, id=111064, stack(0x0000007281100000,0x0000007281200000) (1024K)]
  0x00000270ca657e00 JavaThread "Cache worker for Build Output Cleanup Cache (D:\gtnhcode\Hyperdimensional-Tech\.gradle\buildOutputCleanup)"        [_thread_blocked, id=99488, stack(0x0000007281200000,0x0000007281300000) (1024K)]
  0x00000270ca65c630 JavaThread "Unconstrained build operations Thread 12"        [_thread_blocked, id=115404, stack(0x0000007281300000,0x0000007281400000) (1024K)]
  0x00000270ca65b910 JavaThread "Unconstrained build operations Thread 13"        [_thread_blocked, id=96536, stack(0x0000007281400000,0x0000007281500000) (1024K)]
  0x00000270ca6570e0 JavaThread "Unconstrained build operations Thread 14"        [_thread_blocked, id=116184, stack(0x0000007281500000,0x0000007281600000) (1024K)]
  0x00000270ca658490 JavaThread "Unconstrained build operations Thread 15"        [_thread_blocked, id=116716, stack(0x0000007281600000,0x0000007281700000) (1024K)]
  0x00000270ca659840 JavaThread "Unconstrained build operations Thread 16"        [_thread_blocked, id=115084, stack(0x0000007281700000,0x0000007281800000) (1024K)]
  0x00000270ca659ed0 JavaThread "Unconstrained build operations Thread 17"        [_thread_blocked, id=116192, stack(0x0000007281800000,0x0000007281900000) (1024K)]
  0x00000270ca65abf0 JavaThread "Unconstrained build operations Thread 18"        [_thread_blocked, id=113264, stack(0x0000007281900000,0x0000007281a00000) (1024K)]
  0x00000270ca65a560 JavaThread "Unconstrained build operations Thread 19"        [_thread_blocked, id=100688, stack(0x0000007281a00000,0x0000007281b00000) (1024K)]
  0x00000270ca6563c0 JavaThread "Unconstrained build operations Thread 20"        [_thread_blocked, id=111960, stack(0x0000007281b00000,0x0000007281c00000) (1024K)]
  0x00000270ca65ccc0 JavaThread "Unconstrained build operations Thread 21"        [_thread_blocked, id=115344, stack(0x0000007281c00000,0x0000007281d00000) (1024K)]
  0x00000270ca65d9e0 JavaThread "Unconstrained build operations Thread 22"        [_thread_blocked, id=115280, stack(0x0000007281d00000,0x0000007281e00000) (1024K)]
  0x00000270ca65bfa0 JavaThread "Memory manager"                    [_thread_blocked, id=86408, stack(0x0000007281e00000,0x0000007281f00000) (1024K)]
=>0x00000270e8056e80 JavaThread "C2 CompilerThread1"         daemon [_thread_in_native, id=115880, stack(0x0000007281f00000,0x0000007282000000) (1024K)]
  0x00000270ca656a50 JavaThread "JGit-FileStoreAttributeReader-1" daemon [_thread_blocked, id=62788, stack(0x0000007280f00000,0x0000007281000000) (1024K)]
Total: 66

Other Threads:
  0x00000270ca1d3970 VMThread "VM Thread"                           [id=97948, stack(0x00000072fd200000,0x00000072fd300000) (1024K)]
  0x00000270ca1ba300 WatcherThread "VM Periodic Task Thread"        [id=113372, stack(0x00000072fd100000,0x00000072fd200000) (1024K)]
  0x00000270af1e29c0 WorkerThread "GC Thread#0"                     [id=113952, stack(0x00000072fcc00000,0x00000072fcd00000) (1024K)]
  0x00000270ca1d3d10 WorkerThread "GC Thread#1"                     [id=113500, stack(0x00000072fde00000,0x00000072fdf00000) (1024K)]
  0x00000270ca1d4f30 WorkerThread "GC Thread#2"                     [id=81392, stack(0x00000072fdf00000,0x00000072fe000000) (1024K)]
  0x00000270ca1d35d0 WorkerThread "GC Thread#3"                     [id=115068, stack(0x00000072fe000000,0x00000072fe100000) (1024K)]
  0x00000270ca1d4450 WorkerThread "GC Thread#4"                     [id=115268, stack(0x00000072fe100000,0x00000072fe200000) (1024K)]
  0x00000270ca1d47f0 WorkerThread "GC Thread#5"                     [id=114080, stack(0x00000072fe200000,0x00000072fe300000) (1024K)]
  0x00000270e5139f40 WorkerThread "GC Thread#6"                     [id=110644, stack(0x00000072ff000000,0x00000072ff100000) (1024K)]
  0x00000270e5138d20 WorkerThread "GC Thread#7"                     [id=115780, stack(0x00000072ff100000,0x00000072ff200000) (1024K)]
  0x00000270e5139800 WorkerThread "GC Thread#8"                     [id=113504, stack(0x00000072ff200000,0x00000072ff300000) (1024K)]
  0x00000270e513a2e0 WorkerThread "GC Thread#9"                     [id=112492, stack(0x00000072ff300000,0x00000072ff400000) (1024K)]
  0x00000270af1e7a60 ConcurrentGCThread "G1 Main Marker"            [id=69208, stack(0x00000072fcd00000,0x00000072fce00000) (1024K)]
  0x00000270af1ea480 WorkerThread "G1 Conc#0"                       [id=116000, stack(0x00000072fce00000,0x00000072fcf00000) (1024K)]
  0x00000270e5137b00 WorkerThread "G1 Conc#1"                       [id=104312, stack(0x00000072ff400000,0x00000072ff500000) (1024K)]
  0x00000270e5137ea0 WorkerThread "G1 Conc#2"                       [id=116260, stack(0x00000072ff500000,0x00000072ff600000) (1024K)]
  0x00000270ca08f9e0 ConcurrentGCThread "G1 Refine#0"               [id=115668, stack(0x00000072fcf00000,0x00000072fd000000) (1024K)]
  0x00000270ca092080 ConcurrentGCThread "G1 Service"                [id=114852, stack(0x00000072fd000000,0x00000072fd100000) (1024K)]
Total: 18

Threads with active compile tasks:
C2 CompilerThread0     8425 7252 %     4       org.gradle.internal.instantiation.generator.AbstractClassGenerator::inspectType @ 107 (560 bytes)
C1 CompilerThread0     8425 7344       3       org.gradle.internal.snapshot.impl.AbstractValueProcessor::processValue (775 bytes)
C2 CompilerThread1     8425 7290       4       sun.reflect.generics.parser.SignatureParser::parsePackageNameAndSimpleClassTypeSignature (119 bytes)
Total: 3

VM state: not at safepoint (normal execution)

VM Mutex/Monitor currently owned by a thread: None

Heap address: 0x00000000e0000000, size: 512 MB, Compressed Oops mode: 32-bit

CDS archive(s) mapped at: [0x00000270cb000000-0x00000270cbc90000-0x00000270cbc90000), size 13172736, SharedBaseAddress: 0x00000270cb000000, ArchiveRelocationMode: 1.
Compressed class space mapped at: 0x00000270cc000000-0x00000270e0000000, reserved size: 335544320
Narrow klass base: 0x00000270cb000000, Narrow klass shift: 0, Narrow klass range: 0x100000000

GC Precious Log:
 CardTable entry size: 512
 Card Set container configuration: InlinePtr #cards 5 size 8 Array Of Cards #cards 12 size 40 Howl #buckets 4 coarsen threshold 1843 Howl Bitmap #cards 512 size 80 coarsen threshold 460 Card regions per heap region 1 cards per card region 2048
 CPUs: 12 total, 12 available
 Memory: 14188M
 Large Page Support: Disabled
 NUMA Support: Disabled
 Compressed Oops: Enabled (32-bit)
 Heap Region Size: 1M
 Heap Min Capacity: 256M
 Heap Initial Capacity: 256M
 Heap Max Capacity: 512M
 Pre-touch: Disabled
 Parallel Workers: 10
 Concurrent Workers: 3
 Concurrent Refinement Workers: 10
 Periodic GC: Disabled

Heap:
 garbage-first heap   total 262144K, used 81046K [0x00000000e0000000, 0x0000000100000000)
  region size 1024K, 23 young (23552K), 11 survivors (11264K)
 Metaspace       used 59056K, committed 60992K, reserved 393216K
  class space    used 8453K, committed 9408K, reserved 327680K

Heap Regions: E=young(eden), S=young(survivor), O=old, HS=humongous(starts), HC=humongous(continues), CS=collection set, F=free, TAMS=top-at-mark-start, PB=parsable bottom
|   0|0x00000000e0000000, 0x00000000e0100000, 0x00000000e0100000|100%|HS|  |TAMS 0x00000000e0000000| PB 0x00000000e0000000| Complete
|   1|0x00000000e0100000, 0x00000000e0200000, 0x00000000e0200000|100%|HC|  |TAMS 0x00000000e0100000| PB 0x00000000e0100000| Complete
|   2|0x00000000e0200000, 0x00000000e0300000, 0x00000000e0300000|100%|HC|  |TAMS 0x00000000e0200000| PB 0x00000000e0200000| Complete
|   3|0x00000000e0300000, 0x00000000e0400000, 0x00000000e0400000|100%|HC|  |TAMS 0x00000000e0300000| PB 0x00000000e0300000| Complete
|   4|0x00000000e0400000, 0x00000000e0500000, 0x00000000e0500000|100%| O|  |TAMS 0x00000000e0400000| PB 0x00000000e0400000| Untracked
|   5|0x00000000e0500000, 0x00000000e0600000, 0x00000000e0600000|100%| O|  |TAMS 0x00000000e0500000| PB 0x00000000e0500000| Untracked
|   6|0x00000000e0600000, 0x00000000e0700000, 0x00000000e0700000|100%| O|  |TAMS 0x00000000e0600000| PB 0x00000000e0600000| Untracked
|   7|0x00000000e0700000, 0x00000000e0800000, 0x00000000e0800000|100%| O|  |TAMS 0x00000000e0700000| PB 0x00000000e0700000| Untracked
|   8|0x00000000e0800000, 0x00000000e0900000, 0x00000000e0900000|100%| O|  |TAMS 0x00000000e0800000| PB 0x00000000e0800000| Untracked
|   9|0x00000000e0900000, 0x00000000e0a00000, 0x00000000e0a00000|100%| O|  |TAMS 0x00000000e0900000| PB 0x00000000e0900000| Untracked
|  10|0x00000000e0a00000, 0x00000000e0b00000, 0x00000000e0b00000|100%| O|  |TAMS 0x00000000e0a00000| PB 0x00000000e0a00000| Untracked
|  11|0x00000000e0b00000, 0x00000000e0c00000, 0x00000000e0c00000|100%| O|  |TAMS 0x00000000e0b00000| PB 0x00000000e0b00000| Untracked
|  12|0x00000000e0c00000, 0x00000000e0d00000, 0x00000000e0d00000|100%| O|  |TAMS 0x00000000e0c00000| PB 0x00000000e0c00000| Untracked
|  13|0x00000000e0d00000, 0x00000000e0e00000, 0x00000000e0e00000|100%| O|  |TAMS 0x00000000e0d00000| PB 0x00000000e0d00000| Untracked
|  14|0x00000000e0e00000, 0x00000000e0f00000, 0x00000000e0f00000|100%| O|  |TAMS 0x00000000e0e00000| PB 0x00000000e0e00000| Untracked
|  15|0x00000000e0f00000, 0x00000000e1000000, 0x00000000e1000000|100%| O|  |TAMS 0x00000000e0f00000| PB 0x00000000e0f00000| Untracked
|  16|0x00000000e1000000, 0x00000000e1100000, 0x00000000e1100000|100%| O|  |TAMS 0x00000000e1000000| PB 0x00000000e1000000| Untracked
|  17|0x00000000e1100000, 0x00000000e1200000, 0x00000000e1200000|100%| O|  |TAMS 0x00000000e1100000| PB 0x00000000e1100000| Untracked
|  18|0x00000000e1200000, 0x00000000e1300000, 0x00000000e1300000|100%| O|  |TAMS 0x00000000e1200000| PB 0x00000000e1200000| Untracked
|  19|0x00000000e1300000, 0x00000000e1400000, 0x00000000e1400000|100%| O|  |TAMS 0x00000000e1300000| PB 0x00000000e1300000| Untracked
|  20|0x00000000e1400000, 0x00000000e1500000, 0x00000000e1500000|100%| O|  |TAMS 0x00000000e1400000| PB 0x00000000e1400000| Untracked
|  21|0x00000000e1500000, 0x00000000e1600000, 0x00000000e1600000|100%| O|  |TAMS 0x00000000e1500000| PB 0x00000000e1500000| Untracked
|  22|0x00000000e1600000, 0x00000000e1700000, 0x00000000e1700000|100%| O|Cm|TAMS 0x00000000e1600000| PB 0x00000000e1600000| Complete
|  23|0x00000000e1700000, 0x00000000e1800000, 0x00000000e1800000|100%|HS|  |TAMS 0x00000000e1700000| PB 0x00000000e1700000| Complete
|  24|0x00000000e1800000, 0x00000000e1900000, 0x00000000e1900000|100%|HC|  |TAMS 0x00000000e1800000| PB 0x00000000e1800000| Complete
|  25|0x00000000e1900000, 0x00000000e1a00000, 0x00000000e1a00000|100%|HC|  |TAMS 0x00000000e1900000| PB 0x00000000e1900000| Complete
|  26|0x00000000e1a00000, 0x00000000e1b00000, 0x00000000e1b00000|100%|HC|  |TAMS 0x00000000e1a00000| PB 0x00000000e1a00000| Complete
|  27|0x00000000e1b00000, 0x00000000e1c00000, 0x00000000e1c00000|100%| O|  |TAMS 0x00000000e1b00000| PB 0x00000000e1b00000| Untracked
|  28|0x00000000e1c00000, 0x00000000e1d00000, 0x00000000e1d00000|100%|HS|  |TAMS 0x00000000e1c00000| PB 0x00000000e1c00000| Complete
|  29|0x00000000e1d00000, 0x00000000e1e00000, 0x00000000e1e00000|100%|HC|  |TAMS 0x00000000e1d00000| PB 0x00000000e1d00000| Complete
|  30|0x00000000e1e00000, 0x00000000e1f00000, 0x00000000e1f00000|100%|HC|  |TAMS 0x00000000e1e00000| PB 0x00000000e1e00000| Complete
|  31|0x00000000e1f00000, 0x00000000e2000000, 0x00000000e2000000|100%|HC|  |TAMS 0x00000000e1f00000| PB 0x00000000e1f00000| Complete
|  32|0x00000000e2000000, 0x00000000e2100000, 0x00000000e2100000|100%|HS|  |TAMS 0x00000000e2000000| PB 0x00000000e2000000| Complete
|  33|0x00000000e2100000, 0x00000000e2200000, 0x00000000e2200000|100%|HC|  |TAMS 0x00000000e2100000| PB 0x00000000e2100000| Complete
|  34|0x00000000e2200000, 0x00000000e2300000, 0x00000000e2300000|100%|HS|  |TAMS 0x00000000e2200000| PB 0x00000000e2200000| Complete
|  35|0x00000000e2300000, 0x00000000e2400000, 0x00000000e2400000|100%|HC|  |TAMS 0x00000000e2300000| PB 0x00000000e2300000| Complete
|  36|0x00000000e2400000, 0x00000000e2500000, 0x00000000e2500000|100%|HC|  |TAMS 0x00000000e2400000| PB 0x00000000e2400000| Complete
|  37|0x00000000e2500000, 0x00000000e2600000, 0x00000000e2600000|100%|HC|  |TAMS 0x00000000e2500000| PB 0x00000000e2500000| Complete
|  38|0x00000000e2600000, 0x00000000e2700000, 0x00000000e2700000|100%| O|  |TAMS 0x00000000e2600000| PB 0x00000000e2600000| Untracked
|  39|0x00000000e2700000, 0x00000000e2800000, 0x00000000e2800000|100%| O|  |TAMS 0x00000000e2700000| PB 0x00000000e2700000| Untracked
|  40|0x00000000e2800000, 0x00000000e2900000, 0x00000000e2900000|100%| O|  |TAMS 0x00000000e2800000| PB 0x00000000e2800000| Untracked
|  41|0x00000000e2900000, 0x00000000e2a00000, 0x00000000e2a00000|100%| O|  |TAMS 0x00000000e2900000| PB 0x00000000e2900000| Untracked
|  42|0x00000000e2a00000, 0x00000000e2b00000, 0x00000000e2b00000|100%| O|  |TAMS 0x00000000e2a00000| PB 0x00000000e2a00000| Untracked
|  43|0x00000000e2b00000, 0x00000000e2c00000, 0x00000000e2c00000|100%| O|  |TAMS 0x00000000e2b00000| PB 0x00000000e2b00000| Untracked
|  44|0x00000000e2c00000, 0x00000000e2d00000, 0x00000000e2d00000|100%| O|  |TAMS 0x00000000e2c00000| PB 0x00000000e2c00000| Untracked
|  45|0x00000000e2d00000, 0x00000000e2e00000, 0x00000000e2e00000|100%| O|  |TAMS 0x00000000e2d00000| PB 0x00000000e2d00000| Untracked
|  46|0x00000000e2e00000, 0x00000000e2f00000, 0x00000000e2f00000|100%| O|  |TAMS 0x00000000e2e00000| PB 0x00000000e2e00000| Untracked
|  47|0x00000000e2f00000, 0x00000000e3000000, 0x00000000e3000000|100%| O|  |TAMS 0x00000000e2f00000| PB 0x00000000e2f00000| Untracked
|  48|0x00000000e3000000, 0x00000000e3100000, 0x00000000e3100000|100%| O|  |TAMS 0x00000000e3000000| PB 0x00000000e3000000| Untracked
|  49|0x00000000e3100000, 0x00000000e3200000, 0x00000000e3200000|100%| O|  |TAMS 0x00000000e3100000| PB 0x00000000e3100000| Untracked
|  50|0x00000000e3200000, 0x00000000e3300000, 0x00000000e3300000|100%| O|  |TAMS 0x00000000e3200000| PB 0x00000000e3200000| Untracked
|  51|0x00000000e3300000, 0x00000000e3400000, 0x00000000e3400000|100%| O|  |TAMS 0x00000000e3300000| PB 0x00000000e3300000| Untracked
|  52|0x00000000e3400000, 0x00000000e3500000, 0x00000000e3500000|100%| O|  |TAMS 0x00000000e3400000| PB 0x00000000e3400000| Untracked
|  53|0x00000000e3500000, 0x00000000e3600000, 0x00000000e3600000|100%| O|  |TAMS 0x00000000e3500000| PB 0x00000000e3500000| Untracked
|  54|0x00000000e3600000, 0x00000000e3700000, 0x00000000e3700000|100%| O|  |TAMS 0x00000000e3600000| PB 0x00000000e3600000| Untracked
|  55|0x00000000e3700000, 0x00000000e3800000, 0x00000000e3800000|100%| O|  |TAMS 0x00000000e3700000| PB 0x00000000e3700000| Untracked
|  56|0x00000000e3800000, 0x00000000e3900000, 0x00000000e3900000|100%| O|  |TAMS 0x00000000e3800000| PB 0x00000000e3800000| Untracked
|  57|0x00000000e3900000, 0x00000000e3925820, 0x00000000e3a00000| 14%| O|  |TAMS 0x00000000e3900000| PB 0x00000000e3900000| Untracked
|  58|0x00000000e3a00000, 0x00000000e3a00000, 0x00000000e3b00000|  0%| F|  |TAMS 0x00000000e3a00000| PB 0x00000000e3a00000| Untracked
|  59|0x00000000e3b00000, 0x00000000e3b00000, 0x00000000e3c00000|  0%| F|  |TAMS 0x00000000e3b00000| PB 0x00000000e3b00000| Untracked
|  60|0x00000000e3c00000, 0x00000000e3c00000, 0x00000000e3d00000|  0%| F|  |TAMS 0x00000000e3c00000| PB 0x00000000e3c00000| Untracked
|  61|0x00000000e3d00000, 0x00000000e3d00000, 0x00000000e3e00000|  0%| F|  |TAMS 0x00000000e3d00000| PB 0x00000000e3d00000| Untracked
|  62|0x00000000e3e00000, 0x00000000e3e00000, 0x00000000e3f00000|  0%| F|  |TAMS 0x00000000e3e00000| PB 0x00000000e3e00000| Untracked
|  63|0x00000000e3f00000, 0x00000000e3f00000, 0x00000000e4000000|  0%| F|  |TAMS 0x00000000e3f00000| PB 0x00000000e3f00000| Untracked
|  64|0x00000000e4000000, 0x00000000e4000000, 0x00000000e4100000|  0%| F|  |TAMS 0x00000000e4000000| PB 0x00000000e4000000| Untracked
|  65|0x00000000e4100000, 0x00000000e4100000, 0x00000000e4200000|  0%| F|  |TAMS 0x00000000e4100000| PB 0x00000000e4100000| Untracked
|  66|0x00000000e4200000, 0x00000000e4200000, 0x00000000e4300000|  0%| F|  |TAMS 0x00000000e4200000| PB 0x00000000e4200000| Untracked
|  67|0x00000000e4300000, 0x00000000e4300000, 0x00000000e4400000|  0%| F|  |TAMS 0x00000000e4300000| PB 0x00000000e4300000| Untracked
|  68|0x00000000e4400000, 0x00000000e4400000, 0x00000000e4500000|  0%| F|  |TAMS 0x00000000e4400000| PB 0x00000000e4400000| Untracked
|  69|0x00000000e4500000, 0x00000000e4500000, 0x00000000e4600000|  0%| F|  |TAMS 0x00000000e4500000| PB 0x00000000e4500000| Untracked
|  70|0x00000000e4600000, 0x00000000e4600000, 0x00000000e4700000|  0%| F|  |TAMS 0x00000000e4600000| PB 0x00000000e4600000| Untracked
|  71|0x00000000e4700000, 0x00000000e4700000, 0x00000000e4800000|  0%| F|  |TAMS 0x00000000e4700000| PB 0x00000000e4700000| Untracked
|  72|0x00000000e4800000, 0x00000000e4800000, 0x00000000e4900000|  0%| F|  |TAMS 0x00000000e4800000| PB 0x00000000e4800000| Untracked
|  73|0x00000000e4900000, 0x00000000e4900000, 0x00000000e4a00000|  0%| F|  |TAMS 0x00000000e4900000| PB 0x00000000e4900000| Untracked
|  74|0x00000000e4a00000, 0x00000000e4a00000, 0x00000000e4b00000|  0%| F|  |TAMS 0x00000000e4a00000| PB 0x00000000e4a00000| Untracked
|  75|0x00000000e4b00000, 0x00000000e4b00000, 0x00000000e4c00000|  0%| F|  |TAMS 0x00000000e4b00000| PB 0x00000000e4b00000| Untracked
|  76|0x00000000e4c00000, 0x00000000e4c00000, 0x00000000e4d00000|  0%| F|  |TAMS 0x00000000e4c00000| PB 0x00000000e4c00000| Untracked
|  77|0x00000000e4d00000, 0x00000000e4d00000, 0x00000000e4e00000|  0%| F|  |TAMS 0x00000000e4d00000| PB 0x00000000e4d00000| Untracked
|  78|0x00000000e4e00000, 0x00000000e4e00000, 0x00000000e4f00000|  0%| F|  |TAMS 0x00000000e4e00000| PB 0x00000000e4e00000| Untracked
|  79|0x00000000e4f00000, 0x00000000e4f00000, 0x00000000e5000000|  0%| F|  |TAMS 0x00000000e4f00000| PB 0x00000000e4f00000| Untracked
|  80|0x00000000e5000000, 0x00000000e5000000, 0x00000000e5100000|  0%| F|  |TAMS 0x00000000e5000000| PB 0x00000000e5000000| Untracked
|  81|0x00000000e5100000, 0x00000000e5100000, 0x00000000e5200000|  0%| F|  |TAMS 0x00000000e5100000| PB 0x00000000e5100000| Untracked
|  82|0x00000000e5200000, 0x00000000e5200000, 0x00000000e5300000|  0%| F|  |TAMS 0x00000000e5200000| PB 0x00000000e5200000| Untracked
|  83|0x00000000e5300000, 0x00000000e5300000, 0x00000000e5400000|  0%| F|  |TAMS 0x00000000e5300000| PB 0x00000000e5300000| Untracked
|  84|0x00000000e5400000, 0x00000000e5400000, 0x00000000e5500000|  0%| F|  |TAMS 0x00000000e5400000| PB 0x00000000e5400000| Untracked
|  85|0x00000000e5500000, 0x00000000e5500000, 0x00000000e5600000|  0%| F|  |TAMS 0x00000000e5500000| PB 0x00000000e5500000| Untracked
|  86|0x00000000e5600000, 0x00000000e5600000, 0x00000000e5700000|  0%| F|  |TAMS 0x00000000e5600000| PB 0x00000000e5600000| Untracked
|  87|0x00000000e5700000, 0x00000000e5700000, 0x00000000e5800000|  0%| F|  |TAMS 0x00000000e5700000| PB 0x00000000e5700000| Untracked
|  88|0x00000000e5800000, 0x00000000e5800000, 0x00000000e5900000|  0%| F|  |TAMS 0x00000000e5800000| PB 0x00000000e5800000| Untracked
|  89|0x00000000e5900000, 0x00000000e5900000, 0x00000000e5a00000|  0%| F|  |TAMS 0x00000000e5900000| PB 0x00000000e5900000| Untracked
|  90|0x00000000e5a00000, 0x00000000e5a00000, 0x00000000e5b00000|  0%| F|  |TAMS 0x00000000e5a00000| PB 0x00000000e5a00000| Untracked
|  91|0x00000000e5b00000, 0x00000000e5b00000, 0x00000000e5c00000|  0%| F|  |TAMS 0x00000000e5b00000| PB 0x00000000e5b00000| Untracked
|  92|0x00000000e5c00000, 0x00000000e5c00000, 0x00000000e5d00000|  0%| F|  |TAMS 0x00000000e5c00000| PB 0x00000000e5c00000| Untracked
|  93|0x00000000e5d00000, 0x00000000e5d00000, 0x00000000e5e00000|  0%| F|  |TAMS 0x00000000e5d00000| PB 0x00000000e5d00000| Untracked
|  94|0x00000000e5e00000, 0x00000000e5e00000, 0x00000000e5f00000|  0%| F|  |TAMS 0x00000000e5e00000| PB 0x00000000e5e00000| Untracked
|  95|0x00000000e5f00000, 0x00000000e5f00000, 0x00000000e6000000|  0%| F|  |TAMS 0x00000000e5f00000| PB 0x00000000e5f00000| Untracked
|  96|0x00000000e6000000, 0x00000000e6000000, 0x00000000e6100000|  0%| F|  |TAMS 0x00000000e6000000| PB 0x00000000e6000000| Untracked
|  97|0x00000000e6100000, 0x00000000e6100000, 0x00000000e6200000|  0%| F|  |TAMS 0x00000000e6100000| PB 0x00000000e6100000| Untracked
|  98|0x00000000e6200000, 0x00000000e6200000, 0x00000000e6300000|  0%| F|  |TAMS 0x00000000e6200000| PB 0x00000000e6200000| Untracked
|  99|0x00000000e6300000, 0x00000000e6300000, 0x00000000e6400000|  0%| F|  |TAMS 0x00000000e6300000| PB 0x00000000e6300000| Untracked
| 100|0x00000000e6400000, 0x00000000e6400000, 0x00000000e6500000|  0%| F|  |TAMS 0x00000000e6400000| PB 0x00000000e6400000| Untracked
| 101|0x00000000e6500000, 0x00000000e6500000, 0x00000000e6600000|  0%| F|  |TAMS 0x00000000e6500000| PB 0x00000000e6500000| Untracked
| 102|0x00000000e6600000, 0x00000000e6600000, 0x00000000e6700000|  0%| F|  |TAMS 0x00000000e6600000| PB 0x00000000e6600000| Untracked
| 103|0x00000000e6700000, 0x00000000e6700000, 0x00000000e6800000|  0%| F|  |TAMS 0x00000000e6700000| PB 0x00000000e6700000| Untracked
| 104|0x00000000e6800000, 0x00000000e6800000, 0x00000000e6900000|  0%| F|  |TAMS 0x00000000e6800000| PB 0x00000000e6800000| Untracked
| 105|0x00000000e6900000, 0x00000000e6900000, 0x00000000e6a00000|  0%| F|  |TAMS 0x00000000e6900000| PB 0x00000000e6900000| Untracked
| 106|0x00000000e6a00000, 0x00000000e6a00000, 0x00000000e6b00000|  0%| F|  |TAMS 0x00000000e6a00000| PB 0x00000000e6a00000| Untracked
| 107|0x00000000e6b00000, 0x00000000e6b00000, 0x00000000e6c00000|  0%| F|  |TAMS 0x00000000e6b00000| PB 0x00000000e6b00000| Untracked
| 108|0x00000000e6c00000, 0x00000000e6c00000, 0x00000000e6d00000|  0%| F|  |TAMS 0x00000000e6c00000| PB 0x00000000e6c00000| Untracked
| 109|0x00000000e6d00000, 0x00000000e6d00000, 0x00000000e6e00000|  0%| F|  |TAMS 0x00000000e6d00000| PB 0x00000000e6d00000| Untracked
| 110|0x00000000e6e00000, 0x00000000e6e00000, 0x00000000e6f00000|  0%| F|  |TAMS 0x00000000e6e00000| PB 0x00000000e6e00000| Untracked
| 111|0x00000000e6f00000, 0x00000000e6f00000, 0x00000000e7000000|  0%| F|  |TAMS 0x00000000e6f00000| PB 0x00000000e6f00000| Untracked
| 112|0x00000000e7000000, 0x00000000e7000000, 0x00000000e7100000|  0%| F|  |TAMS 0x00000000e7000000| PB 0x00000000e7000000| Untracked
| 113|0x00000000e7100000, 0x00000000e7100000, 0x00000000e7200000|  0%| F|  |TAMS 0x00000000e7100000| PB 0x00000000e7100000| Untracked
| 114|0x00000000e7200000, 0x00000000e7200000, 0x00000000e7300000|  0%| F|  |TAMS 0x00000000e7200000| PB 0x00000000e7200000| Untracked
| 115|0x00000000e7300000, 0x00000000e7300000, 0x00000000e7400000|  0%| F|  |TAMS 0x00000000e7300000| PB 0x00000000e7300000| Untracked
| 116|0x00000000e7400000, 0x00000000e7400000, 0x00000000e7500000|  0%| F|  |TAMS 0x00000000e7400000| PB 0x00000000e7400000| Untracked
| 117|0x00000000e7500000, 0x00000000e7500000, 0x00000000e7600000|  0%| F|  |TAMS 0x00000000e7500000| PB 0x00000000e7500000| Untracked
| 118|0x00000000e7600000, 0x00000000e7600000, 0x00000000e7700000|  0%| F|  |TAMS 0x00000000e7600000| PB 0x00000000e7600000| Untracked
| 119|0x00000000e7700000, 0x00000000e7700000, 0x00000000e7800000|  0%| F|  |TAMS 0x00000000e7700000| PB 0x00000000e7700000| Untracked
| 120|0x00000000e7800000, 0x00000000e7800000, 0x00000000e7900000|  0%| F|  |TAMS 0x00000000e7800000| PB 0x00000000e7800000| Untracked
| 121|0x00000000e7900000, 0x00000000e7900000, 0x00000000e7a00000|  0%| F|  |TAMS 0x00000000e7900000| PB 0x00000000e7900000| Untracked
| 122|0x00000000e7a00000, 0x00000000e7a00000, 0x00000000e7b00000|  0%| F|  |TAMS 0x00000000e7a00000| PB 0x00000000e7a00000| Untracked
| 123|0x00000000e7b00000, 0x00000000e7b00000, 0x00000000e7c00000|  0%| F|  |TAMS 0x00000000e7b00000| PB 0x00000000e7b00000| Untracked
| 124|0x00000000e7c00000, 0x00000000e7c00000, 0x00000000e7d00000|  0%| F|  |TAMS 0x00000000e7c00000| PB 0x00000000e7c00000| Untracked
| 125|0x00000000e7d00000, 0x00000000e7d00000, 0x00000000e7e00000|  0%| F|  |TAMS 0x00000000e7d00000| PB 0x00000000e7d00000| Untracked
| 126|0x00000000e7e00000, 0x00000000e7e00000, 0x00000000e7f00000|  0%| F|  |TAMS 0x00000000e7e00000| PB 0x00000000e7e00000| Untracked
| 127|0x00000000e7f00000, 0x00000000e7f00000, 0x00000000e8000000|  0%| F|  |TAMS 0x00000000e7f00000| PB 0x00000000e7f00000| Untracked
| 128|0x00000000e8000000, 0x00000000e8000000, 0x00000000e8100000|  0%| F|  |TAMS 0x00000000e8000000| PB 0x00000000e8000000| Untracked
| 129|0x00000000e8100000, 0x00000000e8100000, 0x00000000e8200000|  0%| F|  |TAMS 0x00000000e8100000| PB 0x00000000e8100000| Untracked
| 130|0x00000000e8200000, 0x00000000e8200000, 0x00000000e8300000|  0%| F|  |TAMS 0x00000000e8200000| PB 0x00000000e8200000| Untracked
| 131|0x00000000e8300000, 0x00000000e8300000, 0x00000000e8400000|  0%| F|  |TAMS 0x00000000e8300000| PB 0x00000000e8300000| Untracked
| 132|0x00000000e8400000, 0x00000000e8400000, 0x00000000e8500000|  0%| F|  |TAMS 0x00000000e8400000| PB 0x00000000e8400000| Untracked
| 133|0x00000000e8500000, 0x00000000e8500000, 0x00000000e8600000|  0%| F|  |TAMS 0x00000000e8500000| PB 0x00000000e8500000| Untracked
| 134|0x00000000e8600000, 0x00000000e8600000, 0x00000000e8700000|  0%| F|  |TAMS 0x00000000e8600000| PB 0x00000000e8600000| Untracked
| 135|0x00000000e8700000, 0x00000000e8700000, 0x00000000e8800000|  0%| F|  |TAMS 0x00000000e8700000| PB 0x00000000e8700000| Untracked
| 136|0x00000000e8800000, 0x00000000e8800000, 0x00000000e8900000|  0%| F|  |TAMS 0x00000000e8800000| PB 0x00000000e8800000| Untracked
| 137|0x00000000e8900000, 0x00000000e8900000, 0x00000000e8a00000|  0%| F|  |TAMS 0x00000000e8900000| PB 0x00000000e8900000| Untracked
| 138|0x00000000e8a00000, 0x00000000e8a00000, 0x00000000e8b00000|  0%| F|  |TAMS 0x00000000e8a00000| PB 0x00000000e8a00000| Untracked
| 139|0x00000000e8b00000, 0x00000000e8b00000, 0x00000000e8c00000|  0%| F|  |TAMS 0x00000000e8b00000| PB 0x00000000e8b00000| Untracked
| 140|0x00000000e8c00000, 0x00000000e8c00000, 0x00000000e8d00000|  0%| F|  |TAMS 0x00000000e8c00000| PB 0x00000000e8c00000| Untracked
| 141|0x00000000e8d00000, 0x00000000e8d00000, 0x00000000e8e00000|  0%| F|  |TAMS 0x00000000e8d00000| PB 0x00000000e8d00000| Untracked
| 142|0x00000000e8e00000, 0x00000000e8e00000, 0x00000000e8f00000|  0%| F|  |TAMS 0x00000000e8e00000| PB 0x00000000e8e00000| Untracked
| 143|0x00000000e8f00000, 0x00000000e9000000, 0x00000000e9000000|100%| S|CS|TAMS 0x00000000e8f00000| PB 0x00000000e8f00000| Complete
| 144|0x00000000e9000000, 0x00000000e9100000, 0x00000000e9100000|100%| S|CS|TAMS 0x00000000e9000000| PB 0x00000000e9000000| Complete
| 145|0x00000000e9100000, 0x00000000e9200000, 0x00000000e9200000|100%| S|CS|TAMS 0x00000000e9100000| PB 0x00000000e9100000| Complete
| 146|0x00000000e9200000, 0x00000000e9300000, 0x00000000e9300000|100%| S|CS|TAMS 0x00000000e9200000| PB 0x00000000e9200000| Complete
| 147|0x00000000e9300000, 0x00000000e9400000, 0x00000000e9400000|100%| S|CS|TAMS 0x00000000e9300000| PB 0x00000000e9300000| Complete
| 148|0x00000000e9400000, 0x00000000e9500000, 0x00000000e9500000|100%| S|CS|TAMS 0x00000000e9400000| PB 0x00000000e9400000| Complete
| 149|0x00000000e9500000, 0x00000000e9600000, 0x00000000e9600000|100%| S|CS|TAMS 0x00000000e9500000| PB 0x00000000e9500000| Complete
| 150|0x00000000e9600000, 0x00000000e9700000, 0x00000000e9700000|100%| S|CS|TAMS 0x00000000e9600000| PB 0x00000000e9600000| Complete
| 151|0x00000000e9700000, 0x00000000e9800000, 0x00000000e9800000|100%| S|CS|TAMS 0x00000000e9700000| PB 0x00000000e9700000| Complete
| 152|0x00000000e9800000, 0x00000000e9900000, 0x00000000e9900000|100%| S|CS|TAMS 0x00000000e9800000| PB 0x00000000e9800000| Complete
| 153|0x00000000e9900000, 0x00000000e9a00000, 0x00000000e9a00000|100%| S|CS|TAMS 0x00000000e9900000| PB 0x00000000e9900000| Complete
| 154|0x00000000e9a00000, 0x00000000e9a00000, 0x00000000e9b00000|  0%| F|  |TAMS 0x00000000e9a00000| PB 0x00000000e9a00000| Untracked
| 155|0x00000000e9b00000, 0x00000000e9b00000, 0x00000000e9c00000|  0%| F|  |TAMS 0x00000000e9b00000| PB 0x00000000e9b00000| Untracked
| 156|0x00000000e9c00000, 0x00000000e9c00000, 0x00000000e9d00000|  0%| F|  |TAMS 0x00000000e9c00000| PB 0x00000000e9c00000| Untracked
| 157|0x00000000e9d00000, 0x00000000e9d00000, 0x00000000e9e00000|  0%| F|  |TAMS 0x00000000e9d00000| PB 0x00000000e9d00000| Untracked
| 158|0x00000000e9e00000, 0x00000000e9e00000, 0x00000000e9f00000|  0%| F|  |TAMS 0x00000000e9e00000| PB 0x00000000e9e00000| Untracked
| 159|0x00000000e9f00000, 0x00000000e9f00000, 0x00000000ea000000|  0%| F|  |TAMS 0x00000000e9f00000| PB 0x00000000e9f00000| Untracked
| 160|0x00000000ea000000, 0x00000000ea000000, 0x00000000ea100000|  0%| F|  |TAMS 0x00000000ea000000| PB 0x00000000ea000000| Untracked
| 161|0x00000000ea100000, 0x00000000ea100000, 0x00000000ea200000|  0%| F|  |TAMS 0x00000000ea100000| PB 0x00000000ea100000| Untracked
| 162|0x00000000ea200000, 0x00000000ea200000, 0x00000000ea300000|  0%| F|  |TAMS 0x00000000ea200000| PB 0x00000000ea200000| Untracked
| 163|0x00000000ea300000, 0x00000000ea300000, 0x00000000ea400000|  0%| F|  |TAMS 0x00000000ea300000| PB 0x00000000ea300000| Untracked
| 164|0x00000000ea400000, 0x00000000ea400000, 0x00000000ea500000|  0%| F|  |TAMS 0x00000000ea400000| PB 0x00000000ea400000| Untracked
| 165|0x00000000ea500000, 0x00000000ea500000, 0x00000000ea600000|  0%| F|  |TAMS 0x00000000ea500000| PB 0x00000000ea500000| Untracked
| 166|0x00000000ea600000, 0x00000000ea600000, 0x00000000ea700000|  0%| F|  |TAMS 0x00000000ea600000| PB 0x00000000ea600000| Untracked
| 167|0x00000000ea700000, 0x00000000ea700000, 0x00000000ea800000|  0%| F|  |TAMS 0x00000000ea700000| PB 0x00000000ea700000| Untracked
| 168|0x00000000ea800000, 0x00000000ea800000, 0x00000000ea900000|  0%| F|  |TAMS 0x00000000ea800000| PB 0x00000000ea800000| Untracked
| 169|0x00000000ea900000, 0x00000000ea900000, 0x00000000eaa00000|  0%| F|  |TAMS 0x00000000ea900000| PB 0x00000000ea900000| Untracked
| 170|0x00000000eaa00000, 0x00000000eaa00000, 0x00000000eab00000|  0%| F|  |TAMS 0x00000000eaa00000| PB 0x00000000eaa00000| Untracked
| 171|0x00000000eab00000, 0x00000000eab00000, 0x00000000eac00000|  0%| F|  |TAMS 0x00000000eab00000| PB 0x00000000eab00000| Untracked
| 172|0x00000000eac00000, 0x00000000eac00000, 0x00000000ead00000|  0%| F|  |TAMS 0x00000000eac00000| PB 0x00000000eac00000| Untracked
| 173|0x00000000ead00000, 0x00000000ead00000, 0x00000000eae00000|  0%| F|  |TAMS 0x00000000ead00000| PB 0x00000000ead00000| Untracked
| 174|0x00000000eae00000, 0x00000000eae00000, 0x00000000eaf00000|  0%| F|  |TAMS 0x00000000eae00000| PB 0x00000000eae00000| Untracked
| 175|0x00000000eaf00000, 0x00000000eaf00000, 0x00000000eb000000|  0%| F|  |TAMS 0x00000000eaf00000| PB 0x00000000eaf00000| Untracked
| 176|0x00000000eb000000, 0x00000000eb000000, 0x00000000eb100000|  0%| F|  |TAMS 0x00000000eb000000| PB 0x00000000eb000000| Untracked
| 177|0x00000000eb100000, 0x00000000eb100000, 0x00000000eb200000|  0%| F|  |TAMS 0x00000000eb100000| PB 0x00000000eb100000| Untracked
| 178|0x00000000eb200000, 0x00000000eb200000, 0x00000000eb300000|  0%| F|  |TAMS 0x00000000eb200000| PB 0x00000000eb200000| Untracked
| 179|0x00000000eb300000, 0x00000000eb300000, 0x00000000eb400000|  0%| F|  |TAMS 0x00000000eb300000| PB 0x00000000eb300000| Untracked
| 180|0x00000000eb400000, 0x00000000eb400000, 0x00000000eb500000|  0%| F|  |TAMS 0x00000000eb400000| PB 0x00000000eb400000| Untracked
| 181|0x00000000eb500000, 0x00000000eb500000, 0x00000000eb600000|  0%| F|  |TAMS 0x00000000eb500000| PB 0x00000000eb500000| Untracked
| 182|0x00000000eb600000, 0x00000000eb600000, 0x00000000eb700000|  0%| F|  |TAMS 0x00000000eb600000| PB 0x00000000eb600000| Untracked
| 183|0x00000000eb700000, 0x00000000eb700000, 0x00000000eb800000|  0%| F|  |TAMS 0x00000000eb700000| PB 0x00000000eb700000| Untracked
| 184|0x00000000eb800000, 0x00000000eb800000, 0x00000000eb900000|  0%| F|  |TAMS 0x00000000eb800000| PB 0x00000000eb800000| Untracked
| 185|0x00000000eb900000, 0x00000000eb900000, 0x00000000eba00000|  0%| F|  |TAMS 0x00000000eb900000| PB 0x00000000eb900000| Untracked
| 186|0x00000000eba00000, 0x00000000eba00000, 0x00000000ebb00000|  0%| F|  |TAMS 0x00000000eba00000| PB 0x00000000eba00000| Untracked
| 187|0x00000000ebb00000, 0x00000000ebb00000, 0x00000000ebc00000|  0%| F|  |TAMS 0x00000000ebb00000| PB 0x00000000ebb00000| Untracked
| 188|0x00000000ebc00000, 0x00000000ebc00000, 0x00000000ebd00000|  0%| F|  |TAMS 0x00000000ebc00000| PB 0x00000000ebc00000| Untracked
| 189|0x00000000ebd00000, 0x00000000ebd00000, 0x00000000ebe00000|  0%| F|  |TAMS 0x00000000ebd00000| PB 0x00000000ebd00000| Untracked
| 190|0x00000000ebe00000, 0x00000000ebe00000, 0x00000000ebf00000|  0%| F|  |TAMS 0x00000000ebe00000| PB 0x00000000ebe00000| Untracked
| 191|0x00000000ebf00000, 0x00000000ebf00000, 0x00000000ec000000|  0%| F|  |TAMS 0x00000000ebf00000| PB 0x00000000ebf00000| Untracked
| 192|0x00000000ec000000, 0x00000000ec000000, 0x00000000ec100000|  0%| F|  |TAMS 0x00000000ec000000| PB 0x00000000ec000000| Untracked
| 193|0x00000000ec100000, 0x00000000ec100000, 0x00000000ec200000|  0%| F|  |TAMS 0x00000000ec100000| PB 0x00000000ec100000| Untracked
| 194|0x00000000ec200000, 0x00000000ec200000, 0x00000000ec300000|  0%| F|  |TAMS 0x00000000ec200000| PB 0x00000000ec200000| Untracked
| 195|0x00000000ec300000, 0x00000000ec300000, 0x00000000ec400000|  0%| F|  |TAMS 0x00000000ec300000| PB 0x00000000ec300000| Untracked
| 196|0x00000000ec400000, 0x00000000ec400000, 0x00000000ec500000|  0%| F|  |TAMS 0x00000000ec400000| PB 0x00000000ec400000| Untracked
| 197|0x00000000ec500000, 0x00000000ec500000, 0x00000000ec600000|  0%| F|  |TAMS 0x00000000ec500000| PB 0x00000000ec500000| Untracked
| 198|0x00000000ec600000, 0x00000000ec600000, 0x00000000ec700000|  0%| F|  |TAMS 0x00000000ec600000| PB 0x00000000ec600000| Untracked
| 199|0x00000000ec700000, 0x00000000ec700000, 0x00000000ec800000|  0%| F|  |TAMS 0x00000000ec700000| PB 0x00000000ec700000| Untracked
| 200|0x00000000ec800000, 0x00000000ec800000, 0x00000000ec900000|  0%| F|  |TAMS 0x00000000ec800000| PB 0x00000000ec800000| Untracked
| 201|0x00000000ec900000, 0x00000000ec900000, 0x00000000eca00000|  0%| F|  |TAMS 0x00000000ec900000| PB 0x00000000ec900000| Untracked
| 202|0x00000000eca00000, 0x00000000eca00000, 0x00000000ecb00000|  0%| F|  |TAMS 0x00000000eca00000| PB 0x00000000eca00000| Untracked
| 203|0x00000000ecb00000, 0x00000000ecb00000, 0x00000000ecc00000|  0%| F|  |TAMS 0x00000000ecb00000| PB 0x00000000ecb00000| Untracked
| 204|0x00000000ecc00000, 0x00000000ecc00000, 0x00000000ecd00000|  0%| F|  |TAMS 0x00000000ecc00000| PB 0x00000000ecc00000| Untracked
| 205|0x00000000ecd00000, 0x00000000ecd00000, 0x00000000ece00000|  0%| F|  |TAMS 0x00000000ecd00000| PB 0x00000000ecd00000| Untracked
| 206|0x00000000ece00000, 0x00000000ece00000, 0x00000000ecf00000|  0%| F|  |TAMS 0x00000000ece00000| PB 0x00000000ece00000| Untracked
| 207|0x00000000ecf00000, 0x00000000ecf00000, 0x00000000ed000000|  0%| F|  |TAMS 0x00000000ecf00000| PB 0x00000000ecf00000| Untracked
| 208|0x00000000ed000000, 0x00000000ed000000, 0x00000000ed100000|  0%| F|  |TAMS 0x00000000ed000000| PB 0x00000000ed000000| Untracked
| 209|0x00000000ed100000, 0x00000000ed100000, 0x00000000ed200000|  0%| F|  |TAMS 0x00000000ed100000| PB 0x00000000ed100000| Untracked
| 210|0x00000000ed200000, 0x00000000ed200000, 0x00000000ed300000|  0%| F|  |TAMS 0x00000000ed200000| PB 0x00000000ed200000| Untracked
| 211|0x00000000ed300000, 0x00000000ed300000, 0x00000000ed400000|  0%| F|  |TAMS 0x00000000ed300000| PB 0x00000000ed300000| Untracked
| 212|0x00000000ed400000, 0x00000000ed400000, 0x00000000ed500000|  0%| F|  |TAMS 0x00000000ed400000| PB 0x00000000ed400000| Untracked
| 213|0x00000000ed500000, 0x00000000ed500000, 0x00000000ed600000|  0%| F|  |TAMS 0x00000000ed500000| PB 0x00000000ed500000| Untracked
| 214|0x00000000ed600000, 0x00000000ed600000, 0x00000000ed700000|  0%| F|  |TAMS 0x00000000ed600000| PB 0x00000000ed600000| Untracked
| 215|0x00000000ed700000, 0x00000000ed700000, 0x00000000ed800000|  0%| F|  |TAMS 0x00000000ed700000| PB 0x00000000ed700000| Untracked
| 216|0x00000000ed800000, 0x00000000ed800000, 0x00000000ed900000|  0%| F|  |TAMS 0x00000000ed800000| PB 0x00000000ed800000| Untracked
| 217|0x00000000ed900000, 0x00000000ed900000, 0x00000000eda00000|  0%| F|  |TAMS 0x00000000ed900000| PB 0x00000000ed900000| Untracked
| 218|0x00000000eda00000, 0x00000000eda00000, 0x00000000edb00000|  0%| F|  |TAMS 0x00000000eda00000| PB 0x00000000eda00000| Untracked
| 219|0x00000000edb00000, 0x00000000edb00000, 0x00000000edc00000|  0%| F|  |TAMS 0x00000000edb00000| PB 0x00000000edb00000| Untracked
| 220|0x00000000edc00000, 0x00000000edc00000, 0x00000000edd00000|  0%| F|  |TAMS 0x00000000edc00000| PB 0x00000000edc00000| Untracked
| 221|0x00000000edd00000, 0x00000000edd00000, 0x00000000ede00000|  0%| F|  |TAMS 0x00000000edd00000| PB 0x00000000edd00000| Untracked
| 222|0x00000000ede00000, 0x00000000ede00000, 0x00000000edf00000|  0%| F|  |TAMS 0x00000000ede00000| PB 0x00000000ede00000| Untracked
| 223|0x00000000edf00000, 0x00000000edf00000, 0x00000000ee000000|  0%| F|  |TAMS 0x00000000edf00000| PB 0x00000000edf00000| Untracked
| 224|0x00000000ee000000, 0x00000000ee000000, 0x00000000ee100000|  0%| F|  |TAMS 0x00000000ee000000| PB 0x00000000ee000000| Untracked
| 225|0x00000000ee100000, 0x00000000ee100000, 0x00000000ee200000|  0%| F|  |TAMS 0x00000000ee100000| PB 0x00000000ee100000| Untracked
| 226|0x00000000ee200000, 0x00000000ee200000, 0x00000000ee300000|  0%| F|  |TAMS 0x00000000ee200000| PB 0x00000000ee200000| Untracked
| 227|0x00000000ee300000, 0x00000000ee300000, 0x00000000ee400000|  0%| F|  |TAMS 0x00000000ee300000| PB 0x00000000ee300000| Untracked
| 228|0x00000000ee400000, 0x00000000ee400000, 0x00000000ee500000|  0%| F|  |TAMS 0x00000000ee400000| PB 0x00000000ee400000| Untracked
| 229|0x00000000ee500000, 0x00000000ee500000, 0x00000000ee600000|  0%| F|  |TAMS 0x00000000ee500000| PB 0x00000000ee500000| Untracked
| 230|0x00000000ee600000, 0x00000000ee600000, 0x00000000ee700000|  0%| F|  |TAMS 0x00000000ee600000| PB 0x00000000ee600000| Untracked
| 231|0x00000000ee700000, 0x00000000ee700000, 0x00000000ee800000|  0%| F|  |TAMS 0x00000000ee700000| PB 0x00000000ee700000| Untracked
| 232|0x00000000ee800000, 0x00000000ee800000, 0x00000000ee900000|  0%| F|  |TAMS 0x00000000ee800000| PB 0x00000000ee800000| Untracked
| 233|0x00000000ee900000, 0x00000000ee900000, 0x00000000eea00000|  0%| F|  |TAMS 0x00000000ee900000| PB 0x00000000ee900000| Untracked
| 234|0x00000000eea00000, 0x00000000eea00000, 0x00000000eeb00000|  0%| F|  |TAMS 0x00000000eea00000| PB 0x00000000eea00000| Untracked
| 235|0x00000000eeb00000, 0x00000000eeb00000, 0x00000000eec00000|  0%| F|  |TAMS 0x00000000eeb00000| PB 0x00000000eeb00000| Untracked
| 236|0x00000000eec00000, 0x00000000eec00000, 0x00000000eed00000|  0%| F|  |TAMS 0x00000000eec00000| PB 0x00000000eec00000| Untracked
| 237|0x00000000eed00000, 0x00000000eed00000, 0x00000000eee00000|  0%| F|  |TAMS 0x00000000eed00000| PB 0x00000000eed00000| Untracked
| 238|0x00000000eee00000, 0x00000000eee00000, 0x00000000eef00000|  0%| F|  |TAMS 0x00000000eee00000| PB 0x00000000eee00000| Untracked
| 239|0x00000000eef00000, 0x00000000eef00000, 0x00000000ef000000|  0%| F|  |TAMS 0x00000000eef00000| PB 0x00000000eef00000| Untracked
| 240|0x00000000ef000000, 0x00000000ef000000, 0x00000000ef100000|  0%| F|  |TAMS 0x00000000ef000000| PB 0x00000000ef000000| Untracked
| 241|0x00000000ef100000, 0x00000000ef100000, 0x00000000ef200000|  0%| F|  |TAMS 0x00000000ef100000| PB 0x00000000ef100000| Untracked
| 242|0x00000000ef200000, 0x00000000ef300000, 0x00000000ef300000|100%| E|  |TAMS 0x00000000ef200000| PB 0x00000000ef200000| Complete
| 243|0x00000000ef300000, 0x00000000ef400000, 0x00000000ef400000|100%| E|CS|TAMS 0x00000000ef300000| PB 0x00000000ef300000| Complete
| 244|0x00000000ef400000, 0x00000000ef500000, 0x00000000ef500000|100%| E|CS|TAMS 0x00000000ef400000| PB 0x00000000ef400000| Complete
| 245|0x00000000ef500000, 0x00000000ef600000, 0x00000000ef600000|100%| E|CS|TAMS 0x00000000ef500000| PB 0x00000000ef500000| Complete
| 246|0x00000000ef600000, 0x00000000ef700000, 0x00000000ef700000|100%| E|CS|TAMS 0x00000000ef600000| PB 0x00000000ef600000| Complete
| 247|0x00000000ef700000, 0x00000000ef800000, 0x00000000ef800000|100%| E|CS|TAMS 0x00000000ef700000| PB 0x00000000ef700000| Complete
| 248|0x00000000ef800000, 0x00000000ef900000, 0x00000000ef900000|100%| E|CS|TAMS 0x00000000ef800000| PB 0x00000000ef800000| Complete
| 249|0x00000000ef900000, 0x00000000efa00000, 0x00000000efa00000|100%| E|CS|TAMS 0x00000000ef900000| PB 0x00000000ef900000| Complete
| 250|0x00000000efa00000, 0x00000000efb00000, 0x00000000efb00000|100%| E|CS|TAMS 0x00000000efa00000| PB 0x00000000efa00000| Complete
| 251|0x00000000efb00000, 0x00000000efc00000, 0x00000000efc00000|100%| E|CS|TAMS 0x00000000efb00000| PB 0x00000000efb00000| Complete
| 252|0x00000000efc00000, 0x00000000efd00000, 0x00000000efd00000|100%| E|CS|TAMS 0x00000000efc00000| PB 0x00000000efc00000| Complete
| 253|0x00000000efd00000, 0x00000000efe00000, 0x00000000efe00000|100%| E|CS|TAMS 0x00000000efd00000| PB 0x00000000efd00000| Complete
| 254|0x00000000efe00000, 0x00000000eff00000, 0x00000000eff00000|100%| E|CS|TAMS 0x00000000efe00000| PB 0x00000000efe00000| Complete
| 255|0x00000000eff00000, 0x00000000f0000000, 0x00000000f0000000|100%| E|CS|TAMS 0x00000000eff00000| PB 0x00000000eff00000| Complete

Card table byte_map: [0x00000270c6c60000,0x00000270c6d60000] _byte_map_base: 0x00000270c6560000

Marking Bits: (CMBitMap*) 0x00000270af1e2fd0
 Bits: [0x00000270c6d60000, 0x00000270c7560000)

Polling page: 0x00000270ae990000

Metaspace:

Usage:
  Non-class:     49.63 MB used.
      Class:      8.28 MB used.
       Both:     57.92 MB used.

Virtual space:
  Non-class space:       64.00 MB reserved,      50.56 MB ( 79%) committed,  1 nodes.
      Class space:      320.00 MB reserved,       9.25 MB (  3%) committed,  1 nodes.
             Both:      384.00 MB reserved,      59.81 MB ( 16%) committed.

Chunk freelists:
   Non-Class:  12.81 MB
       Class:  6.65 MB
        Both:  19.46 MB

MaxMetaspaceSize: 384.00 MB
CompressedClassSpaceSize: 320.00 MB
Initial GC threshold: 21.00 MB
Current GC threshold: 98.12 MB
CDS: on
 - commit_granule_bytes: 65536.
 - commit_granule_words: 8192.
 - virtual_space_node_default_size: 8388608.
 - enlarge_chunks_in_place: 1.
 - use_allocation_guard: 0.


Internal statistics:

num_allocs_failed_limit: 9.
num_arena_births: 3396.
num_arena_deaths: 0.
num_vsnodes_births: 2.
num_vsnodes_deaths: 0.
num_space_committed: 957.
num_space_uncommitted: 0.
num_chunks_returned_to_freelist: 9.
num_chunks_taken_from_freelist: 6217.
num_chunk_merges: 6.
num_chunk_splits: 4013.
num_chunks_enlarged: 2393.
num_inconsistent_stats: 0.

CodeHeap 'non-profiled nmethods': size=120000Kb used=3608Kb max_used=3938Kb free=116391Kb
 bounds [0x00000270bf0e0000, 0x00000270bf4c0000, 0x00000270c6610000]
CodeHeap 'profiled nmethods': size=120000Kb used=12750Kb max_used=13286Kb free=107249Kb
 bounds [0x00000270b7610000, 0x00000270b8320000, 0x00000270beb40000]
CodeHeap 'non-nmethods': size=5760Kb used=2749Kb max_used=2789Kb free=3010Kb
 bounds [0x00000270beb40000, 0x00000270bee00000, 0x00000270bf0e0000]
 total_blobs=7540 nmethods=6663 adapters=780
 compilation: enabled
              stopped_count=0, restarted_count=0
 full_count=0

Compilation events (20 events):
Event: 8.308 Thread 0x00000270ca22c3a0 7302       3       org.gradle.model.internal.asm.MethodVisitorScope::_INVOKEDYNAMIC (15 bytes)
Event: 8.308 Thread 0x00000270ca22c3a0 nmethod 7302 0x00000270b8304310 code [0x00000270b83044c0, 0x00000270b8304700]
Event: 8.308 Thread 0x00000270ca22c3a0 7303       3       org.objectweb.asm.MethodVisitor::visitInvokeDynamicInsn (39 bytes)
Event: 8.308 Thread 0x00000270ca22c3a0 nmethod 7303 0x00000270b8304810 code [0x00000270b83049e0, 0x00000270b8304d10]
Event: 8.311 Thread 0x00000270ca22c3a0 7304       3       org.gradle.api.internal.project.taskfactory.DefaultTaskClassInfoStore::createTaskAction (187 bytes)
Event: 8.314 Thread 0x00000270ca22c3a0 nmethod 7304 0x00000270b8304e90 code [0x00000270b8305440, 0x00000270b83088a8]
Event: 8.340 Thread 0x00000270ca22c3a0 7305       1       org.gradle.api.internal.DefaultNamedDomainObjectCollection$AbstractNamedDomainObjectProvider::getName (5 bytes)
Event: 8.340 Thread 0x00000270ca22c3a0 nmethod 7305 0x00000270bf0e0a10 code [0x00000270bf0e0ba0, 0x00000270bf0e0c68]
Event: 8.349 Thread 0x00000270ca22c3a0 7307       3       org.gradle.internal.service.DefaultServiceRegistry::get (10 bytes)
Event: 8.350 Thread 0x00000270ca22c3a0 nmethod 7307 0x00000270b767fe10 code [0x00000270b7680000, 0x00000270b76803e8]
Event: 8.354 Thread 0x00000270ca22c3a0 7308       3       com.google.common.collect.Hashing::needsResizing (22 bytes)
Event: 8.354 Thread 0x00000270ca22c3a0 nmethod 7308 0x00000270b7615190 code [0x00000270b7615320, 0x00000270b76154d8]
Event: 8.354 Thread 0x00000270ca22c3a0 7309       3       com.google.common.collect.LinkedHashMultimap$ValueSet::rehashIfNecessary (88 bytes)
Event: 8.355 Thread 0x00000270ca22c3a0 nmethod 7309 0x00000270b7809390 code [0x00000270b78095a0, 0x00000270b7809ce8]
Event: 8.359 Thread 0x00000270ca22c3a0 7310       3       org.apache.commons.lang.text.StrBuilder::ensureCapacity (39 bytes)
Event: 8.360 Thread 0x00000270ca22c3a0 nmethod 7310 0x00000270b7667d90 code [0x00000270b7667f40, 0x00000270b7668240]
Event: 8.360 Thread 0x00000270ca22c3a0 7311       3       org.gradle.api.internal.provider.Providers::internal (8 bytes)
Event: 8.360 Thread 0x00000270ca22c3a0 nmethod 7311 0x00000270b7614490 code [0x00000270b7614640, 0x00000270b7614898]
Event: 8.360 Thread 0x00000270ca22c3a0 7312       1       org.gradle.api.internal.DefaultNamedDomainObjectCollection$AbstractNamedDomainObjectProvider::getType (5 bytes)
Event: 8.360 Thread 0x00000270ca22c3a0 nmethod 7312 0x00000270bf277990 code [0x00000270bf277b20, 0x00000270bf277be8]

GC Heap History (12 events):
Event: 0.740 GC heap before
{Heap before GC invocations=0 (full 0):
 garbage-first heap   total 262144K, used 26624K [0x00000000e0000000, 0x0000000100000000)
  region size 1024K, 23 young (23552K), 0 survivors (0K)
 Metaspace       used 3258K, committed 3392K, reserved 393216K
  class space    used 416K, committed 448K, reserved 327680K
}
Event: 0.744 GC heap after
{Heap after GC invocations=1 (full 0):
 garbage-first heap   total 262144K, used 10679K [0x00000000e0000000, 0x0000000100000000)
  region size 1024K, 3 young (3072K), 3 survivors (3072K)
 Metaspace       used 3258K, committed 3392K, reserved 393216K
  class space    used 416K, committed 448K, reserved 327680K
}
Event: 1.212 GC heap before
{Heap before GC invocations=1 (full 0):
 garbage-first heap   total 262144K, used 39351K [0x00000000e0000000, 0x0000000100000000)
  region size 1024K, 31 young (31744K), 3 survivors (3072K)
 Metaspace       used 4169K, committed 4416K, reserved 393216K
  class space    used 508K, committed 640K, reserved 327680K
}
Event: 1.215 GC heap after
{Heap after GC invocations=2 (full 0):
 garbage-first heap   total 262144K, used 11365K [0x00000000e0000000, 0x0000000100000000)
  region size 1024K, 1 young (1024K), 1 survivors (1024K)
 Metaspace       used 4169K, committed 4416K, reserved 393216K
  class space    used 508K, committed 640K, reserved 327680K
}
Event: 3.139 GC heap before
{Heap before GC invocations=2 (full 0):
 garbage-first heap   total 262144K, used 117861K [0x00000000e0000000, 0x0000000100000000)
  region size 1024K, 106 young (108544K), 1 survivors (1024K)
 Metaspace       used 20813K, committed 21504K, reserved 393216K
  class space    used 3036K, committed 3328K, reserved 327680K
}
Event: 3.149 GC heap after
{Heap after GC invocations=3 (full 0):
 garbage-first heap   total 262144K, used 23373K [0x00000000e0000000, 0x0000000100000000)
  region size 1024K, 13 young (13312K), 13 survivors (13312K)
 Metaspace       used 20813K, committed 21504K, reserved 393216K
  class space    used 3036K, committed 3328K, reserved 327680K
}
Event: 4.501 GC heap before
{Heap before GC invocations=4 (full 0):
 garbage-first heap   total 262144K, used 127821K [0x00000000e0000000, 0x0000000100000000)
  region size 1024K, 117 young (119808K), 13 survivors (13312K)
 Metaspace       used 34768K, committed 35968K, reserved 393216K
  class space    used 4998K, committed 5632K, reserved 327680K
}
Event: 4.512 GC heap after
{Heap after GC invocations=5 (full 0):
 garbage-first heap   total 262144K, used 31413K [0x00000000e0000000, 0x0000000100000000)
  region size 1024K, 9 young (9216K), 9 survivors (9216K)
 Metaspace       used 34768K, committed 35968K, reserved 393216K
  class space    used 4998K, committed 5632K, reserved 327680K
}
Event: 6.710 GC heap before
{Heap before GC invocations=6 (full 0):
 garbage-first heap   total 262144K, used 196277K [0x00000000e0000000, 0x0000000100000000)
  region size 1024K, 153 young (156672K), 9 survivors (9216K)
 Metaspace       used 48995K, committed 50688K, reserved 393216K
  class space    used 7121K, committed 7936K, reserved 327680K
}
Event: 6.722 GC heap after
{Heap after GC invocations=7 (full 0):
 garbage-first heap   total 262144K, used 54139K [0x00000000e0000000, 0x0000000100000000)
  region size 1024K, 20 young (20480K), 20 survivors (20480K)
 Metaspace       used 48995K, committed 50688K, reserved 393216K
  class space    used 7121K, committed 7936K, reserved 327680K
}
Event: 8.286 GC heap before
{Heap before GC invocations=7 (full 0):
 garbage-first heap   total 262144K, used 160635K [0x00000000e0000000, 0x0000000100000000)
  region size 1024K, 122 young (124928K), 20 survivors (20480K)
 Metaspace       used 58210K, committed 60160K, reserved 393216K
  class space    used 8327K, committed 9344K, reserved 327680K
}
Event: 8.301 GC heap after
{Heap after GC invocations=8 (full 0):
 garbage-first heap   total 262144K, used 69782K [0x00000000e0000000, 0x0000000100000000)
  region size 1024K, 11 young (11264K), 11 survivors (11264K)
 Metaspace       used 58210K, committed 60160K, reserved 393216K
  class space    used 8327K, committed 9344K, reserved 327680K
}

Dll operation events (15 events):
Event: 0.011 Loaded shared library C:\Users\Lenovo\.jdks\openjdk-21.0.1\bin\java.dll
Event: 0.065 Loaded shared library C:\Users\Lenovo\.jdks\openjdk-21.0.1\bin\jsvml.dll
Event: 0.121 Loaded shared library C:\Users\Lenovo\.jdks\openjdk-21.0.1\bin\zip.dll
Event: 0.129 Loaded shared library C:\Users\Lenovo\.jdks\openjdk-21.0.1\bin\instrument.dll
Event: 0.135 Loaded shared library C:\Users\Lenovo\.jdks\openjdk-21.0.1\bin\net.dll
Event: 0.139 Loaded shared library C:\Users\Lenovo\.jdks\openjdk-21.0.1\bin\nio.dll
Event: 0.145 Loaded shared library C:\Users\Lenovo\.jdks\openjdk-21.0.1\bin\zip.dll
Event: 0.409 Loaded shared library C:\Users\Lenovo\.jdks\openjdk-21.0.1\bin\jimage.dll
Event: 0.474 Loaded shared library C:\Users\Lenovo\.jdks\openjdk-21.0.1\bin\verify.dll
Event: 0.616 Loaded shared library C:\Users\Lenovo\.gradle\native\c067742578af261105cb4f569cf0c3c89f3d7b1fecec35dd04571415982c5e48\windows-amd64\native-platform.dll
Event: 0.624 Loaded shared library C:\Users\Lenovo\.gradle\native\38dada09dfb8b06ba9b0570ebf7e218e3eb74d4ef43ca46872605cf95ebc2f47\windows-amd64\native-platform-file-events.dll
Event: 1.614 Loaded shared library C:\Users\Lenovo\.jdks\openjdk-21.0.1\bin\management.dll
Event: 1.617 Loaded shared library C:\Users\Lenovo\.jdks\openjdk-21.0.1\bin\management_ext.dll
Event: 1.837 Loaded shared library C:\Users\Lenovo\.jdks\openjdk-21.0.1\bin\extnet.dll
Event: 2.015 Loaded shared library C:\Users\Lenovo\.jdks\openjdk-21.0.1\bin\sunmscapi.dll

Deoptimization events (20 events):
Event: 7.959 Thread 0x00000270ca656a50 Uncommon trap: trap_request=0xffffffde fr.pc=0x00000270bf1c42f0 relative=0x00000000000003d0
Event: 7.959 Thread 0x00000270ca656a50 Uncommon trap: reason=class_check action=maybe_recompile pc=0x00000270bf1c42f0 method=java.util.stream.AbstractPipeline.copyIntoWithCancel(Ljava/util/stream/Sink;Ljava/util/Spliterator;)Z @ 32 c2
Event: 7.959 Thread 0x00000270ca656a50 DEOPT PACKING pc=0x00000270bf1c42f0 sp=0x0000007280ffe7e0
Event: 7.959 Thread 0x00000270ca656a50 DEOPT UNPACKING pc=0x00000270beb946a2 sp=0x0000007280ffe6a0 mode 2
Event: 7.959 Thread 0x00000270ca656a50 Uncommon trap: trap_request=0xffffffde fr.pc=0x00000270bf1c42f0 relative=0x00000000000003d0
Event: 7.959 Thread 0x00000270ca656a50 Uncommon trap: reason=class_check action=maybe_recompile pc=0x00000270bf1c42f0 method=java.util.stream.AbstractPipeline.copyIntoWithCancel(Ljava/util/stream/Sink;Ljava/util/Spliterator;)Z @ 32 c2
Event: 7.959 Thread 0x00000270ca656a50 DEOPT PACKING pc=0x00000270bf1c42f0 sp=0x0000007280ffe7e0
Event: 7.959 Thread 0x00000270ca656a50 DEOPT UNPACKING pc=0x00000270beb946a2 sp=0x0000007280ffe6a0 mode 2
Event: 8.068 Thread 0x00000270e52d66c0 Uncommon trap: trap_request=0xffffff45 fr.pc=0x00000270bf46f258 relative=0x00000000000019f8
Event: 8.068 Thread 0x00000270e52d66c0 Uncommon trap: reason=unstable_if action=reinterpret pc=0x00000270bf46f258 method=groovy.lang.MetaClassImpl.checkIfStdMethod(Lgroovy/lang/MetaMethod;)V @ 55 c2
Event: 8.068 Thread 0x00000270e52d66c0 DEOPT PACKING pc=0x00000270bf46f258 sp=0x00000072fe9f5ca0
Event: 8.068 Thread 0x00000270e52d66c0 DEOPT UNPACKING pc=0x00000270beb946a2 sp=0x00000072fe9f5c40 mode 2
Event: 8.068 Thread 0x00000270e52d66c0 Uncommon trap: trap_request=0xffffff45 fr.pc=0x00000270bf47e734 relative=0x0000000000000a34
Event: 8.068 Thread 0x00000270e52d66c0 Uncommon trap: reason=unstable_if action=reinterpret pc=0x00000270bf47e734 method=groovy.lang.MetaClassImpl.checkIfStdMethod(Lgroovy/lang/MetaMethod;)V @ 55 c2
Event: 8.068 Thread 0x00000270e52d66c0 DEOPT PACKING pc=0x00000270bf47e734 sp=0x00000072fe9f5c70
Event: 8.068 Thread 0x00000270e52d66c0 DEOPT UNPACKING pc=0x00000270beb946a2 sp=0x00000072fe9f5c38 mode 2
Event: 8.258 Thread 0x00000270e52d66c0 Uncommon trap: trap_request=0xffffff45 fr.pc=0x00000270bf398448 relative=0x00000000000008e8
Event: 8.258 Thread 0x00000270e52d66c0 Uncommon trap: reason=unstable_if action=reinterpret pc=0x00000270bf398448 method=org.objectweb.asm.Frame.execute(IILorg/objectweb/asm/Symbol;Lorg/objectweb/asm/SymbolTable;)V @ 1 c2
Event: 8.258 Thread 0x00000270e52d66c0 DEOPT PACKING pc=0x00000270bf398448 sp=0x00000072fe9f6130
Event: 8.258 Thread 0x00000270e52d66c0 DEOPT UNPACKING pc=0x00000270beb946a2 sp=0x00000072fe9f60b8 mode 2

Classes loaded (20 events):
Event: 7.996 Loading class java/util/concurrent/CompletableFuture$AsyncSupply
Event: 7.996 Loading class java/util/concurrent/CompletableFuture$AsyncSupply done
Event: 7.997 Loading class java/util/concurrent/CompletableFuture$UniExceptionally
Event: 7.997 Loading class java/util/concurrent/CompletableFuture$UniCompletion
Event: 7.998 Loading class java/util/concurrent/CompletableFuture$UniCompletion done
Event: 7.998 Loading class java/util/concurrent/CompletableFuture$UniExceptionally done
Event: 7.998 Loading class java/util/concurrent/CompletableFuture$Signaller
Event: 7.998 Loading class java/util/concurrent/CompletableFuture$Signaller done
Event: 8.130 Loading class java/util/zip/ZipInputStream
Event: 8.131 Loading class java/util/zip/ZipInputStream done
Event: 8.167 Loading class java/util/concurrent/atomic/AtomicIntegerArray
Event: 8.167 Loading class java/util/concurrent/atomic/AtomicIntegerArray done
Event: 8.168 Loading class java/util/Currency
Event: 8.169 Loading class java/util/Currency done
Event: 8.172 Loading class java/util/concurrent/atomic/AtomicLongArray
Event: 8.172 Loading class java/util/concurrent/atomic/AtomicLongArray done
Event: 8.185 Loading class java/nio/file/PathMatcher
Event: 8.185 Loading class java/nio/file/PathMatcher done
Event: 8.250 Loading class java/util/zip/ZipOutputStream
Event: 8.250 Loading class java/util/zip/ZipOutputStream done

Classes unloaded (0 events):
No events

Classes redefined (0 events):
No events

Internal exceptions (20 events):
Event: 8.041 Thread 0x00000270e52d66c0 Exception <a 'java/lang/ClassNotFoundException'{0x00000000eb231900}: org/eclipse/jgit/internal/storage/file/FileRepositoryCustomizer> (0x00000000eb231900)
thrown [s\open\src\hotspot\share\classfile\systemDictionary.cpp, line 312]
Event: 8.043 Thread 0x00000270e52d66c0 Exception <a 'java/lang/ClassNotFoundException'{0x00000000eb274448}: org/ajoberstar/grgit/RepositoryBeanInfo> (0x00000000eb274448)
thrown [s\open\src\hotspot\share\classfile\systemDictionary.cpp, line 312]
Event: 8.043 Thread 0x00000270e52d66c0 Exception <a 'java/lang/ClassNotFoundException'{0x00000000eb27fdc0}: org/ajoberstar/grgit/RepositoryCustomizer> (0x00000000eb27fdc0)
thrown [s\open\src\hotspot\share\classfile\systemDictionary.cpp, line 312]
Event: 8.050 Thread 0x00000270e52d66c0 Exception <a 'java/lang/ClassNotFoundException'{0x00000000eb1398b8}: org/ajoberstar/grgit/service/BranchServiceBeanInfo> (0x00000000eb1398b8)
thrown [s\open\src\hotspot\share\classfile\systemDictionary.cpp, line 312]
Event: 8.050 Thread 0x00000270e52d66c0 Exception <a 'java/lang/ClassNotFoundException'{0x00000000eb146618}: org/ajoberstar/grgit/service/BranchServiceCustomizer> (0x00000000eb146618)
thrown [s\open\src\hotspot\share\classfile\systemDictionary.cpp, line 312]
Event: 8.053 Thread 0x00000270e52d66c0 Exception <a 'java/lang/ClassNotFoundException'{0x00000000eb006970}: org/ajoberstar/grgit/service/RemoteServiceBeanInfo> (0x00000000eb006970)
thrown [s\open\src\hotspot\share\classfile\systemDictionary.cpp, line 312]
Event: 8.054 Thread 0x00000270e52d66c0 Exception <a 'java/lang/ClassNotFoundException'{0x00000000eb0136d8}: org/ajoberstar/grgit/service/RemoteServiceCustomizer> (0x00000000eb0136d8)
thrown [s\open\src\hotspot\share\classfile\systemDictionary.cpp, line 312]
Event: 8.056 Thread 0x00000270e52d66c0 Exception <a 'java/lang/ClassNotFoundException'{0x00000000eb080840}: org/ajoberstar/grgit/service/TagServiceBeanInfo> (0x00000000eb080840)
thrown [s\open\src\hotspot\share\classfile\systemDictionary.cpp, line 312]
Event: 8.057 Thread 0x00000270e52d66c0 Exception <a 'java/lang/ClassNotFoundException'{0x00000000eb08d590}: org/ajoberstar/grgit/service/TagServiceCustomizer> (0x00000000eb08d590)
thrown [s\open\src\hotspot\share\classfile\systemDictionary.cpp, line 312]
Event: 8.059 Thread 0x00000270e52d66c0 Exception <a 'java/lang/ClassNotFoundException'{0x00000000eb0f2ab0}: org/ajoberstar/grgit/service/ResolveServiceBeanInfo> (0x00000000eb0f2ab0)
thrown [s\open\src\hotspot\share\classfile\systemDictionary.cpp, line 312]
Event: 8.060 Thread 0x00000270e52d66c0 Exception <a 'java/lang/ClassNotFoundException'{0x00000000eb0ff818}: org/ajoberstar/grgit/service/ResolveServiceCustomizer> (0x00000000eb0ff818)
thrown [s\open\src\hotspot\share\classfile\systemDictionary.cpp, line 312]
Event: 8.068 Thread 0x00000270e52d66c0 Exception <a 'java/lang/ClassNotFoundException'{0x00000000eafb4480}: org/gradle/internal/extensibility/DefaultConventionBeanInfo> (0x00000000eafb4480)
thrown [s\open\src\hotspot\share\classfile\systemDictionary.cpp, line 312]
Event: 8.069 Thread 0x00000270e52d66c0 Exception <a 'java/lang/ClassNotFoundException'{0x00000000eafca920}: org/gradle/internal/extensibility/DefaultConventionCustomizer> (0x00000000eafca920)
thrown [s\open\src\hotspot\share\classfile\systemDictionary.cpp, line 312]
Event: 8.072 Thread 0x00000270e52d66c0 Exception <a 'java/lang/ClassNotFoundException'{0x00000000eae1ebf0}: org/gradle/api/plugins/ConventionBeanInfo> (0x00000000eae1ebf0)
thrown [s\open\src\hotspot\share\classfile\systemDictionary.cpp, line 312]
Event: 8.072 Thread 0x00000270e52d66c0 Exception <a 'java/lang/ClassNotFoundException'{0x00000000eae34cb0}: org/gradle/api/plugins/ConventionCustomizer> (0x00000000eae34cb0)
thrown [s\open\src\hotspot\share\classfile\systemDictionary.cpp, line 312]
Event: 8.073 Thread 0x00000270e52d66c0 Exception <a 'java/lang/ClassNotFoundException'{0x00000000eae5aa98}: org/gradle/api/plugins/ExtensionContainerBeanInfo> (0x00000000eae5aa98)
thrown [s\open\src\hotspot\share\classfile\systemDictionary.cpp, line 312]
Event: 8.074 Thread 0x00000270e52d66c0 Exception <a 'java/lang/ClassNotFoundException'{0x00000000eae70d38}: org/gradle/api/plugins/ExtensionContainerCustomizer> (0x00000000eae70d38)
thrown [s\open\src\hotspot\share\classfile\systemDictionary.cpp, line 312]
Event: 8.075 Thread 0x00000270e52d66c0 Exception <a 'java/lang/ClassNotFoundException'{0x00000000eaea53a8}: org/gradle/api/internal/plugins/ExtensionContainerInternalBeanInfo> (0x00000000eaea53a8)
thrown [s\open\src\hotspot\share\classfile\systemDictionary.cpp, line 312]
Event: 8.075 Thread 0x00000270e52d66c0 Exception <a 'java/lang/ClassNotFoundException'{0x00000000eaebba10}: org/gradle/api/internal/plugins/ExtensionContainerInternalCustomizer> (0x00000000eaebba10)
thrown [s\open\src\hotspot\share\classfile\systemDictionary.cpp, line 312]
Event: 8.280 Thread 0x00000270e52d66c0 Exception <a 'java/lang/NoSuchMethodError'{0x00000000e9a22210}: 'void java.lang.invoke.DirectMethodHandle$Holder.invokeSpecialIFC(java.lang.Object, java.lang.Object, java.lang.Object, java.lang.Object)'> (0x00000000e9a22210)
thrown [s\open\src\hotspot\share\interpreter\linkResolver.cpp, line 773]

ZGC Phase Switch (0 events):
No events

VM Operations (20 events):
Event: 7.346 Executing VM operation: HandshakeAllThreads (Deoptimize)
Event: 7.347 Executing VM operation: HandshakeAllThreads (Deoptimize) done
Event: 7.386 Executing VM operation: HandshakeAllThreads (Deoptimize)
Event: 7.386 Executing VM operation: HandshakeAllThreads (Deoptimize) done
Event: 7.487 Executing VM operation: HandshakeAllThreads (Deoptimize)
Event: 7.487 Executing VM operation: HandshakeAllThreads (Deoptimize) done
Event: 7.905 Executing VM operation: HandshakeAllThreads (Deoptimize)
Event: 7.905 Executing VM operation: HandshakeAllThreads (Deoptimize) done
Event: 7.960 Executing VM operation: HandshakeAllThreads (Deoptimize)
Event: 7.960 Executing VM operation: HandshakeAllThreads (Deoptimize) done
Event: 7.980 Executing VM operation: HandshakeAllThreads (Deoptimize)
Event: 7.981 Executing VM operation: HandshakeAllThreads (Deoptimize) done
Event: 8.062 Executing VM operation: ICBufferFull
Event: 8.062 Executing VM operation: ICBufferFull done
Event: 8.286 Executing VM operation: CollectForMetadataAllocation (Metadata GC Threshold)
Event: 8.301 Executing VM operation: CollectForMetadataAllocation (Metadata GC Threshold) done
Event: 8.319 Executing VM operation: G1PauseRemark
Event: 8.323 Executing VM operation: G1PauseRemark done
Event: 8.331 Executing VM operation: G1PauseCleanup
Event: 8.331 Executing VM operation: G1PauseCleanup done

Events (20 events):
Event: 8.322 Thread 0x00000270ca1d3970 flushing nmethod 0x00000270bf298790
Event: 8.322 Thread 0x00000270ca1d3970 flushing nmethod 0x00000270bf2a6090
Event: 8.322 Thread 0x00000270ca1d3970 flushing nmethod 0x00000270bf1fd490
Event: 8.322 Thread 0x00000270ca1d3970 flushing nmethod 0x00000270bf28bf10
Event: 8.322 Thread 0x00000270ca1d3970 flushing nmethod 0x00000270bf1e7390
Event: 8.322 Thread 0x00000270ca1d3970 flushing nmethod 0x00000270bf292710
Event: 8.322 Thread 0x00000270ca1d3970 flushing nmethod 0x00000270bf29cf90
Event: 8.322 Thread 0x00000270ca1d3970 flushing nmethod 0x00000270bf1f4a10
Event: 8.322 Thread 0x00000270ca1d3970 flushing nmethod 0x00000270bf289f10
Event: 8.322 Thread 0x00000270ca1d3970 flushing nmethod 0x00000270bf189610
Event: 8.322 Thread 0x00000270ca1d3970 flushing nmethod 0x00000270bf277990
Event: 8.322 Thread 0x00000270ca1d3970 flushing nmethod 0x00000270bf216110
Event: 8.322 Thread 0x00000270ca1d3970 flushing nmethod 0x00000270bf21bb90
Event: 8.322 Thread 0x00000270ca1d3970 flushing nmethod 0x00000270bf151d10
Event: 8.322 Thread 0x00000270ca1d3970 flushing nmethod 0x00000270bf1cc190
Event: 8.322 Thread 0x00000270ca1d3970 flushing nmethod 0x00000270bf182710
Event: 8.322 Thread 0x00000270ca1d3970 flushing nmethod 0x00000270bf1c0490
Event: 8.322 Thread 0x00000270ca1d3970 flushing nmethod 0x00000270bf16c110
Event: 8.322 Thread 0x00000270ca1d3970 flushing nmethod 0x00000270bf166290
Event: 8.322 Thread 0x00000270ca1d3970 flushing nmethod 0x00000270bf0e0a10


Dynamic libraries:
0x00007ff7ab380000 - 0x00007ff7ab38e000 	C:\Users\Lenovo\.jdks\openjdk-21.0.1\bin\java.exe
0x00007ff9a2460000 - 0x00007ff9a2669000 	C:\WINDOWS\SYSTEM32\ntdll.dll
0x00007ff9a0ee0000 - 0x00007ff9a0f9d000 	C:\WINDOWS\System32\KERNEL32.DLL
0x00007ff99f990000 - 0x00007ff99fd14000 	C:\WINDOWS\System32\KERNELBASE.dll
0x00007ff99fee0000 - 0x00007ff99fff1000 	C:\WINDOWS\System32\ucrtbase.dll
0x00007ff98fd00000 - 0x00007ff98fd1b000 	C:\Users\Lenovo\.jdks\openjdk-21.0.1\bin\VCRUNTIME140.dll
0x00007ff991cc0000 - 0x00007ff991cd8000 	C:\Users\Lenovo\.jdks\openjdk-21.0.1\bin\jli.dll
0x00007ff9a1f00000 - 0x00007ff9a20ad000 	C:\WINDOWS\System32\USER32.dll
0x00007ff99fd20000 - 0x00007ff99fd46000 	C:\WINDOWS\System32\win32u.dll
0x00007ff9a1380000 - 0x00007ff9a13aa000 	C:\WINDOWS\System32\GDI32.dll
0x00007ff989760000 - 0x00007ff989a05000 	C:\WINDOWS\WinSxS\amd64_microsoft.windows.common-controls_6595b64144ccf1df_6.0.22000.120_none_9d947278b86cc467\COMCTL32.dll
0x00007ff99fdc0000 - 0x00007ff99fede000 	C:\WINDOWS\System32\gdi32full.dll
0x00007ff9a0b00000 - 0x00007ff9a0ba3000 	C:\WINDOWS\System32\msvcrt.dll
0x00007ff99f8f0000 - 0x00007ff99f98d000 	C:\WINDOWS\System32\msvcp_win.dll
0x00007ff9a0ea0000 - 0x00007ff9a0ed1000 	C:\WINDOWS\System32\IMM32.DLL
0x00007ff99c300000 - 0x00007ff99c30c000 	C:\Users\Lenovo\.jdks\openjdk-21.0.1\bin\vcruntime140_1.dll
0x00007ff97d5e0000 - 0x00007ff97d66e000 	C:\Users\Lenovo\.jdks\openjdk-21.0.1\bin\msvcp140.dll
0x00007ff929c20000 - 0x00007ff92a935000 	C:\Users\Lenovo\.jdks\openjdk-21.0.1\bin\server\jvm.dll
0x00007ff9a14c0000 - 0x00007ff9a156e000 	C:\WINDOWS\System32\ADVAPI32.dll
0x00007ff9a0390000 - 0x00007ff9a042e000 	C:\WINDOWS\System32\sechost.dll
0x00007ff9a0bb0000 - 0x00007ff9a0cd1000 	C:\WINDOWS\System32\RPCRT4.dll
0x00007ff9a13b0000 - 0x00007ff9a141f000 	C:\WINDOWS\System32\WS2_32.dll
0x00007ff99f620000 - 0x00007ff99f66d000 	C:\WINDOWS\SYSTEM32\POWRPROF.dll
0x00007ff997da0000 - 0x00007ff997dd3000 	C:\WINDOWS\SYSTEM32\WINMM.dll
0x00007ff998780000 - 0x00007ff99878a000 	C:\WINDOWS\SYSTEM32\VERSION.dll
0x00007ff99f600000 - 0x00007ff99f613000 	C:\WINDOWS\SYSTEM32\UMPDC.dll
0x00007ff99e9d0000 - 0x00007ff99e9e8000 	C:\WINDOWS\SYSTEM32\kernel.appcore.dll
0x00007ff9958b0000 - 0x00007ff9958ba000 	C:\Users\Lenovo\.jdks\openjdk-21.0.1\bin\jimage.dll
0x00007ff99cc50000 - 0x00007ff99ce71000 	C:\WINDOWS\SYSTEM32\DBGHELP.DLL
0x00007ff995af0000 - 0x00007ff995b21000 	C:\WINDOWS\SYSTEM32\dbgcore.DLL
0x00007ff9a0000000 - 0x00007ff9a007f000 	C:\WINDOWS\System32\bcryptPrimitives.dll
0x00007ff9954c0000 - 0x00007ff9954cf000 	C:\Users\Lenovo\.jdks\openjdk-21.0.1\bin\instrument.dll
0x00007ff98a730000 - 0x00007ff98a74f000 	C:\Users\Lenovo\.jdks\openjdk-21.0.1\bin\java.dll
0x00007ff9a15d0000 - 0x00007ff9a1d95000 	C:\WINDOWS\System32\SHELL32.dll
0x00007ff99d9c0000 - 0x00007ff99e222000 	C:\WINDOWS\SYSTEM32\windows.storage.dll
0x00007ff9a1000000 - 0x00007ff9a1376000 	C:\WINDOWS\System32\combase.dll
0x00007ff99d850000 - 0x00007ff99d9b7000 	C:\WINDOWS\SYSTEM32\wintypes.dll
0x00007ff9a0430000 - 0x00007ff9a051a000 	C:\WINDOWS\System32\SHCORE.dll
0x00007ff9a0fa0000 - 0x00007ff9a0ffd000 	C:\WINDOWS\System32\shlwapi.dll
0x00007ff99f820000 - 0x00007ff99f845000 	C:\WINDOWS\SYSTEM32\profapi.dll
0x00007ff97c650000 - 0x00007ff97c727000 	C:\Users\Lenovo\.jdks\openjdk-21.0.1\bin\jsvml.dll
0x00007ff98a650000 - 0x00007ff98a668000 	C:\Users\Lenovo\.jdks\openjdk-21.0.1\bin\zip.dll
0x00007ff98f6d0000 - 0x00007ff98f6e0000 	C:\Users\Lenovo\.jdks\openjdk-21.0.1\bin\net.dll
0x00007ff999c90000 - 0x00007ff999da4000 	C:\WINDOWS\SYSTEM32\WINHTTP.dll
0x00007ff99ee80000 - 0x00007ff99eee7000 	C:\WINDOWS\system32\mswsock.dll
0x00007ff98a5b0000 - 0x00007ff98a5c6000 	C:\Users\Lenovo\.jdks\openjdk-21.0.1\bin\nio.dll
0x00007ff98e080000 - 0x00007ff98e090000 	C:\Users\Lenovo\.jdks\openjdk-21.0.1\bin\verify.dll
0x00007ff975300000 - 0x00007ff975327000 	C:\Users\Lenovo\.gradle\native\c067742578af261105cb4f569cf0c3c89f3d7b1fecec35dd04571415982c5e48\windows-amd64\native-platform.dll
0x00007ff96c970000 - 0x00007ff96cab4000 	C:\Users\Lenovo\.gradle\native\38dada09dfb8b06ba9b0570ebf7e218e3eb74d4ef43ca46872605cf95ebc2f47\windows-amd64\native-platform-file-events.dll
0x00007ff98deb0000 - 0x00007ff98deba000 	C:\Users\Lenovo\.jdks\openjdk-21.0.1\bin\management.dll
0x00007ff98a720000 - 0x00007ff98a72b000 	C:\Users\Lenovo\.jdks\openjdk-21.0.1\bin\management_ext.dll
0x00007ff9a2160000 - 0x00007ff9a2168000 	C:\WINDOWS\System32\PSAPI.DLL
0x00007ff99f0d0000 - 0x00007ff99f0e8000 	C:\WINDOWS\SYSTEM32\CRYPTSP.dll
0x00007ff99e930000 - 0x00007ff99e965000 	C:\WINDOWS\system32\rsaenh.dll
0x00007ff99ef70000 - 0x00007ff99ef9c000 	C:\WINDOWS\SYSTEM32\USERENV.dll
0x00007ff99f240000 - 0x00007ff99f267000 	C:\WINDOWS\SYSTEM32\bcrypt.dll
0x00007ff99f0c0000 - 0x00007ff99f0cc000 	C:\WINDOWS\SYSTEM32\CRYPTBASE.dll
0x00007ff99e5a0000 - 0x00007ff99e5cd000 	C:\WINDOWS\SYSTEM32\IPHLPAPI.DLL
0x00007ff9a1da0000 - 0x00007ff9a1da9000 	C:\WINDOWS\System32\NSI.dll
0x00007ff98a5a0000 - 0x00007ff98a5a7000 	C:\Users\Lenovo\.jdks\openjdk-21.0.1\bin\extnet.dll
0x00007ff98a430000 - 0x00007ff98a43e000 	C:\Users\Lenovo\.jdks\openjdk-21.0.1\bin\sunmscapi.dll
0x00007ff9a0140000 - 0x00007ff9a02a2000 	C:\WINDOWS\System32\CRYPT32.dll
0x00007ff99f210000 - 0x00007ff99f238000 	C:\WINDOWS\SYSTEM32\ncrypt.dll
0x00007ff99f1d0000 - 0x00007ff99f207000 	C:\WINDOWS\SYSTEM32\NTASN1.dll
0x00007ff975110000 - 0x00007ff975118000 	C:\WINDOWS\system32\wshunix.dll

dbghelp: loaded successfully - version: 4.0.5 - missing functions: none
symbol engine: initialized successfully - sym options: 0x614 - pdb path: .;C:\Users\Lenovo\.jdks\openjdk-21.0.1\bin;C:\WINDOWS\SYSTEM32;C:\WINDOWS\WinSxS\amd64_microsoft.windows.common-controls_6595b64144ccf1df_6.0.22000.120_none_9d947278b86cc467;C:\Users\Lenovo\.jdks\openjdk-21.0.1\bin\server;C:\Users\Lenovo\.gradle\native\c067742578af261105cb4f569cf0c3c89f3d7b1fecec35dd04571415982c5e48\windows-amd64;C:\Users\Lenovo\.gradle\native\38dada09dfb8b06ba9b0570ebf7e218e3eb74d4ef43ca46872605cf95ebc2f47\windows-amd64

VM Arguments:
jvm_args: --add-opens=java.base/java.util=ALL-UNNAMED --add-opens=java.base/java.lang=ALL-UNNAMED --add-opens=java.base/java.lang.invoke=ALL-UNNAMED --add-opens=java.prefs/java.util.prefs=ALL-UNNAMED --add-opens=java.base/java.nio.charset=ALL-UNNAMED --add-opens=java.base/java.net=ALL-UNNAMED --add-opens=java.base/java.util.concurrent.atomic=ALL-UNNAMED -XX:MaxMetaspaceSize=384m -XX:+HeapDumpOnOutOfMemoryError -Xms256m -Xmx512m -Dfile.encoding=GBK -Duser.country=CN -Duser.language=zh -Duser.variant -javaagent:C:\Users\Lenovo\.gradle\wrapper\dists\gradle-8.6-bin\afr5mpiioh2wthjmwnkmdsd5w\gradle-8.6\lib\agents\gradle-instrumentation-agent-8.6.jar
java_command: org.gradle.launcher.daemon.bootstrap.GradleDaemon 8.6
java_class_path (initial): C:\Users\Lenovo\.gradle\wrapper\dists\gradle-8.6-bin\afr5mpiioh2wthjmwnkmdsd5w\gradle-8.6\lib\gradle-launcher-8.6.jar
Launcher Type: SUN_STANDARD

[Global flags]
     intx CICompilerCount                          = 4                                         {product} {ergonomic}
   size_t CompressedClassSpaceSize                 = 335544320                                 {product} {ergonomic}
     uint ConcGCThreads                            = 3                                         {product} {ergonomic}
     uint G1ConcRefinementThreads                  = 10                                        {product} {ergonomic}
   size_t G1HeapRegionSize                         = 1048576                                   {product} {ergonomic}
    uintx GCDrainStackTargetSize                   = 64                                        {product} {ergonomic}
     bool HeapDumpOnOutOfMemoryError               = true                                   {manageable} {command line}
   size_t InitialHeapSize                          = 268435456                                 {product} {command line}
   size_t MarkStackSize                            = 4194304                                   {product} {ergonomic}
   size_t MaxHeapSize                              = 536870912                                 {product} {command line}
   size_t MaxMetaspaceSize                         = 402653184                                 {product} {command line}
   size_t MaxNewSize                               = 321912832                                 {product} {ergonomic}
   size_t MinHeapDeltaBytes                        = 1048576                                   {product} {ergonomic}
   size_t MinHeapSize                              = 268435456                                 {product} {command line}
    uintx NonNMethodCodeHeapSize                   = 5839372                                {pd product} {ergonomic}
    uintx NonProfiledCodeHeapSize                  = 122909434                              {pd product} {ergonomic}
    uintx ProfiledCodeHeapSize                     = 122909434                              {pd product} {ergonomic}
    uintx ReservedCodeCacheSize                    = 251658240                              {pd product} {ergonomic}
     bool SegmentedCodeCache                       = true                                      {product} {ergonomic}
   size_t SoftMaxHeapSize                          = 536870912                              {manageable} {ergonomic}
     bool UseCompressedOops                        = true                           {product lp64_product} {ergonomic}
     bool UseG1GC                                  = true                                      {product} {ergonomic}
     bool UseLargePagesIndividualAllocation        = false                                  {pd product} {ergonomic}

Logging:
Log output configuration:
 #0: stdout all=warning uptime,level,tags foldmultilines=false
 #1: stderr all=off uptime,level,tags foldmultilines=false

Environment Variables:
PATH=C:\Program Files\Common Files\Oracle\Java\javapath;C:\Program Files\Python311\Scripts\;C:\Program Files\Python311\;C:\ProgramData\Oracle\Java\javapath;C:\Program Files (x86)\Common Files\Oracle\Java\javapath;C:\Windows\system32;C:\Windows;C:\Windows\System32\Wbem;C:\Windows\System32\WindowsPowerShell\v1.0\;C:\Windows\System32\OpenSSH\;C:\Program Files (x86)\NVIDIA Corporation\PhysX\Common;C:\Program Files\NVIDIA Corporation\NVIDIA NvDLISR;C:\WINDOWS\system32;C:\WINDOWS;C:\WINDOWS\System32\Wbem;C:\WINDOWS\System32\WindowsPowerShell\v1.0\;C:\WINDOWS\System32\OpenSSH\;D:\Node JS\;C:\ProgramData\chocolatey\bin;D:\Microsoft VS Code\bin;C:\Program Files\dotnet\;D:\apache-maven-3.9.6-bin\bin;D:\apache-maven-3.9.6\bin;D:\Git\cmd;C:\Program Files\MySQL\MySQL Shell 8.0\bin\;C:\Users\Lenovo\AppData\Local\Microsoft\WindowsApps;;D:\intellijidea\IntelliJ IDEA 2020.2.3\bin;;C:\Users\Lenovo\AppData\Roaming\npm;D:\pycharm\PyCharm Community Edition 2022.3.1\bin;;D:\IntelliJ IDEA Community Edition 2024.1.4\bin;
USERNAME=Lenovo
OS=Windows_NT
PROCESSOR_IDENTIFIER=AMD64 Family 25 Model 80 Stepping 0, AuthenticAMD
TMP=C:\Users\Lenovo\AppData\Local\Temp
TEMP=C:\Users\Lenovo\AppData\Local\Temp




Periodic native trim disabled

---------------  S Y S T E M  ---------------

OS:
 Windows 11 , 64 bit Build 22000 (10.0.22000.2538)
OS uptime: 7 days 7:54 hours

CPU: total 12 (initial active 12) (12 cores per cpu, 2 threads per core) family 25 model 80 stepping 0 microcode 0x0, cx8, cmov, fxsr, ht, mmx, 3dnowpref, sse, sse2, sse3, ssse3, sse4a, sse4.1, sse4.2, popcnt, lzcnt, tsc, tscinvbit, avx, avx2, aes, erms, clmul, bmi1, bmi2, adx, sha, fma, vzeroupper, clflush, clflushopt, rdtscp, rdpid, fsrm, f16c, pku, cet_ss
Processor Information for all 12 processors :
  Max Mhz: 2301, Current Mhz: 2301, Mhz Limit: 2301

Memory: 4k page, system-wide physical 14188M (481M free)
TotalPageFile size 39788M (AvailPageFile size 6M)
current process WorkingSet (physical memory assigned to process): 429M, peak: 429M
current process commit charge ("private bytes"): 504M, peak: 505M

vm_info: OpenJDK 64-Bit Server VM (21.0.1+12-29) for windows-amd64 JRE (21.0.1+12-29), built on 2023-10-05T13:27:09Z by "mach5one" with MS VC++ 17.1 (VS2022)

END.
